TCP STREAM TEST from 0.0.0.0 (0.0.0.0) port 0 AF_INET to 10.0.0.67 (10.0.0.67) port 0 AF_INET : demo
Interim result:    9.04 10^6bits/s over 1.35 seconds
Interim result:    8.63 10^6bits/s over 1.05 seconds
Interim result:    8.61 10^6bits/s over 1.00 seconds
Interim result:    8.89 10^6bits/s over 1.00 seconds
Interim result:    9.12 10^6bits/s over 1.08 seconds
Interim result:    9.35 10^6bits/s over 1.02 seconds
Interim result:    9.15 10^6bits/s over 1.02 seconds
Interim result:    9.83 10^6bits/s over 1.17 seconds
Interim result:    8.69 10^6bits/s over 1.13 seconds
Interim result:    8.04 10^6bits/s over 1.08 seconds
Interim result:    6.89 10^6bits/s over 1.43 seconds
Interim result:    9.57 10^6bits/s over 1.10 seconds
Interim result:    8.88 10^6bits/s over 1.08 seconds
Interim result:    8.45 10^6bits/s over 1.06 seconds
Interim result:    8.77 10^6bits/s over 1.09 seconds
Interim result:    9.37 10^6bits/s over 1.08 seconds
Interim result:    8.83 10^6bits/s over 1.07 seconds
Interim result:    8.12 10^6bits/s over 1.08 seconds
Interim result:    8.89 10^6bits/s over 1.08 seconds
Interim result:    6.36 10^6bits/s over 1.40 seconds
Interim result:   10.35 10^6bits/s over 1.03 seconds
Interim result:    9.81 10^6bits/s over 1.06 seconds
Interim result:    7.59 10^6bits/s over 1.29 seconds
Interim result:    7.94 10^6bits/s over 1.09 seconds
Interim result:    8.53 10^6bits/s over 1.08 seconds
Interim result:    9.53 10^6bits/s over 1.05 seconds
Interim result:    9.01 10^6bits/s over 1.06 seconds
Interim result:    8.50 10^6bits/s over 1.06 seconds
Interim result:    7.96 10^6bits/s over 1.07 seconds
Interim result:    8.59 10^6bits/s over 1.07 seconds
Interim result:    9.16 10^6bits/s over 1.07 seconds
Interim result:    8.71 10^6bits/s over 1.05 seconds
Interim result:    7.13 10^6bits/s over 1.21 seconds
Interim result:    8.90 10^6bits/s over 1.03 seconds
Interim result:   10.32 10^6bits/s over 1.04 seconds
Interim result:    8.06 10^6bits/s over 1.28 seconds
Interim result:    7.36 10^6bits/s over 1.16 seconds
Interim result:    9.81 10^6bits/s over 1.10 seconds
Interim result:    7.74 10^6bits/s over 1.27 seconds
Interim result:    9.79 10^6bits/s over 1.07 seconds
Interim result:    8.93 10^6bits/s over 1.09 seconds
Interim result:    8.62 10^6bits/s over 1.05 seconds
Interim result:    8.13 10^6bits/s over 1.05 seconds
Interim result:    8.87 10^6bits/s over 1.06 seconds
Interim result:    8.28 10^6bits/s over 1.08 seconds
Interim result:    7.70 10^6bits/s over 1.07 seconds
Interim result:    8.61 10^6bits/s over 1.05 seconds
Interim result:    9.64 10^6bits/s over 1.07 seconds
Interim result:    9.39 10^6bits/s over 1.02 seconds
Interim result:    8.31 10^6bits/s over 1.14 seconds
Interim result:    7.60 10^6bits/s over 1.09 seconds
Interim result:    8.35 10^6bits/s over 1.07 seconds
Interim result:    8.80 10^6bits/s over 1.09 seconds
Interim result:    8.48 10^6bits/s over 1.05 seconds
Recv   Send    Send                          
Socket Socket  Message  Elapsed              
Size   Size    Size     Time     Throughput  
bytes  bytes   bytes    secs.    10^6bits/sec  

 87380  16384  16384    60.49       8.57   
