TCP STREAM TEST from 0.0.0.0 (0.0.0.0) port 0 AF_INET to 10.0.0.67 (10.0.0.67) port 0 AF_INET : demo
Interim result:    6.39 10^6bits/s over 1.58 seconds
Interim result:    8.72 10^6bits/s over 1.01 seconds
Interim result:    8.48 10^6bits/s over 1.02 seconds
Interim result:    8.65 10^6bits/s over 1.02 seconds
Interim result:    7.60 10^6bits/s over 1.14 seconds
Interim result:    8.67 10^6bits/s over 1.06 seconds
Interim result:    8.53 10^6bits/s over 1.01 seconds
Interim result:    6.57 10^6bits/s over 1.30 seconds
Interim result:    6.18 10^6bits/s over 1.06 seconds
Interim result:    8.04 10^6bits/s over 1.03 seconds
Interim result:    7.64 10^6bits/s over 1.05 seconds
Interim result:    8.40 10^6bits/s over 1.01 seconds
Interim result:    7.98 10^6bits/s over 1.05 seconds
Interim result:    7.42 10^6bits/s over 1.08 seconds
Interim result:    8.29 10^6bits/s over 1.03 seconds
Interim result:    9.67 10^6bits/s over 1.03 seconds
Interim result:    8.83 10^6bits/s over 1.08 seconds
Interim result:    8.78 10^6bits/s over 1.18 seconds
Interim result:    8.24 10^6bits/s over 1.07 seconds
Interim result:    8.66 10^6bits/s over 1.13 seconds
Interim result:    7.74 10^6bits/s over 1.20 seconds
Interim result:    7.70 10^6bits/s over 1.16 seconds
Interim result:    9.26 10^6bits/s over 1.08 seconds
Interim result:    8.47 10^6bits/s over 1.08 seconds
Interim result:    8.03 10^6bits/s over 1.06 seconds
Interim result:    9.13 10^6bits/s over 1.08 seconds
Interim result:    8.62 10^6bits/s over 1.05 seconds
Interim result:    1.05 10^6bits/s over 8.28 seconds
Interim result:    6.71 10^6bits/s over 1.15 seconds
Interim result:    7.31 10^6bits/s over 1.22 seconds
Interim result:    8.42 10^6bits/s over 1.32 seconds
Interim result:    8.17 10^6bits/s over 1.03 seconds
Interim result:    7.61 10^6bits/s over 1.09 seconds
Interim result:    8.47 10^6bits/s over 1.13 seconds
Interim result:    7.15 10^6bits/s over 1.19 seconds
Interim result:    8.70 10^6bits/s over 1.28 seconds
Interim result:    7.24 10^6bits/s over 1.19 seconds
Interim result:    7.82 10^6bits/s over 1.07 seconds
Interim result:    7.96 10^6bits/s over 1.10 seconds
Interim result:    8.11 10^6bits/s over 1.10 seconds
Interim result:    7.08 10^6bits/s over 1.28 seconds
Interim result:    7.95 10^6bits/s over 1.20 seconds
Interim result:    6.68 10^6bits/s over 1.20 seconds
Interim result:    7.24 10^6bits/s over 1.12 seconds
Interim result:    8.42 10^6bits/s over 1.32 seconds
Interim result:    8.16 10^6bits/s over 1.16 seconds
Recv   Send    Send                          
Socket Socket  Message  Elapsed              
Size   Size    Size     Time     Throughput  
bytes  bytes   bytes    secs.    10^6bits/sec  

 87380  16384  16384    60.26       6.94   
