TCP STREAM TEST from 0.0.0.0 (0.0.0.0) port 0 AF_INET to 10.0.0.67 (10.0.0.67) port 0 AF_INET : demo
Interim result:    6.64 10^6bits/s over 1.01 seconds
Interim result:    8.57 10^6bits/s over 1.01 seconds
Interim result:    8.70 10^6bits/s over 1.02 seconds
Interim result:    7.71 10^6bits/s over 1.10 seconds
Interim result:    8.08 10^6bits/s over 1.02 seconds
Interim result:    5.43 10^6bits/s over 1.47 seconds
Interim result:    7.97 10^6bits/s over 1.00 seconds
Interim result:    6.80 10^6bits/s over 1.16 seconds
Interim result:    8.55 10^6bits/s over 1.03 seconds
Interim result:    8.75 10^6bits/s over 1.03 seconds
Interim result:    6.40 10^6bits/s over 1.33 seconds
Interim result:    7.65 10^6bits/s over 1.06 seconds
Interim result:    6.81 10^6bits/s over 1.12 seconds
Interim result:    0.86 10^6bits/s over 9.40 seconds
Interim result:    6.93 10^6bits/s over 1.00 seconds
Interim result:    3.48 10^6bits/s over 2.00 seconds
Interim result:    7.53 10^6bits/s over 1.01 seconds
Interim result:    8.52 10^6bits/s over 1.01 seconds
Interim result:    9.05 10^6bits/s over 1.01 seconds
Interim result:    8.42 10^6bits/s over 1.07 seconds
Interim result:    7.50 10^6bits/s over 1.12 seconds
Interim result:    8.30 10^6bits/s over 1.01 seconds
Interim result:    8.52 10^6bits/s over 1.01 seconds
Interim result:    8.74 10^6bits/s over 1.03 seconds
Interim result:    8.74 10^6bits/s over 1.03 seconds
Interim result:    8.49 10^6bits/s over 1.03 seconds
Interim result:    8.90 10^6bits/s over 1.02 seconds
Interim result:    8.39 10^6bits/s over 1.06 seconds
Interim result:    5.15 10^6bits/s over 1.63 seconds
Interim result:    6.95 10^6bits/s over 1.07 seconds
Interim result:    7.64 10^6bits/s over 1.05 seconds
Interim result:    8.33 10^6bits/s over 1.02 seconds
Interim result:    8.43 10^6bits/s over 1.06 seconds
Interim result:    7.87 10^6bits/s over 1.07 seconds
Interim result:    6.87 10^6bits/s over 1.11 seconds
Interim result:    4.84 10^6bits/s over 1.43 seconds
Interim result:    1.61 10^6bits/s over 4.97 seconds
Interim result:    7.29 10^6bits/s over 1.08 seconds
Interim result:    7.86 10^6bits/s over 1.00 seconds
Interim result:    8.48 10^6bits/s over 1.07 seconds
Interim result:    8.29 10^6bits/s over 1.03 seconds
Interim result:    7.03 10^6bits/s over 1.17 seconds
Recv   Send    Send                          
Socket Socket  Message  Elapsed              
Size   Size    Size     Time     Throughput  
bytes  bytes   bytes    secs.    10^6bits/sec  

 87380  16384  16384    60.20       5.91   
