TCP STREAM TEST from 0.0.0.0 (0.0.0.0) port 0 AF_INET to 10.0.0.67 (10.0.0.67) port 0 AF_INET : demo
Interim result:    8.81 10^6bits/s over 1.25 seconds
Interim result:    8.72 10^6bits/s over 1.02 seconds
Interim result:    8.64 10^6bits/s over 1.03 seconds
Interim result:    8.82 10^6bits/s over 1.04 seconds
Interim result:    9.11 10^6bits/s over 1.02 seconds
Interim result:    9.10 10^6bits/s over 1.01 seconds
Interim result:    9.36 10^6bits/s over 1.12 seconds
Interim result:    9.42 10^6bits/s over 1.00 seconds
Interim result:    7.78 10^6bits/s over 1.20 seconds
Interim result:    8.25 10^6bits/s over 1.11 seconds
Interim result:    6.40 10^6bits/s over 1.45 seconds
Interim result:   11.02 10^6bits/s over 1.64 seconds
Interim result:    8.70 10^6bits/s over 1.27 seconds
Interim result:    7.87 10^6bits/s over 1.12 seconds
Interim result:    8.14 10^6bits/s over 1.11 seconds
Interim result:    9.20 10^6bits/s over 1.08 seconds
Interim result:    8.34 10^6bits/s over 1.10 seconds
Interim result:    8.86 10^6bits/s over 1.08 seconds
Interim result:    8.94 10^6bits/s over 1.08 seconds
Interim result:    8.48 10^6bits/s over 1.05 seconds
Interim result:    7.81 10^6bits/s over 1.09 seconds
Interim result:    9.17 10^6bits/s over 1.09 seconds
Interim result:    8.31 10^6bits/s over 1.10 seconds
Interim result:    8.31 10^6bits/s over 1.01 seconds
Interim result:    8.53 10^6bits/s over 1.08 seconds
Interim result:    8.43 10^6bits/s over 1.10 seconds
Interim result:    7.92 10^6bits/s over 1.13 seconds
Interim result:    8.97 10^6bits/s over 1.10 seconds
Interim result:    9.02 10^6bits/s over 1.09 seconds
Interim result:    8.28 10^6bits/s over 1.09 seconds
Interim result:    8.49 10^6bits/s over 1.10 seconds
Interim result:    9.27 10^6bits/s over 1.09 seconds
Interim result:    7.98 10^6bits/s over 1.17 seconds
Interim result:    8.35 10^6bits/s over 1.07 seconds
Interim result:    8.25 10^6bits/s over 1.13 seconds
Interim result:    9.35 10^6bits/s over 1.09 seconds
Interim result:    8.13 10^6bits/s over 1.15 seconds
Interim result:    8.43 10^6bits/s over 1.09 seconds
Interim result:    8.81 10^6bits/s over 1.07 seconds
Interim result:    8.36 10^6bits/s over 1.07 seconds
Interim result:    8.87 10^6bits/s over 1.12 seconds
Interim result:    8.69 10^6bits/s over 1.10 seconds
Interim result:    8.61 10^6bits/s over 1.10 seconds
Interim result:    8.04 10^6bits/s over 1.12 seconds
Interim result:    9.02 10^6bits/s over 1.10 seconds
Interim result:    7.57 10^6bits/s over 1.19 seconds
Interim result:    9.64 10^6bits/s over 1.05 seconds
Interim result:    8.62 10^6bits/s over 1.12 seconds
Interim result:    7.83 10^6bits/s over 1.10 seconds
Interim result:    7.79 10^6bits/s over 1.16 seconds
Interim result:    9.47 10^6bits/s over 1.11 seconds
Interim result:    8.51 10^6bits/s over 1.11 seconds
Interim result:    9.08 10^6bits/s over 1.08 seconds
Recv   Send    Send                          
Socket Socket  Message  Elapsed              
Size   Size    Size     Time     Throughput  
bytes  bytes   bytes    secs.    10^6bits/sec  

 87380  16384  16384    60.42       8.53   
