TCP STREAM TEST from 0.0.0.0 (0.0.0.0) port 0 AF_INET to 10.0.0.67 (10.0.0.67) port 0 AF_INET : demo
Interim result:    9.00 10^6bits/s over 1.38 seconds
Interim result:    8.47 10^6bits/s over 1.07 seconds
Interim result:    8.97 10^6bits/s over 1.02 seconds
Interim result:    9.08 10^6bits/s over 1.04 seconds
Interim result:    8.87 10^6bits/s over 1.02 seconds
Interim result:    8.72 10^6bits/s over 1.07 seconds
Interim result:    9.23 10^6bits/s over 1.07 seconds
Interim result:   10.78 10^6bits/s over 1.01 seconds
Interim result:    7.43 10^6bits/s over 1.45 seconds
Interim result:    8.41 10^6bits/s over 1.14 seconds
Interim result:    7.00 10^6bits/s over 1.22 seconds
Interim result:   10.17 10^6bits/s over 1.25 seconds
Interim result:    8.87 10^6bits/s over 1.15 seconds
Interim result:    7.92 10^6bits/s over 1.12 seconds
Interim result:    8.82 10^6bits/s over 1.14 seconds
Interim result:    8.38 10^6bits/s over 1.14 seconds
Interim result:    8.55 10^6bits/s over 1.15 seconds
Interim result:    8.40 10^6bits/s over 1.16 seconds
Interim result:    9.18 10^6bits/s over 1.13 seconds
Interim result:    8.63 10^6bits/s over 1.06 seconds
Interim result:    7.47 10^6bits/s over 1.16 seconds
Interim result:    8.15 10^6bits/s over 1.14 seconds
Interim result:    7.34 10^6bits/s over 1.43 seconds
Interim result:   11.03 10^6bits/s over 1.13 seconds
Interim result:    8.22 10^6bits/s over 1.36 seconds
Interim result:    7.94 10^6bits/s over 1.16 seconds
Interim result:    9.39 10^6bits/s over 1.09 seconds
Interim result:    9.19 10^6bits/s over 1.13 seconds
Interim result:    7.96 10^6bits/s over 1.15 seconds
Interim result:    9.29 10^6bits/s over 1.13 seconds
Interim result:    8.36 10^6bits/s over 1.11 seconds
Interim result:    7.98 10^6bits/s over 1.05 seconds
Interim result:    8.96 10^6bits/s over 1.14 seconds
Interim result:    8.87 10^6bits/s over 1.14 seconds
Interim result:    6.20 10^6bits/s over 1.42 seconds
Interim result:    9.80 10^6bits/s over 1.74 seconds
Interim result:    8.79 10^6bits/s over 1.12 seconds
Interim result:    8.48 10^6bits/s over 1.14 seconds
Interim result:    8.28 10^6bits/s over 1.17 seconds
Interim result:    9.31 10^6bits/s over 1.13 seconds
Interim result:    8.34 10^6bits/s over 1.12 seconds
Interim result:    8.38 10^6bits/s over 1.16 seconds
Interim result:    7.10 10^6bits/s over 1.42 seconds
Interim result:   10.92 10^6bits/s over 1.20 seconds
Interim result:    7.98 10^6bits/s over 1.36 seconds
Interim result:    6.39 10^6bits/s over 1.54 seconds
Interim result:   10.62 10^6bits/s over 2.28 seconds
Interim result:    7.69 10^6bits/s over 1.38 seconds
Interim result:    8.32 10^6bits/s over 1.13 seconds
Recv   Send    Send                          
Socket Socket  Message  Elapsed              
Size   Size    Size     Time     Throughput  
bytes  bytes   bytes    secs.    10^6bits/sec  

 87380  16384  16384    60.54       8.53   
