TCP STREAM TEST from 0.0.0.0 (0.0.0.0) port 0 AF_INET to 10.0.0.67 (10.0.0.67) port 0 AF_INET : demo
Interim result:    8.81 10^6bits/s over 1.19 seconds
Interim result:    8.62 10^6bits/s over 1.03 seconds
Interim result:    8.74 10^6bits/s over 1.00 seconds
Interim result:    8.88 10^6bits/s over 1.02 seconds
Interim result:    9.08 10^6bits/s over 1.01 seconds
Interim result:    9.14 10^6bits/s over 1.08 seconds
Interim result:    9.61 10^6bits/s over 1.02 seconds
Interim result:    9.56 10^6bits/s over 1.01 seconds
Interim result:    8.84 10^6bits/s over 1.08 seconds
Interim result:    8.11 10^6bits/s over 1.08 seconds
Interim result:    8.39 10^6bits/s over 1.09 seconds
Interim result:    7.76 10^6bits/s over 1.18 seconds
Interim result:    9.25 10^6bits/s over 1.09 seconds
Interim result:    8.65 10^6bits/s over 1.08 seconds
Interim result:    8.30 10^6bits/s over 1.04 seconds
Interim result:    8.68 10^6bits/s over 1.09 seconds
Interim result:    8.02 10^6bits/s over 1.08 seconds
Interim result:    9.94 10^6bits/s over 1.07 seconds
Interim result:    7.76 10^6bits/s over 1.28 seconds
Interim result:    9.31 10^6bits/s over 1.08 seconds
Interim result:    7.91 10^6bits/s over 1.18 seconds
Interim result:    8.74 10^6bits/s over 1.08 seconds
Interim result:    8.54 10^6bits/s over 1.03 seconds
Interim result:    7.87 10^6bits/s over 1.08 seconds
Interim result:    8.39 10^6bits/s over 1.20 seconds
Interim result:    9.23 10^6bits/s over 1.07 seconds
Interim result:    8.60 10^6bits/s over 1.07 seconds
Interim result:    8.07 10^6bits/s over 1.07 seconds
Interim result:    9.42 10^6bits/s over 1.04 seconds
Interim result:    8.86 10^6bits/s over 1.05 seconds
Interim result:    8.16 10^6bits/s over 1.09 seconds
Interim result:    8.10 10^6bits/s over 1.12 seconds
Interim result:    8.77 10^6bits/s over 1.08 seconds
Interim result:    8.45 10^6bits/s over 1.04 seconds
Interim result:    9.14 10^6bits/s over 1.09 seconds
Interim result:    8.95 10^6bits/s over 1.02 seconds
Interim result:    8.10 10^6bits/s over 1.10 seconds
Interim result:    7.83 10^6bits/s over 1.12 seconds
Interim result:    8.52 10^6bits/s over 1.08 seconds
Interim result:    9.21 10^6bits/s over 1.07 seconds
Interim result:    8.58 10^6bits/s over 1.07 seconds
Interim result:    8.28 10^6bits/s over 1.05 seconds
Interim result:    8.49 10^6bits/s over 1.10 seconds
Interim result:    8.49 10^6bits/s over 1.11 seconds
Interim result:    9.42 10^6bits/s over 1.06 seconds
Interim result:    8.85 10^6bits/s over 1.07 seconds
Interim result:    7.15 10^6bits/s over 1.23 seconds
Interim result:    9.52 10^6bits/s over 1.07 seconds
Interim result:    9.19 10^6bits/s over 1.04 seconds
Interim result:    8.53 10^6bits/s over 1.08 seconds
Interim result:    6.87 10^6bits/s over 1.24 seconds
Interim result:   10.04 10^6bits/s over 1.06 seconds
Interim result:    7.69 10^6bits/s over 1.30 seconds
Interim result:    8.63 10^6bits/s over 1.06 seconds
Interim result:    9.59 10^6bits/s over 1.05 seconds
Recv   Send    Send                          
Socket Socket  Message  Elapsed              
Size   Size    Size     Time     Throughput  
bytes  bytes   bytes    secs.    10^6bits/sec  

 87380  16384  16384    60.49       8.55   
