TCP STREAM TEST from 0.0.0.0 (0.0.0.0) port 0 AF_INET to 10.0.0.67 (10.0.0.67) port 0 AF_INET : demo
Interim result:    8.63 10^6bits/s over 1.20 seconds
Interim result:    8.36 10^6bits/s over 1.03 seconds
Interim result:    0.93 10^6bits/s over 9.02 seconds
Interim result:    8.44 10^6bits/s over 1.01 seconds
Interim result:    8.32 10^6bits/s over 1.02 seconds
Interim result:    8.51 10^6bits/s over 1.02 seconds
Interim result:    8.31 10^6bits/s over 1.02 seconds
Interim result:    8.89 10^6bits/s over 1.00 seconds
Interim result:    8.75 10^6bits/s over 1.00 seconds
Interim result:   10.02 10^6bits/s over 1.02 seconds
Interim result:    9.71 10^6bits/s over 1.03 seconds
Interim result:    6.85 10^6bits/s over 1.42 seconds
Interim result:    9.18 10^6bits/s over 1.11 seconds
Interim result:    6.67 10^6bits/s over 1.38 seconds
Interim result:    8.36 10^6bits/s over 1.32 seconds
Interim result:    8.01 10^6bits/s over 1.14 seconds
Interim result:    8.65 10^6bits/s over 1.12 seconds
Interim result:    7.63 10^6bits/s over 1.13 seconds
Interim result:    8.34 10^6bits/s over 1.15 seconds
Interim result:    8.71 10^6bits/s over 1.10 seconds
Interim result:    7.70 10^6bits/s over 1.12 seconds
Interim result:    7.72 10^6bits/s over 1.17 seconds
Interim result:    6.99 10^6bits/s over 1.11 seconds
Interim result:    6.94 10^6bits/s over 1.02 seconds
Interim result:    7.40 10^6bits/s over 1.19 seconds
Interim result:    4.24 10^6bits/s over 1.76 seconds
Interim result:    8.01 10^6bits/s over 1.20 seconds
Interim result:    7.43 10^6bits/s over 1.23 seconds
Interim result:    7.68 10^6bits/s over 1.21 seconds
Interim result:    7.78 10^6bits/s over 1.18 seconds
Interim result:    7.93 10^6bits/s over 1.16 seconds
Interim result:    8.68 10^6bits/s over 1.12 seconds
Interim result:    8.61 10^6bits/s over 1.00 seconds
Interim result:    7.09 10^6bits/s over 1.22 seconds
Interim result:    9.17 10^6bits/s over 1.07 seconds
Interim result:    8.62 10^6bits/s over 1.06 seconds
Interim result:    7.30 10^6bits/s over 1.17 seconds
Interim result:    7.95 10^6bits/s over 1.07 seconds
Interim result:    8.73 10^6bits/s over 1.07 seconds
Interim result:    9.67 10^6bits/s over 1.07 seconds
Interim result:    8.94 10^6bits/s over 1.08 seconds
Interim result:    8.23 10^6bits/s over 1.08 seconds
Interim result:    6.94 10^6bits/s over 1.19 seconds
Interim result:    9.33 10^6bits/s over 1.12 seconds
Interim result:    7.47 10^6bits/s over 1.25 seconds
Recv   Send    Send                          
Socket Socket  Message  Elapsed              
Size   Size    Size     Time     Throughput  
bytes  bytes   bytes    secs.    10^6bits/sec  

 87380  16384  16384    60.40       6.84   
