TCP STREAM TEST from 0.0.0.0 (0.0.0.0) port 0 AF_INET to 10.0.0.67 (10.0.0.67) port 0 AF_INET : demo
Interim result:    9.37 10^6bits/s over 1.34 seconds
Interim result:    7.89 10^6bits/s over 1.20 seconds
Interim result:    8.35 10^6bits/s over 1.01 seconds
Interim result:    8.43 10^6bits/s over 1.01 seconds
Interim result:    7.64 10^6bits/s over 1.10 seconds
Interim result:    7.45 10^6bits/s over 1.04 seconds
Interim result:    8.58 10^6bits/s over 1.02 seconds
Interim result:    9.18 10^6bits/s over 1.01 seconds
Interim result:    9.54 10^6bits/s over 1.00 seconds
Interim result:    8.87 10^6bits/s over 1.08 seconds
Interim result:    8.84 10^6bits/s over 1.04 seconds
Interim result:    8.75 10^6bits/s over 1.02 seconds
Interim result:    8.97 10^6bits/s over 1.04 seconds
Interim result:    9.41 10^6bits/s over 1.06 seconds
Interim result:    9.30 10^6bits/s over 1.01 seconds
Interim result:    9.76 10^6bits/s over 1.03 seconds
Interim result:    7.49 10^6bits/s over 1.31 seconds
Interim result:   10.11 10^6bits/s over 1.27 seconds
Interim result:    9.22 10^6bits/s over 1.09 seconds
Interim result:    8.30 10^6bits/s over 1.12 seconds
Interim result:    8.45 10^6bits/s over 1.09 seconds
Interim result:    6.05 10^6bits/s over 1.39 seconds
Interim result:    4.69 10^6bits/s over 1.31 seconds
Interim result:    5.50 10^6bits/s over 1.50 seconds
Interim result:    8.86 10^6bits/s over 1.12 seconds
Interim result:    7.63 10^6bits/s over 1.17 seconds
Interim result:    7.31 10^6bits/s over 1.04 seconds
Interim result:    8.67 10^6bits/s over 1.24 seconds
Interim result:    9.31 10^6bits/s over 1.06 seconds
Interim result:    8.74 10^6bits/s over 1.07 seconds
Interim result:    8.74 10^6bits/s over 1.00 seconds
Interim result:    7.72 10^6bits/s over 1.14 seconds
Interim result:    7.07 10^6bits/s over 1.09 seconds
Interim result:    7.56 10^6bits/s over 1.13 seconds
Interim result:    5.59 10^6bits/s over 1.34 seconds
Interim result:    7.88 10^6bits/s over 1.20 seconds
Interim result:    6.87 10^6bits/s over 1.14 seconds
Interim result:    6.53 10^6bits/s over 1.32 seconds
Interim result:    9.05 10^6bits/s over 1.04 seconds
Interim result:    8.18 10^6bits/s over 1.11 seconds
Interim result:    6.83 10^6bits/s over 1.34 seconds
Interim result:    2.91 10^6bits/s over 2.34 seconds
Interim result:    8.39 10^6bits/s over 1.08 seconds
Interim result:    8.80 10^6bits/s over 1.06 seconds
Interim result:    9.72 10^6bits/s over 1.05 seconds
Interim result:    9.55 10^6bits/s over 1.03 seconds
Interim result:    8.70 10^6bits/s over 1.10 seconds
Interim result:    8.23 10^6bits/s over 1.05 seconds
Interim result:    8.39 10^6bits/s over 1.08 seconds
Interim result:    8.75 10^6bits/s over 1.11 seconds
Interim result:    9.46 10^6bits/s over 1.07 seconds
Interim result:    7.55 10^6bits/s over 1.25 seconds
Recv   Send    Send                          
Socket Socket  Message  Elapsed              
Size   Size    Size     Time     Throughput  
bytes  bytes   bytes    secs.    10^6bits/sec  

 87380  16384  16384    60.38       7.91   
