TCP STREAM TEST from 0.0.0.0 (0.0.0.0) port 0 AF_INET to 10.0.0.67 (10.0.0.67) port 0 AF_INET : demo
Interim result:    8.68 10^6bits/s over 1.01 seconds
Interim result:    8.67 10^6bits/s over 1.03 seconds
Interim result:    8.83 10^6bits/s over 1.02 seconds
Interim result:    8.61 10^6bits/s over 1.03 seconds
Interim result:    9.13 10^6bits/s over 1.02 seconds
Interim result:    9.13 10^6bits/s over 1.00 seconds
Interim result:    9.00 10^6bits/s over 1.06 seconds
Interim result:    6.19 10^6bits/s over 1.46 seconds
Interim result:    5.84 10^6bits/s over 1.05 seconds
Interim result:    8.59 10^6bits/s over 1.10 seconds
Interim result:    8.35 10^6bits/s over 1.02 seconds
Interim result:    5.27 10^6bits/s over 1.59 seconds
Interim result:    8.06 10^6bits/s over 1.45 seconds
Interim result:    8.15 10^6bits/s over 1.08 seconds
Interim result:    8.42 10^6bits/s over 1.11 seconds
Interim result:    8.67 10^6bits/s over 1.07 seconds
Interim result:    9.23 10^6bits/s over 1.05 seconds
Interim result:    8.54 10^6bits/s over 1.07 seconds
Interim result:    9.08 10^6bits/s over 1.08 seconds
Interim result:    8.49 10^6bits/s over 1.08 seconds
Interim result:    8.02 10^6bits/s over 1.14 seconds
Interim result:    8.89 10^6bits/s over 1.09 seconds
Interim result:    7.63 10^6bits/s over 1.55 seconds
Interim result:    9.64 10^6bits/s over 1.28 seconds
Interim result:    9.22 10^6bits/s over 1.05 seconds
Interim result:    7.45 10^6bits/s over 1.23 seconds
Interim result:    8.69 10^6bits/s over 1.03 seconds
Interim result:    9.55 10^6bits/s over 1.07 seconds
Interim result:    8.72 10^6bits/s over 1.08 seconds
Interim result:    8.17 10^6bits/s over 1.07 seconds
Interim result:    9.02 10^6bits/s over 1.06 seconds
Interim result:    8.42 10^6bits/s over 1.06 seconds
Interim result:    8.08 10^6bits/s over 1.05 seconds
Interim result:    8.75 10^6bits/s over 1.06 seconds
Interim result:    7.72 10^6bits/s over 1.14 seconds
Interim result:    8.83 10^6bits/s over 1.13 seconds
Interim result:    8.58 10^6bits/s over 1.04 seconds
Interim result:    8.97 10^6bits/s over 1.08 seconds
Interim result:    8.06 10^6bits/s over 1.12 seconds
Interim result:    7.63 10^6bits/s over 1.05 seconds
Interim result:   10.10 10^6bits/s over 1.05 seconds
Interim result:    7.97 10^6bits/s over 1.27 seconds
Interim result:    8.73 10^6bits/s over 1.07 seconds
Interim result:    8.18 10^6bits/s over 1.06 seconds
Interim result:    9.11 10^6bits/s over 1.05 seconds
Interim result:    8.73 10^6bits/s over 1.05 seconds
Interim result:    8.24 10^6bits/s over 1.05 seconds
Interim result:    6.84 10^6bits/s over 1.21 seconds
Interim result:   10.55 10^6bits/s over 1.03 seconds
Interim result:    8.25 10^6bits/s over 1.29 seconds
Interim result:    8.97 10^6bits/s over 1.11 seconds
Interim result:    8.01 10^6bits/s over 1.11 seconds
Interim result:    9.39 10^6bits/s over 1.05 seconds
Recv   Send    Send                          
Socket Socket  Message  Elapsed              
Size   Size    Size     Time     Throughput  
bytes  bytes   bytes    secs.    10^6bits/sec  

 87380  16384  16384    60.45       8.31   
