TCP STREAM TEST from 0.0.0.0 (0.0.0.0) port 0 AF_INET to 10.0.0.67 (10.0.0.67) port 0 AF_INET : demo
Interim result:    6.64 10^6bits/s over 1.22 seconds
Interim result:    7.42 10^6bits/s over 1.02 seconds
Interim result:    6.45 10^6bits/s over 1.14 seconds
Interim result:    5.90 10^6bits/s over 1.09 seconds
Interim result:    7.46 10^6bits/s over 1.00 seconds
Interim result:    7.88 10^6bits/s over 1.02 seconds
Interim result:    7.71 10^6bits/s over 1.02 seconds
Interim result:    8.11 10^6bits/s over 1.02 seconds
Interim result:    7.88 10^6bits/s over 1.03 seconds
Interim result:    7.80 10^6bits/s over 1.03 seconds
Interim result:    8.08 10^6bits/s over 1.02 seconds
Interim result:    6.65 10^6bits/s over 1.22 seconds
Interim result:    7.18 10^6bits/s over 1.06 seconds
Interim result:    7.74 10^6bits/s over 1.08 seconds
Interim result:    8.34 10^6bits/s over 1.04 seconds
Interim result:    7.69 10^6bits/s over 1.07 seconds
Interim result:    8.12 10^6bits/s over 1.05 seconds
Interim result:    8.45 10^6bits/s over 1.02 seconds
Interim result:    8.12 10^6bits/s over 1.03 seconds
Interim result:    7.37 10^6bits/s over 1.10 seconds
Interim result:    9.49 10^6bits/s over 1.01 seconds
Interim result:    8.67 10^6bits/s over 1.10 seconds
Interim result:   10.43 10^6bits/s over 1.02 seconds
Interim result:    7.90 10^6bits/s over 1.33 seconds
Interim result:    9.73 10^6bits/s over 1.02 seconds
Interim result:    6.64 10^6bits/s over 1.46 seconds
Interim result:    9.82 10^6bits/s over 1.21 seconds
Interim result:    8.95 10^6bits/s over 1.22 seconds
Interim result:    9.83 10^6bits/s over 1.03 seconds
Interim result:    9.28 10^6bits/s over 1.06 seconds
Interim result:    7.15 10^6bits/s over 1.30 seconds
Interim result:    8.85 10^6bits/s over 1.26 seconds
Interim result:   10.49 10^6bits/s over 1.02 seconds
Interim result:    8.34 10^6bits/s over 1.26 seconds
Interim result:    7.96 10^6bits/s over 1.04 seconds
Interim result:    8.25 10^6bits/s over 1.22 seconds
Interim result:   10.15 10^6bits/s over 1.02 seconds
Interim result:    7.26 10^6bits/s over 1.39 seconds
Interim result:   10.01 10^6bits/s over 1.22 seconds
Interim result:    8.16 10^6bits/s over 1.24 seconds
Interim result:    9.57 10^6bits/s over 1.04 seconds
Interim result:    9.56 10^6bits/s over 1.00 seconds
Interim result:    9.13 10^6bits/s over 1.05 seconds
Interim result:    8.76 10^6bits/s over 1.03 seconds
Interim result:    8.47 10^6bits/s over 1.04 seconds
Interim result:    8.30 10^6bits/s over 1.20 seconds
Interim result:    7.39 10^6bits/s over 1.13 seconds
Interim result:   11.07 10^6bits/s over 1.04 seconds
Interim result:    8.92 10^6bits/s over 1.23 seconds
Interim result:    8.56 10^6bits/s over 1.04 seconds
Interim result:    7.47 10^6bits/s over 1.19 seconds
Interim result:    9.80 10^6bits/s over 1.24 seconds
Interim result:    8.00 10^6bits/s over 1.23 seconds
Recv   Send    Send                          
Socket Socket  Message  Elapsed              
Size   Size    Size     Time     Throughput  
bytes  bytes   bytes    secs.    10^6bits/sec  

 87380  16384  16384    60.43       8.28   
