TCP STREAM TEST from 0.0.0.0 (0.0.0.0) port 0 AF_INET to 10.0.0.67 (10.0.0.67) port 0 AF_INET : demo
Interim result:    8.50 10^6bits/s over 1.53 seconds
Interim result:    8.49 10^6bits/s over 1.00 seconds
Interim result:    8.67 10^6bits/s over 1.03 seconds
Interim result:    9.02 10^6bits/s over 1.03 seconds
Interim result:    7.37 10^6bits/s over 1.37 seconds
Interim result:   10.06 10^6bits/s over 1.06 seconds
Interim result:    8.36 10^6bits/s over 1.21 seconds
Interim result:    8.01 10^6bits/s over 1.05 seconds
Interim result:    7.60 10^6bits/s over 1.05 seconds
Interim result:    7.93 10^6bits/s over 1.04 seconds
Interim result:    8.68 10^6bits/s over 1.10 seconds
Interim result:    8.99 10^6bits/s over 1.04 seconds
Interim result:    7.92 10^6bits/s over 1.14 seconds
Interim result:    6.62 10^6bits/s over 1.19 seconds
Interim result:    8.45 10^6bits/s over 1.05 seconds
Interim result:    8.72 10^6bits/s over 1.04 seconds
Interim result:    8.08 10^6bits/s over 1.09 seconds
Interim result:    7.75 10^6bits/s over 1.03 seconds
Interim result:    8.80 10^6bits/s over 1.07 seconds
Interim result:    8.04 10^6bits/s over 1.11 seconds
Interim result:    7.96 10^6bits/s over 1.00 seconds
Interim result:    8.05 10^6bits/s over 1.07 seconds
Interim result:    8.35 10^6bits/s over 1.07 seconds
Interim result:    7.18 10^6bits/s over 1.17 seconds
Interim result:    6.99 10^6bits/s over 1.31 seconds
Interim result:    7.97 10^6bits/s over 1.00 seconds
Interim result:    9.31 10^6bits/s over 1.07 seconds
Interim result:    7.16 10^6bits/s over 1.30 seconds
Interim result:    7.32 10^6bits/s over 1.11 seconds
Interim result:    7.43 10^6bits/s over 1.06 seconds
Interim result:    6.99 10^6bits/s over 1.07 seconds
Interim result:    8.38 10^6bits/s over 1.00 seconds
Interim result:    7.00 10^6bits/s over 1.20 seconds
Interim result:    7.77 10^6bits/s over 1.10 seconds
Interim result:    7.44 10^6bits/s over 1.04 seconds
Interim result:    7.17 10^6bits/s over 1.04 seconds
Interim result:    6.99 10^6bits/s over 1.11 seconds
Interim result:    6.84 10^6bits/s over 1.02 seconds
Interim result:    7.47 10^6bits/s over 1.04 seconds
Interim result:    8.44 10^6bits/s over 1.06 seconds
Interim result:    6.63 10^6bits/s over 1.26 seconds
Interim result:    6.39 10^6bits/s over 1.05 seconds
Interim result:    7.33 10^6bits/s over 1.16 seconds
Interim result:    7.12 10^6bits/s over 1.03 seconds
Interim result:    7.56 10^6bits/s over 1.09 seconds
Interim result:    5.26 10^6bits/s over 1.44 seconds
Interim result:    6.17 10^6bits/s over 1.17 seconds
Interim result:    7.87 10^6bits/s over 1.08 seconds
Interim result:    9.15 10^6bits/s over 1.07 seconds
Interim result:    8.54 10^6bits/s over 1.11 seconds
Interim result:    6.53 10^6bits/s over 1.32 seconds
Interim result:    7.65 10^6bits/s over 1.22 seconds
Interim result:    7.09 10^6bits/s over 1.07 seconds
Recv   Send    Send                          
Socket Socket  Message  Elapsed              
Size   Size    Size     Time     Throughput  
bytes  bytes   bytes    secs.    10^6bits/sec  

 87380  16384  16384    61.20       7.52   
