TCP STREAM TEST from 0.0.0.0 (0.0.0.0) port 0 AF_INET to 10.0.0.67 (10.0.0.67) port 0 AF_INET : demo
Interim result:    8.00 10^6bits/s over 1.29 seconds
Interim result:    8.86 10^6bits/s over 1.01 seconds
Interim result:    8.69 10^6bits/s over 1.03 seconds
Interim result:    9.40 10^6bits/s over 1.02 seconds
Interim result:    9.00 10^6bits/s over 1.05 seconds
Interim result:    8.35 10^6bits/s over 1.08 seconds
Interim result:    8.88 10^6bits/s over 1.00 seconds
Interim result:    8.74 10^6bits/s over 1.03 seconds
Interim result:    9.20 10^6bits/s over 1.10 seconds
Interim result:    9.58 10^6bits/s over 1.07 seconds
Interim result:    9.33 10^6bits/s over 1.03 seconds
Interim result:    6.62 10^6bits/s over 1.40 seconds
Interim result:    8.32 10^6bits/s over 1.13 seconds
Interim result:    8.83 10^6bits/s over 1.08 seconds
Interim result:    7.65 10^6bits/s over 1.15 seconds
Interim result:    5.67 10^6bits/s over 1.34 seconds
Interim result:    5.30 10^6bits/s over 1.09 seconds
Interim result:    7.20 10^6bits/s over 1.58 seconds
Interim result:    9.55 10^6bits/s over 1.10 seconds
Interim result:    9.05 10^6bits/s over 1.06 seconds
Interim result:    6.65 10^6bits/s over 1.36 seconds
Interim result:    7.54 10^6bits/s over 1.15 seconds
Interim result:    8.38 10^6bits/s over 1.16 seconds
Interim result:    9.08 10^6bits/s over 1.08 seconds
Interim result:    8.14 10^6bits/s over 1.11 seconds
Interim result:    7.96 10^6bits/s over 1.12 seconds
Interim result:    9.13 10^6bits/s over 1.11 seconds
Interim result:    8.27 10^6bits/s over 1.09 seconds
Interim result:    7.84 10^6bits/s over 1.14 seconds
Interim result:    8.52 10^6bits/s over 1.08 seconds
Interim result:    9.99 10^6bits/s over 1.04 seconds
Interim result:    8.84 10^6bits/s over 1.13 seconds
Interim result:    8.23 10^6bits/s over 1.08 seconds
Interim result:    9.05 10^6bits/s over 1.06 seconds
Interim result:    7.99 10^6bits/s over 1.15 seconds
Interim result:    7.62 10^6bits/s over 1.14 seconds
Interim result:    8.88 10^6bits/s over 1.12 seconds
Interim result:    8.52 10^6bits/s over 1.05 seconds
Interim result:    8.60 10^6bits/s over 1.11 seconds
Interim result:    7.79 10^6bits/s over 1.16 seconds
Interim result:   10.53 10^6bits/s over 1.05 seconds
Interim result:    7.95 10^6bits/s over 1.32 seconds
Interim result:    7.57 10^6bits/s over 1.14 seconds
Interim result:    9.62 10^6bits/s over 1.06 seconds
Interim result:    9.02 10^6bits/s over 1.06 seconds
Interim result:    8.66 10^6bits/s over 1.04 seconds
Interim result:    8.08 10^6bits/s over 1.07 seconds
Interim result:    9.64 10^6bits/s over 1.09 seconds
Interim result:    8.87 10^6bits/s over 1.08 seconds
Interim result:    8.58 10^6bits/s over 1.04 seconds
Interim result:    8.22 10^6bits/s over 1.05 seconds
Interim result:    7.77 10^6bits/s over 1.05 seconds
Interim result:    9.40 10^6bits/s over 1.28 seconds
Recv   Send    Send                          
Socket Socket  Message  Elapsed              
Size   Size    Size     Time     Throughput  
bytes  bytes   bytes    secs.    10^6bits/sec  

 87380  16384  16384    60.47       8.32   
