TCP STREAM TEST from 0.0.0.0 (0.0.0.0) port 0 AF_INET to 10.0.0.67 (10.0.0.67) port 0 AF_INET : demo
Interim result:    7.66 10^6bits/s over 1.01 seconds
Interim result:    8.77 10^6bits/s over 1.00 seconds
Interim result:    8.06 10^6bits/s over 1.07 seconds
Interim result:    8.80 10^6bits/s over 1.01 seconds
Interim result:    9.08 10^6bits/s over 1.02 seconds
Interim result:    8.96 10^6bits/s over 1.01 seconds
Interim result:    8.75 10^6bits/s over 1.03 seconds
Interim result:    8.28 10^6bits/s over 1.04 seconds
Interim result:    6.06 10^6bits/s over 1.38 seconds
Interim result:    8.35 10^6bits/s over 1.13 seconds
Interim result:    7.55 10^6bits/s over 1.11 seconds
Interim result:    7.47 10^6bits/s over 1.14 seconds
Interim result:    4.07 10^6bits/s over 1.84 seconds
Interim result:    8.74 10^6bits/s over 1.22 seconds
Interim result:    4.81 10^6bits/s over 1.82 seconds
Interim result:    6.80 10^6bits/s over 1.20 seconds
Interim result:    9.49 10^6bits/s over 1.05 seconds
Interim result:    7.32 10^6bits/s over 1.29 seconds
Interim result:    8.98 10^6bits/s over 1.02 seconds
Interim result:    5.04 10^6bits/s over 1.77 seconds
Interim result:    7.64 10^6bits/s over 1.06 seconds
Interim result:    3.72 10^6bits/s over 2.04 seconds
Interim result:    7.21 10^6bits/s over 1.11 seconds
Interim result:    7.62 10^6bits/s over 1.13 seconds
Interim result:    8.41 10^6bits/s over 1.18 seconds
Interim result:   10.19 10^6bits/s over 1.02 seconds
Interim result:    8.09 10^6bits/s over 1.26 seconds
Interim result:    6.70 10^6bits/s over 1.21 seconds
Interim result:    7.81 10^6bits/s over 1.04 seconds
Interim result:    7.23 10^6bits/s over 1.09 seconds
Interim result:    9.98 10^6bits/s over 1.18 seconds
Interim result:    8.28 10^6bits/s over 1.20 seconds
Interim result:    7.46 10^6bits/s over 1.11 seconds
Interim result:    5.91 10^6bits/s over 1.26 seconds
Interim result:    7.53 10^6bits/s over 1.06 seconds
Interim result:    5.68 10^6bits/s over 1.32 seconds
Interim result:    8.46 10^6bits/s over 1.19 seconds
Interim result:    4.96 10^6bits/s over 1.69 seconds
Interim result:    7.62 10^6bits/s over 1.01 seconds
Interim result:    8.49 10^6bits/s over 1.19 seconds
Interim result:    9.65 10^6bits/s over 1.02 seconds
Interim result:    3.79 10^6bits/s over 2.56 seconds
Interim result:    6.83 10^6bits/s over 1.23 seconds
Recv   Send    Send                          
Socket Socket  Message  Elapsed              
Size   Size    Size     Time     Throughput  
bytes  bytes   bytes    secs.    10^6bits/sec  

 87380  16384  16384    81.79       4.75   
