TCP STREAM TEST from 0.0.0.0 (0.0.0.0) port 0 AF_INET to 10.0.0.67 (10.0.0.67) port 0 AF_INET : demo
Interim result:    8.81 10^6bits/s over 1.10 seconds
Interim result:    8.80 10^6bits/s over 1.03 seconds
Interim result:    8.51 10^6bits/s over 1.02 seconds
Interim result:    9.37 10^6bits/s over 1.01 seconds
Interim result:    8.63 10^6bits/s over 1.08 seconds
Interim result:    9.19 10^6bits/s over 1.06 seconds
Interim result:    9.18 10^6bits/s over 1.10 seconds
Interim result:    9.99 10^6bits/s over 1.05 seconds
Interim result:    8.32 10^6bits/s over 1.20 seconds
Interim result:    8.15 10^6bits/s over 1.22 seconds
Interim result:    9.50 10^6bits/s over 1.01 seconds
Interim result:    8.32 10^6bits/s over 1.15 seconds
Interim result:    7.70 10^6bits/s over 1.19 seconds
Interim result:    8.80 10^6bits/s over 1.03 seconds
Interim result:   10.16 10^6bits/s over 1.03 seconds
Interim result:    8.38 10^6bits/s over 1.22 seconds
Interim result:    7.97 10^6bits/s over 1.05 seconds
Interim result:    9.76 10^6bits/s over 1.01 seconds
Interim result:    8.08 10^6bits/s over 1.22 seconds
Interim result:    9.61 10^6bits/s over 1.01 seconds
Interim result:    7.26 10^6bits/s over 1.32 seconds
Interim result:    8.47 10^6bits/s over 1.04 seconds
Interim result:    9.49 10^6bits/s over 1.05 seconds
Interim result:    9.20 10^6bits/s over 1.03 seconds
Interim result:    7.90 10^6bits/s over 1.16 seconds
Interim result:    7.72 10^6bits/s over 1.04 seconds
Interim result:    8.88 10^6bits/s over 1.03 seconds
Interim result:    8.76 10^6bits/s over 1.02 seconds
Interim result:    8.50 10^6bits/s over 1.03 seconds
Interim result:    8.21 10^6bits/s over 1.21 seconds
Interim result:   10.28 10^6bits/s over 1.03 seconds
Interim result:    8.29 10^6bits/s over 1.23 seconds
Interim result:    8.38 10^6bits/s over 1.00 seconds
Interim result:    7.36 10^6bits/s over 1.19 seconds
Interim result:    9.53 10^6bits/s over 1.03 seconds
Interim result:    9.29 10^6bits/s over 1.03 seconds
Interim result:    7.54 10^6bits/s over 1.23 seconds
Interim result:    8.28 10^6bits/s over 1.08 seconds
Interim result:   10.13 10^6bits/s over 1.01 seconds
Interim result:    8.08 10^6bits/s over 1.25 seconds
Interim result:    7.79 10^6bits/s over 1.04 seconds
Interim result:    9.04 10^6bits/s over 1.03 seconds
Interim result:    8.15 10^6bits/s over 1.11 seconds
Interim result:    6.05 10^6bits/s over 1.34 seconds
Interim result:    9.81 10^6bits/s over 1.03 seconds
Interim result:    8.02 10^6bits/s over 1.23 seconds
Interim result:    8.46 10^6bits/s over 1.08 seconds
Interim result:    8.32 10^6bits/s over 1.02 seconds
Interim result:    9.18 10^6bits/s over 1.06 seconds
Interim result:    8.78 10^6bits/s over 1.05 seconds
Interim result:    7.75 10^6bits/s over 1.13 seconds
Interim result:    7.49 10^6bits/s over 1.03 seconds
Interim result:    9.15 10^6bits/s over 1.00 seconds
Interim result:    8.72 10^6bits/s over 1.05 seconds
Recv   Send    Send                          
Socket Socket  Message  Elapsed              
Size   Size    Size     Time     Throughput  
bytes  bytes   bytes    secs.    10^6bits/sec  

 87380  16384  16384    60.45       8.50   
