TCP STREAM TEST from 0.0.0.0 (0.0.0.0) port 0 AF_INET to 10.0.0.67 (10.0.0.67) port 0 AF_INET : demo
Interim result:    8.81 10^6bits/s over 1.20 seconds
Interim result:    8.81 10^6bits/s over 1.04 seconds
Interim result:    8.68 10^6bits/s over 1.03 seconds
Interim result:    8.90 10^6bits/s over 1.03 seconds
Interim result:    8.76 10^6bits/s over 1.02 seconds
Interim result:    9.53 10^6bits/s over 1.00 seconds
Interim result:    9.33 10^6bits/s over 1.01 seconds
Interim result:    9.21 10^6bits/s over 1.01 seconds
Interim result:    8.82 10^6bits/s over 1.05 seconds
Interim result:    8.18 10^6bits/s over 1.20 seconds
Interim result:    9.66 10^6bits/s over 1.10 seconds
Interim result:    8.22 10^6bits/s over 1.18 seconds
Interim result:    7.28 10^6bits/s over 1.12 seconds
Interim result:   10.17 10^6bits/s over 1.11 seconds
Interim result:    7.47 10^6bits/s over 1.37 seconds
Interim result:    9.17 10^6bits/s over 1.01 seconds
Interim result:    8.86 10^6bits/s over 1.12 seconds
Interim result:    9.47 10^6bits/s over 1.08 seconds
Interim result:    8.34 10^6bits/s over 1.13 seconds
Interim result:    8.76 10^6bits/s over 1.09 seconds
Interim result:    7.99 10^6bits/s over 1.10 seconds
Interim result:    7.98 10^6bits/s over 1.00 seconds
Interim result:    8.23 10^6bits/s over 1.10 seconds
Interim result:    8.09 10^6bits/s over 1.12 seconds
Interim result:    7.77 10^6bits/s over 1.05 seconds
Interim result:    8.56 10^6bits/s over 1.12 seconds
Interim result:    8.57 10^6bits/s over 1.12 seconds
Interim result:    9.49 10^6bits/s over 1.12 seconds
Interim result:    8.68 10^6bits/s over 1.09 seconds
Interim result:    9.17 10^6bits/s over 1.09 seconds
Interim result:    8.17 10^6bits/s over 1.12 seconds
Interim result:    8.17 10^6bits/s over 1.11 seconds
Interim result:    8.80 10^6bits/s over 1.13 seconds
Interim result:    7.65 10^6bits/s over 1.15 seconds
Interim result:    9.03 10^6bits/s over 1.13 seconds
Interim result:    8.10 10^6bits/s over 1.12 seconds
Interim result:    7.66 10^6bits/s over 1.35 seconds
Interim result:    9.70 10^6bits/s over 1.01 seconds
Interim result:    8.99 10^6bits/s over 1.08 seconds
Interim result:    8.05 10^6bits/s over 1.12 seconds
Interim result:    8.91 10^6bits/s over 1.12 seconds
Interim result:    8.94 10^6bits/s over 1.11 seconds
Interim result:    8.83 10^6bits/s over 1.11 seconds
Interim result:    7.81 10^6bits/s over 1.12 seconds
Interim result:    9.25 10^6bits/s over 1.12 seconds
Interim result:    6.75 10^6bits/s over 1.38 seconds
Interim result:   10.27 10^6bits/s over 1.53 seconds
Interim result:    9.46 10^6bits/s over 1.08 seconds
Interim result:    7.08 10^6bits/s over 1.35 seconds
Interim result:    9.18 10^6bits/s over 1.14 seconds
Interim result:    8.28 10^6bits/s over 1.11 seconds
Interim result:    9.03 10^6bits/s over 1.07 seconds
Interim result:    8.01 10^6bits/s over 1.13 seconds
Recv   Send    Send                          
Socket Socket  Message  Elapsed              
Size   Size    Size     Time     Throughput  
bytes  bytes   bytes    secs.    10^6bits/sec  

 87380  16384  16384    60.62       8.54   
