TCP STREAM TEST from 0.0.0.0 (0.0.0.0) port 0 AF_INET to 10.0.0.67 (10.0.0.67) port 0 AF_INET : demo
Interim result:    8.98 10^6bits/s over 1.33 seconds
Interim result:    8.60 10^6bits/s over 1.04 seconds
Interim result:    8.74 10^6bits/s over 1.05 seconds
Interim result:    9.16 10^6bits/s over 1.03 seconds
Interim result:    9.60 10^6bits/s over 1.01 seconds
Interim result:    9.10 10^6bits/s over 1.05 seconds
Interim result:    9.03 10^6bits/s over 1.02 seconds
Interim result:   10.45 10^6bits/s over 1.12 seconds
Interim result:    7.78 10^6bits/s over 1.35 seconds
Interim result:    8.55 10^6bits/s over 1.06 seconds
Interim result:    7.04 10^6bits/s over 1.41 seconds
Interim result:    9.92 10^6bits/s over 1.20 seconds
Interim result:    9.34 10^6bits/s over 1.07 seconds
Interim result:    8.65 10^6bits/s over 1.08 seconds
Interim result:    7.97 10^6bits/s over 1.08 seconds
Interim result:    8.72 10^6bits/s over 1.07 seconds
Interim result:    9.41 10^6bits/s over 1.09 seconds
Interim result:    9.01 10^6bits/s over 1.05 seconds
Interim result:    8.54 10^6bits/s over 1.06 seconds
Interim result:    6.14 10^6bits/s over 1.39 seconds
Interim result:   11.12 10^6bits/s over 1.28 seconds
Interim result:    8.76 10^6bits/s over 1.27 seconds
Interim result:    8.11 10^6bits/s over 1.08 seconds
Interim result:    7.42 10^6bits/s over 1.10 seconds
Interim result:    8.09 10^6bits/s over 1.07 seconds
Interim result:    9.54 10^6bits/s over 1.04 seconds
Interim result:    9.16 10^6bits/s over 1.05 seconds
Interim result:    8.65 10^6bits/s over 1.06 seconds
Interim result:    8.19 10^6bits/s over 1.06 seconds
Interim result:    8.78 10^6bits/s over 1.07 seconds
Interim result:    8.23 10^6bits/s over 1.07 seconds
Interim result:    9.18 10^6bits/s over 1.07 seconds
Interim result:    6.54 10^6bits/s over 1.40 seconds
Interim result:    9.99 10^6bits/s over 1.64 seconds
Interim result:    9.41 10^6bits/s over 1.07 seconds
Interim result:    8.77 10^6bits/s over 1.06 seconds
Interim result:    8.56 10^6bits/s over 1.03 seconds
Interim result:    8.05 10^6bits/s over 1.07 seconds
Interim result:    8.98 10^6bits/s over 1.05 seconds
Interim result:    8.48 10^6bits/s over 1.07 seconds
Interim result:    9.12 10^6bits/s over 1.08 seconds
Interim result:    8.37 10^6bits/s over 1.08 seconds
Interim result:    9.71 10^6bits/s over 1.04 seconds
Interim result:    7.72 10^6bits/s over 1.26 seconds
Interim result:   10.07 10^6bits/s over 1.05 seconds
Interim result:    7.49 10^6bits/s over 1.35 seconds
Interim result:    8.06 10^6bits/s over 1.07 seconds
Interim result:    8.83 10^6bits/s over 1.07 seconds
Interim result:    9.12 10^6bits/s over 1.09 seconds
Interim result:    7.68 10^6bits/s over 1.19 seconds
Interim result:    8.54 10^6bits/s over 1.07 seconds
Interim result:   10.07 10^6bits/s over 1.03 seconds
Interim result:    7.90 10^6bits/s over 1.28 seconds
Recv   Send    Send                          
Socket Socket  Message  Elapsed              
Size   Size    Size     Time     Throughput  
bytes  bytes   bytes    secs.    10^6bits/sec  

 87380  16384  16384    60.46       8.61   
