TCP STREAM TEST from 0.0.0.0 (0.0.0.0) port 0 AF_INET to 10.0.0.67 (10.0.0.67) port 0 AF_INET : demo
Interim result:    8.78 10^6bits/s over 1.33 seconds
Interim result:    8.27 10^6bits/s over 1.06 seconds
Interim result:    8.55 10^6bits/s over 1.03 seconds
Interim result:    8.40 10^6bits/s over 1.05 seconds
Interim result:    9.23 10^6bits/s over 1.02 seconds
Interim result:    8.14 10^6bits/s over 1.14 seconds
Interim result:    9.83 10^6bits/s over 1.11 seconds
Interim result:    7.36 10^6bits/s over 1.34 seconds
Interim result:   11.28 10^6bits/s over 1.32 seconds
Interim result:    8.29 10^6bits/s over 1.36 seconds
Interim result:    6.98 10^6bits/s over 1.18 seconds
Interim result:    8.71 10^6bits/s over 1.07 seconds
Interim result:    7.50 10^6bits/s over 1.21 seconds
Interim result:    8.88 10^6bits/s over 1.15 seconds
Interim result:    7.54 10^6bits/s over 1.18 seconds
Interim result:    7.87 10^6bits/s over 1.20 seconds
Interim result:    8.28 10^6bits/s over 1.16 seconds
Interim result:    7.76 10^6bits/s over 1.20 seconds
Interim result:    5.92 10^6bits/s over 1.31 seconds
Interim result:   10.03 10^6bits/s over 1.57 seconds
Interim result:    7.00 10^6bits/s over 1.44 seconds
Interim result:    7.13 10^6bits/s over 1.38 seconds
Interim result:    9.24 10^6bits/s over 1.01 seconds
Interim result:    7.19 10^6bits/s over 1.28 seconds
Interim result:    6.87 10^6bits/s over 1.05 seconds
Interim result:    7.70 10^6bits/s over 1.11 seconds
Interim result:    8.37 10^6bits/s over 1.14 seconds
Interim result:    8.32 10^6bits/s over 1.13 seconds
Interim result:    4.31 10^6bits/s over 1.91 seconds
Interim result:    7.53 10^6bits/s over 1.11 seconds
Interim result:    7.25 10^6bits/s over 1.05 seconds
Interim result:    6.32 10^6bits/s over 1.24 seconds
Interim result:    8.19 10^6bits/s over 1.18 seconds
Interim result:    8.59 10^6bits/s over 1.08 seconds
Interim result:    8.84 10^6bits/s over 1.10 seconds
Interim result:    9.31 10^6bits/s over 1.08 seconds
Interim result:    8.55 10^6bits/s over 1.09 seconds
Interim result:    9.94 10^6bits/s over 1.05 seconds
Interim result:    7.08 10^6bits/s over 1.39 seconds
Interim result:    8.94 10^6bits/s over 1.28 seconds
Interim result:    8.68 10^6bits/s over 1.04 seconds
Interim result:    7.28 10^6bits/s over 1.19 seconds
Interim result:    7.24 10^6bits/s over 1.21 seconds
Interim result:    8.55 10^6bits/s over 1.15 seconds
Interim result:    9.00 10^6bits/s over 1.09 seconds
Interim result:    7.68 10^6bits/s over 1.18 seconds
Interim result:    7.69 10^6bits/s over 1.21 seconds
Interim result:    7.89 10^6bits/s over 1.21 seconds
Interim result:    7.66 10^6bits/s over 1.23 seconds
Recv   Send    Send                          
Socket Socket  Message  Elapsed              
Size   Size    Size     Time     Throughput  
bytes  bytes   bytes    secs.    10^6bits/sec  

 87380  16384  16384    60.88       7.88   
