TCP STREAM TEST from 0.0.0.0 (0.0.0.0) port 0 AF_INET to 10.0.0.67 (10.0.0.67) port 0 AF_INET : demo
Interim result:    8.62 10^6bits/s over 1.02 seconds
Interim result:    8.54 10^6bits/s over 1.03 seconds
Interim result:    8.62 10^6bits/s over 1.00 seconds
Interim result:    8.42 10^6bits/s over 1.01 seconds
Interim result:    8.90 10^6bits/s over 1.00 seconds
Interim result:    9.10 10^6bits/s over 1.05 seconds
Interim result:    8.87 10^6bits/s over 1.02 seconds
Interim result:    8.69 10^6bits/s over 1.15 seconds
Interim result:    7.40 10^6bits/s over 1.08 seconds
Interim result:    8.72 10^6bits/s over 1.37 seconds
Interim result:    7.53 10^6bits/s over 1.22 seconds
Interim result:    8.02 10^6bits/s over 1.16 seconds
Interim result:    8.12 10^6bits/s over 1.13 seconds
Interim result:    8.49 10^6bits/s over 1.10 seconds
Interim result:    8.30 10^6bits/s over 1.14 seconds
Interim result:    8.24 10^6bits/s over 1.18 seconds
Interim result:    8.10 10^6bits/s over 1.13 seconds
Interim result:    8.92 10^6bits/s over 1.12 seconds
Interim result:    7.97 10^6bits/s over 1.12 seconds
Interim result:    6.98 10^6bits/s over 1.43 seconds
Interim result:    9.81 10^6bits/s over 1.11 seconds
Interim result:    8.99 10^6bits/s over 1.09 seconds
Interim result:    8.13 10^6bits/s over 1.10 seconds
Interim result:    7.26 10^6bits/s over 1.12 seconds
Interim result:    9.62 10^6bits/s over 1.12 seconds
Interim result:    8.67 10^6bits/s over 1.10 seconds
Interim result:    7.58 10^6bits/s over 1.16 seconds
Interim result:    8.15 10^6bits/s over 1.13 seconds
Interim result:    8.09 10^6bits/s over 1.12 seconds
Interim result:    8.42 10^6bits/s over 1.10 seconds
Interim result:    8.33 10^6bits/s over 1.13 seconds
Interim result:    8.76 10^6bits/s over 1.09 seconds
Interim result:    7.57 10^6bits/s over 1.16 seconds
Interim result:    8.25 10^6bits/s over 1.14 seconds
Interim result:    8.97 10^6bits/s over 1.13 seconds
Interim result:    8.11 10^6bits/s over 1.12 seconds
Interim result:    7.33 10^6bits/s over 1.09 seconds
Interim result:    8.14 10^6bits/s over 1.18 seconds
Interim result:    8.38 10^6bits/s over 1.11 seconds
Interim result:    8.34 10^6bits/s over 1.12 seconds
Interim result:    8.82 10^6bits/s over 1.08 seconds
Interim result:    8.25 10^6bits/s over 1.14 seconds
Interim result:    8.09 10^6bits/s over 1.17 seconds
Interim result:    8.12 10^6bits/s over 1.11 seconds
Interim result:    8.93 10^6bits/s over 1.12 seconds
Interim result:    8.16 10^6bits/s over 1.09 seconds
Interim result:    7.04 10^6bits/s over 1.15 seconds
Interim result:    9.69 10^6bits/s over 1.11 seconds
Interim result:    6.55 10^6bits/s over 1.48 seconds
Interim result:    9.35 10^6bits/s over 1.23 seconds
Interim result:    8.50 10^6bits/s over 1.11 seconds
Interim result:    8.99 10^6bits/s over 1.09 seconds
Interim result:    8.01 10^6bits/s over 1.13 seconds
Recv   Send    Send                          
Socket Socket  Message  Elapsed              
Size   Size    Size     Time     Throughput  
bytes  bytes   bytes    secs.    10^6bits/sec  

 87380  16384  16384    60.54       8.24   
