TCP STREAM TEST from 0.0.0.0 (0.0.0.0) port 0 AF_INET to 10.0.0.67 (10.0.0.67) port 0 AF_INET : demo
Interim result:    9.39 10^6bits/s over 1.15 seconds
Interim result:    8.81 10^6bits/s over 1.06 seconds
Interim result:    8.37 10^6bits/s over 1.06 seconds
Interim result:    8.27 10^6bits/s over 1.01 seconds
Interim result:    8.67 10^6bits/s over 1.03 seconds
Interim result:    8.57 10^6bits/s over 1.01 seconds
Interim result:    8.67 10^6bits/s over 1.12 seconds
Interim result:    9.69 10^6bits/s over 1.07 seconds
Interim result:    7.44 10^6bits/s over 1.30 seconds
Interim result:    9.51 10^6bits/s over 1.16 seconds
Interim result:    6.28 10^6bits/s over 1.52 seconds
Interim result:    8.74 10^6bits/s over 1.14 seconds
Interim result:    7.75 10^6bits/s over 1.18 seconds
Interim result:    7.93 10^6bits/s over 1.21 seconds
Interim result:    8.17 10^6bits/s over 1.19 seconds
Interim result:   10.06 10^6bits/s over 1.09 seconds
Interim result:    7.57 10^6bits/s over 1.33 seconds
Interim result:    7.46 10^6bits/s over 1.23 seconds
Interim result:    5.63 10^6bits/s over 1.33 seconds
Interim result:   10.90 10^6bits/s over 1.09 seconds
Interim result:    8.41 10^6bits/s over 1.29 seconds
Interim result:    9.01 10^6bits/s over 1.08 seconds
Interim result:    8.32 10^6bits/s over 1.09 seconds
Interim result:    8.94 10^6bits/s over 1.13 seconds
Interim result:    9.58 10^6bits/s over 1.08 seconds
Interim result:    8.74 10^6bits/s over 1.10 seconds
Interim result:    8.00 10^6bits/s over 1.08 seconds
Interim result:    8.82 10^6bits/s over 1.07 seconds
Interim result:    6.96 10^6bits/s over 1.43 seconds
Interim result:    9.47 10^6bits/s over 1.54 seconds
Interim result:    8.58 10^6bits/s over 1.10 seconds
Interim result:    6.87 10^6bits/s over 1.26 seconds
Interim result:    8.92 10^6bits/s over 1.13 seconds
Interim result:    8.48 10^6bits/s over 1.14 seconds
Interim result:    8.44 10^6bits/s over 1.15 seconds
Interim result:    9.04 10^6bits/s over 1.07 seconds
Interim result:    6.78 10^6bits/s over 1.33 seconds
Interim result:    6.49 10^6bits/s over 1.05 seconds
Interim result:    4.68 10^6bits/s over 1.37 seconds
Interim result:    7.87 10^6bits/s over 1.40 seconds
Interim result:    4.27 10^6bits/s over 1.84 seconds
Interim result:    4.26 10^6bits/s over 2.34 seconds
Interim result:    8.61 10^6bits/s over 1.10 seconds
Interim result:    6.93 10^6bits/s over 1.25 seconds
Interim result:    6.88 10^6bits/s over 1.01 seconds
Interim result:    9.08 10^6bits/s over 1.10 seconds
Interim result:    8.34 10^6bits/s over 1.08 seconds
Interim result:    9.12 10^6bits/s over 1.09 seconds
Interim result:   10.65 10^6bits/s over 1.03 seconds
Recv   Send    Send                          
Socket Socket  Message  Elapsed              
Size   Size    Size     Time     Throughput  
bytes  bytes   bytes    secs.    10^6bits/sec  

 87380  16384  16384    60.59       7.87   
