TCP STREAM TEST from 0.0.0.0 (0.0.0.0) port 0 AF_INET to 10.0.0.67 (10.0.0.67) port 0 AF_INET : demo
Interim result:    8.89 10^6bits/s over 1.31 seconds
Interim result:    8.70 10^6bits/s over 1.02 seconds
Interim result:    9.10 10^6bits/s over 1.01 seconds
Interim result:    9.01 10^6bits/s over 1.00 seconds
Interim result:    9.26 10^6bits/s over 1.03 seconds
Interim result:    9.27 10^6bits/s over 1.00 seconds
Interim result:    9.24 10^6bits/s over 1.01 seconds
Interim result:   10.22 10^6bits/s over 1.04 seconds
Interim result:    9.00 10^6bits/s over 1.14 seconds
Interim result:    8.23 10^6bits/s over 1.08 seconds
Interim result:    8.46 10^6bits/s over 1.10 seconds
Interim result:    7.47 10^6bits/s over 1.14 seconds
Interim result:    9.71 10^6bits/s over 1.13 seconds
Interim result:    8.85 10^6bits/s over 1.10 seconds
Interim result:    8.37 10^6bits/s over 1.07 seconds
Interim result:    8.53 10^6bits/s over 1.11 seconds
Interim result:    8.75 10^6bits/s over 1.11 seconds
Interim result:    9.14 10^6bits/s over 1.09 seconds
Interim result:    8.48 10^6bits/s over 1.08 seconds
Interim result:    7.83 10^6bits/s over 1.16 seconds
Interim result:    9.06 10^6bits/s over 1.06 seconds
Interim result:    8.48 10^6bits/s over 1.07 seconds
Interim result:    8.31 10^6bits/s over 1.12 seconds
Interim result:    8.57 10^6bits/s over 1.10 seconds
Interim result:    8.20 10^6bits/s over 1.04 seconds
Interim result:    8.29 10^6bits/s over 1.11 seconds
Interim result:    8.54 10^6bits/s over 1.14 seconds
Interim result:    8.89 10^6bits/s over 1.11 seconds
Interim result:    9.73 10^6bits/s over 1.08 seconds
Interim result:    8.79 10^6bits/s over 1.10 seconds
Interim result:    7.89 10^6bits/s over 1.11 seconds
Interim result:    8.39 10^6bits/s over 1.12 seconds
Interim result:    8.93 10^6bits/s over 1.09 seconds
Interim result:    7.76 10^6bits/s over 1.15 seconds
Interim result:    9.70 10^6bits/s over 1.09 seconds
Interim result:    8.92 10^6bits/s over 1.09 seconds
Interim result:    6.47 10^6bits/s over 1.38 seconds
Interim result:   10.76 10^6bits/s over 1.01 seconds
Interim result:    8.21 10^6bits/s over 1.31 seconds
Interim result:    9.28 10^6bits/s over 1.13 seconds
Interim result:    8.60 10^6bits/s over 1.08 seconds
Interim result:    8.84 10^6bits/s over 1.11 seconds
Interim result:    7.93 10^6bits/s over 1.11 seconds
Interim result:    8.68 10^6bits/s over 1.12 seconds
Interim result:    9.24 10^6bits/s over 1.11 seconds
Interim result:    7.98 10^6bits/s over 1.17 seconds
Interim result:    8.82 10^6bits/s over 1.12 seconds
Interim result:    8.76 10^6bits/s over 1.12 seconds
Interim result:    7.94 10^6bits/s over 1.11 seconds
Interim result:    8.88 10^6bits/s over 1.06 seconds
Interim result:    8.09 10^6bits/s over 1.10 seconds
Interim result:    8.64 10^6bits/s over 1.09 seconds
Interim result:    9.73 10^6bits/s over 1.05 seconds
Interim result:    8.71 10^6bits/s over 1.11 seconds
Recv   Send    Send                          
Socket Socket  Message  Elapsed              
Size   Size    Size     Time     Throughput  
bytes  bytes   bytes    secs.    10^6bits/sec  

 87380  16384  16384    60.49       8.61   
