TCP STREAM TEST from 0.0.0.0 (0.0.0.0) port 0 AF_INET to 10.0.0.67 (10.0.0.67) port 0 AF_INET : demo
Interim result:    6.13 10^6bits/s over 1.01 seconds
Interim result:    9.14 10^6bits/s over 1.02 seconds
Interim result:    9.03 10^6bits/s over 1.02 seconds
Interim result:    8.80 10^6bits/s over 1.01 seconds
Interim result:    9.13 10^6bits/s over 1.02 seconds
Interim result:    8.79 10^6bits/s over 1.03 seconds
Interim result:    8.76 10^6bits/s over 1.00 seconds
Interim result:    8.86 10^6bits/s over 1.05 seconds
Interim result:    9.93 10^6bits/s over 1.02 seconds
Interim result:    9.64 10^6bits/s over 1.02 seconds
Interim result:    9.51 10^6bits/s over 1.02 seconds
Interim result:    8.13 10^6bits/s over 1.18 seconds
Interim result:    9.69 10^6bits/s over 1.07 seconds
Interim result:    8.19 10^6bits/s over 1.18 seconds
Interim result:    8.29 10^6bits/s over 1.09 seconds
Interim result:    9.03 10^6bits/s over 1.18 seconds
Interim result:    9.04 10^6bits/s over 1.00 seconds
Interim result:    8.69 10^6bits/s over 1.18 seconds
Interim result:    6.38 10^6bits/s over 1.36 seconds
Interim result:    9.85 10^6bits/s over 1.58 seconds
Interim result:    9.70 10^6bits/s over 1.01 seconds
Interim result:    8.15 10^6bits/s over 1.19 seconds
Interim result:    7.69 10^6bits/s over 1.35 seconds
Interim result:    8.98 10^6bits/s over 1.20 seconds
Interim result:    9.25 10^6bits/s over 1.16 seconds
Interim result:    9.03 10^6bits/s over 1.02 seconds
Interim result:    6.88 10^6bits/s over 1.31 seconds
Interim result:    7.71 10^6bits/s over 1.11 seconds
Interim result:    7.41 10^6bits/s over 1.20 seconds
Interim result:    8.33 10^6bits/s over 1.05 seconds
Interim result:    8.88 10^6bits/s over 1.06 seconds
Interim result:    8.71 10^6bits/s over 1.02 seconds
Interim result:    8.49 10^6bits/s over 1.19 seconds
Interim result:    8.51 10^6bits/s over 1.09 seconds
Interim result:    7.70 10^6bits/s over 1.11 seconds
Interim result:    6.30 10^6bits/s over 1.48 seconds
Interim result:    7.99 10^6bits/s over 1.10 seconds
Interim result:    8.47 10^6bits/s over 1.16 seconds
Interim result:   10.28 10^6bits/s over 1.01 seconds
Interim result:    8.52 10^6bits/s over 1.20 seconds
Interim result:    8.36 10^6bits/s over 1.02 seconds
Interim result:    8.16 10^6bits/s over 1.03 seconds
Interim result:    8.79 10^6bits/s over 1.18 seconds
Interim result:    6.39 10^6bits/s over 1.38 seconds
Interim result:    9.13 10^6bits/s over 1.71 seconds
Interim result:    8.85 10^6bits/s over 1.04 seconds
Interim result:    8.77 10^6bits/s over 1.02 seconds
Interim result:    8.52 10^6bits/s over 1.03 seconds
Interim result:    8.32 10^6bits/s over 1.02 seconds
Interim result:    9.77 10^6bits/s over 1.02 seconds
Interim result:    8.24 10^6bits/s over 1.19 seconds
Interim result:    8.42 10^6bits/s over 1.20 seconds
Recv   Send    Send                          
Socket Socket  Message  Elapsed              
Size   Size    Size     Time     Throughput  
bytes  bytes   bytes    secs.    10^6bits/sec  

 87380  16384  16384    60.49       8.44   
