TCP STREAM TEST from 0.0.0.0 (0.0.0.0) port 0 AF_INET to 10.0.0.67 (10.0.0.67) port 0 AF_INET : demo
Interim result:    8.46 10^6bits/s over 1.01 seconds
Interim result:    7.17 10^6bits/s over 1.17 seconds
Interim result:    7.05 10^6bits/s over 1.02 seconds
Interim result:    7.88 10^6bits/s over 1.01 seconds
Interim result:    8.49 10^6bits/s over 1.02 seconds
Interim result:    7.40 10^6bits/s over 1.15 seconds
Interim result:    7.31 10^6bits/s over 1.02 seconds
Interim result:    6.73 10^6bits/s over 1.09 seconds
Interim result:    7.04 10^6bits/s over 1.04 seconds
Interim result:    7.15 10^6bits/s over 1.01 seconds
Interim result:    6.83 10^6bits/s over 1.06 seconds
Interim result:    7.11 10^6bits/s over 1.03 seconds
Interim result:    5.71 10^6bits/s over 1.26 seconds
Interim result:    5.26 10^6bits/s over 1.39 seconds
Interim result:    8.36 10^6bits/s over 1.41 seconds
Interim result:    8.10 10^6bits/s over 1.03 seconds
Interim result:    7.46 10^6bits/s over 1.09 seconds
Interim result:    7.03 10^6bits/s over 1.06 seconds
Interim result:    6.34 10^6bits/s over 1.10 seconds
Interim result:    6.43 10^6bits/s over 1.08 seconds
Interim result:    8.39 10^6bits/s over 1.03 seconds
Interim result:    7.31 10^6bits/s over 1.15 seconds
Interim result:    7.16 10^6bits/s over 1.02 seconds
Interim result:    7.76 10^6bits/s over 1.15 seconds
Interim result:    7.05 10^6bits/s over 1.10 seconds
Interim result:    5.36 10^6bits/s over 1.32 seconds
Interim result:    6.62 10^6bits/s over 1.13 seconds
Interim result:    8.04 10^6bits/s over 1.14 seconds
Interim result:    7.60 10^6bits/s over 1.05 seconds
Interim result:    8.07 10^6bits/s over 1.12 seconds
Interim result:    8.72 10^6bits/s over 1.13 seconds
Interim result:    8.77 10^6bits/s over 1.11 seconds
Interim result:    8.72 10^6bits/s over 1.13 seconds
Interim result:    8.58 10^6bits/s over 1.02 seconds
Interim result:    8.05 10^6bits/s over 1.14 seconds
Interim result:    8.74 10^6bits/s over 1.15 seconds
Interim result:    7.87 10^6bits/s over 1.12 seconds
Interim result:    8.47 10^6bits/s over 1.13 seconds
Interim result:    8.10 10^6bits/s over 1.13 seconds
Interim result:    7.87 10^6bits/s over 1.12 seconds
Interim result:    8.83 10^6bits/s over 1.11 seconds
Interim result:    7.62 10^6bits/s over 1.15 seconds
Interim result:    8.76 10^6bits/s over 1.11 seconds
Interim result:    9.35 10^6bits/s over 1.08 seconds
Interim result:    8.56 10^6bits/s over 1.09 seconds
Interim result:    8.39 10^6bits/s over 1.03 seconds
Interim result:    9.06 10^6bits/s over 1.07 seconds
Interim result:    7.86 10^6bits/s over 1.15 seconds
Interim result:    6.57 10^6bits/s over 1.20 seconds
Interim result:    9.37 10^6bits/s over 1.09 seconds
Interim result:    8.59 10^6bits/s over 1.10 seconds
Interim result:    8.91 10^6bits/s over 1.12 seconds
Interim result:    7.85 10^6bits/s over 1.13 seconds
Interim result:    7.81 10^6bits/s over 1.11 seconds
Recv   Send    Send                          
Socket Socket  Message  Elapsed              
Size   Size    Size     Time     Throughput  
bytes  bytes   bytes    secs.    10^6bits/sec  

 87380  16384  16384    60.65       7.66   
