TCP STREAM TEST from 0.0.0.0 (0.0.0.0) port 0 AF_INET to 10.0.0.67 (10.0.0.67) port 0 AF_INET : demo
Interim result:    8.49 10^6bits/s over 1.05 seconds
Interim result:    8.48 10^6bits/s over 1.01 seconds
Interim result:    8.81 10^6bits/s over 1.03 seconds
Interim result:    1.94 10^6bits/s over 4.45 seconds
Interim result:    8.95 10^6bits/s over 1.01 seconds
Interim result:    8.33 10^6bits/s over 1.07 seconds
Interim result:    8.34 10^6bits/s over 1.01 seconds
Interim result:    8.63 10^6bits/s over 1.02 seconds
Interim result:    9.03 10^6bits/s over 1.02 seconds
Interim result:    9.37 10^6bits/s over 1.09 seconds
Interim result:    8.79 10^6bits/s over 1.12 seconds
Interim result:    9.81 10^6bits/s over 1.19 seconds
Interim result:    8.06 10^6bits/s over 1.22 seconds
Interim result:    8.63 10^6bits/s over 1.08 seconds
Interim result:    5.92 10^6bits/s over 1.46 seconds
Interim result:    6.50 10^6bits/s over 2.20 seconds
Interim result:    6.19 10^6bits/s over 1.06 seconds
Interim result:    5.87 10^6bits/s over 1.05 seconds
Interim result:    5.38 10^6bits/s over 1.10 seconds
Interim result:    5.06 10^6bits/s over 1.06 seconds
Interim result:    7.38 10^6bits/s over 1.15 seconds
Interim result:    8.54 10^6bits/s over 1.30 seconds
Interim result:    8.64 10^6bits/s over 1.11 seconds
Interim result:    8.68 10^6bits/s over 1.12 seconds
Interim result:    7.03 10^6bits/s over 1.23 seconds
Interim result:    6.92 10^6bits/s over 1.14 seconds
Interim result:   10.21 10^6bits/s over 1.05 seconds
Interim result:    4.76 10^6bits/s over 2.15 seconds
Interim result:    5.63 10^6bits/s over 1.19 seconds
Interim result:    3.55 10^6bits/s over 1.59 seconds
Interim result:    9.57 10^6bits/s over 1.52 seconds
Interim result:    7.24 10^6bits/s over 1.32 seconds
Interim result:    9.09 10^6bits/s over 1.08 seconds
Interim result:    8.28 10^6bits/s over 1.11 seconds
Interim result:    7.64 10^6bits/s over 1.17 seconds
Interim result:    9.03 10^6bits/s over 1.09 seconds
Interim result:    8.03 10^6bits/s over 1.13 seconds
Interim result:    7.37 10^6bits/s over 1.21 seconds
Interim result:    9.20 10^6bits/s over 1.13 seconds
Interim result:    8.71 10^6bits/s over 1.05 seconds
Interim result:    7.77 10^6bits/s over 1.11 seconds
Interim result:    7.64 10^6bits/s over 1.18 seconds
Interim result:    9.80 10^6bits/s over 1.07 seconds
Interim result:    7.60 10^6bits/s over 1.29 seconds
Interim result:    9.80 10^6bits/s over 1.07 seconds
Interim result:    7.49 10^6bits/s over 1.31 seconds
Interim result:    9.94 10^6bits/s over 1.06 seconds
Recv   Send    Send                          
Socket Socket  Message  Elapsed              
Size   Size    Size     Time     Throughput  
bytes  bytes   bytes    secs.    10^6bits/sec  

 87380  16384  16384    60.47       7.28   
