TCP STREAM TEST from 0.0.0.0 (0.0.0.0) port 0 AF_INET to 10.0.0.67 (10.0.0.67) port 0 AF_INET : demo
Interim result:   17.44 10^6bits/s over 1.40 seconds
Interim result:   16.93 10^6bits/s over 1.03 seconds
Interim result:   16.80 10^6bits/s over 1.01 seconds
Interim result:   17.10 10^6bits/s over 1.02 seconds
Interim result:   17.10 10^6bits/s over 1.03 seconds
Interim result:   17.58 10^6bits/s over 1.03 seconds
Interim result:   16.17 10^6bits/s over 1.09 seconds
Interim result:   16.86 10^6bits/s over 1.03 seconds
Interim result:   17.59 10^6bits/s over 1.01 seconds
Interim result:   17.36 10^6bits/s over 1.02 seconds
Interim result:   16.67 10^6bits/s over 1.04 seconds
Interim result:   16.48 10^6bits/s over 1.01 seconds
Interim result:   17.26 10^6bits/s over 1.03 seconds
Interim result:   16.97 10^6bits/s over 1.04 seconds
Interim result:   16.79 10^6bits/s over 1.05 seconds
Interim result:   17.16 10^6bits/s over 1.00 seconds
Interim result:   16.68 10^6bits/s over 1.03 seconds
Interim result:   16.97 10^6bits/s over 1.05 seconds
Interim result:   17.22 10^6bits/s over 1.04 seconds
Interim result:   17.06 10^6bits/s over 1.01 seconds
Interim result:   16.47 10^6bits/s over 1.05 seconds
Interim result:   17.09 10^6bits/s over 1.04 seconds
Interim result:   16.92 10^6bits/s over 1.01 seconds
Interim result:   16.92 10^6bits/s over 1.04 seconds
Interim result:   16.88 10^6bits/s over 1.00 seconds
Interim result:   15.89 10^6bits/s over 1.11 seconds
Interim result:   17.70 10^6bits/s over 1.02 seconds
Interim result:   16.88 10^6bits/s over 1.05 seconds
Interim result:   16.31 10^6bits/s over 1.04 seconds
Interim result:   17.69 10^6bits/s over 1.02 seconds
Interim result:   16.91 10^6bits/s over 1.05 seconds
Interim result:   16.19 10^6bits/s over 1.06 seconds
Interim result:   17.03 10^6bits/s over 1.04 seconds
Interim result:   16.56 10^6bits/s over 1.02 seconds
Interim result:   16.36 10^6bits/s over 1.03 seconds
Interim result:   17.33 10^6bits/s over 1.03 seconds
Interim result:   16.98 10^6bits/s over 1.02 seconds
Interim result:   16.56 10^6bits/s over 1.04 seconds
Interim result:   17.20 10^6bits/s over 1.02 seconds
Interim result:   17.76 10^6bits/s over 1.01 seconds
Interim result:   17.65 10^6bits/s over 1.01 seconds
Interim result:   17.10 10^6bits/s over 1.03 seconds
Interim result:   16.29 10^6bits/s over 1.05 seconds
Interim result:   17.34 10^6bits/s over 1.04 seconds
Interim result:   17.65 10^6bits/s over 1.02 seconds
Interim result:   16.54 10^6bits/s over 1.07 seconds
Interim result:   17.76 10^6bits/s over 1.03 seconds
Interim result:   17.05 10^6bits/s over 1.05 seconds
Interim result:   16.69 10^6bits/s over 1.02 seconds
Interim result:   16.47 10^6bits/s over 1.05 seconds
Interim result:   17.16 10^6bits/s over 1.02 seconds
Interim result:   16.49 10^6bits/s over 1.04 seconds
Interim result:   16.67 10^6bits/s over 1.02 seconds
Interim result:   16.40 10^6bits/s over 1.02 seconds
Interim result:   16.23 10^6bits/s over 1.03 seconds
Interim result:   16.82 10^6bits/s over 1.04 seconds
Interim result:   16.79 10^6bits/s over 1.01 seconds
Recv   Send    Send                          
Socket Socket  Message  Elapsed              
Size   Size    Size     Time     Throughput  
bytes  bytes   bytes    secs.    10^6bits/sec  

 87380  16384  16384    60.12      16.89   
