TCP STREAM TEST from 0.0.0.0 (0.0.0.0) port 0 AF_INET to 10.0.0.67 (10.0.0.67) port 0 AF_INET : demo
Interim result:   17.72 10^6bits/s over 1.03 seconds
Interim result:   17.50 10^6bits/s over 1.02 seconds
Interim result:   17.19 10^6bits/s over 1.01 seconds
Interim result:   17.02 10^6bits/s over 1.02 seconds
Interim result:   16.76 10^6bits/s over 1.02 seconds
Interim result:   17.17 10^6bits/s over 1.02 seconds
Interim result:   17.54 10^6bits/s over 1.02 seconds
Interim result:   17.04 10^6bits/s over 1.03 seconds
Interim result:   17.49 10^6bits/s over 1.03 seconds
Interim result:   16.49 10^6bits/s over 1.06 seconds
Interim result:   16.58 10^6bits/s over 1.03 seconds
Interim result:   16.19 10^6bits/s over 1.04 seconds
Interim result:   16.63 10^6bits/s over 1.02 seconds
Interim result:   17.42 10^6bits/s over 1.03 seconds
Interim result:   16.90 10^6bits/s over 1.03 seconds
Interim result:   16.83 10^6bits/s over 1.00 seconds
Interim result:   16.59 10^6bits/s over 1.02 seconds
Interim result:   17.25 10^6bits/s over 1.00 seconds
Interim result:   16.78 10^6bits/s over 1.03 seconds
Interim result:   16.68 10^6bits/s over 1.04 seconds
Interim result:   17.65 10^6bits/s over 1.05 seconds
Interim result:   17.29 10^6bits/s over 1.02 seconds
Interim result:   17.52 10^6bits/s over 1.02 seconds
Interim result:   17.70 10^6bits/s over 1.03 seconds
Interim result:   17.21 10^6bits/s over 1.03 seconds
Interim result:   16.98 10^6bits/s over 1.01 seconds
Interim result:   16.14 10^6bits/s over 1.06 seconds
Interim result:   17.88 10^6bits/s over 1.00 seconds
Interim result:   17.16 10^6bits/s over 1.05 seconds
Interim result:   16.34 10^6bits/s over 1.05 seconds
Interim result:   15.93 10^6bits/s over 1.02 seconds
Interim result:   17.46 10^6bits/s over 1.01 seconds
Interim result:   17.32 10^6bits/s over 1.01 seconds
Interim result:   16.92 10^6bits/s over 1.02 seconds
Interim result:   16.85 10^6bits/s over 1.05 seconds
Interim result:   17.15 10^6bits/s over 1.00 seconds
Interim result:   17.09 10^6bits/s over 1.03 seconds
Interim result:   16.80 10^6bits/s over 1.02 seconds
Interim result:   17.14 10^6bits/s over 1.02 seconds
Interim result:   17.32 10^6bits/s over 1.03 seconds
Interim result:   16.65 10^6bits/s over 1.05 seconds
Interim result:   17.02 10^6bits/s over 1.04 seconds
Interim result:   16.66 10^6bits/s over 1.02 seconds
Interim result:   17.10 10^6bits/s over 1.01 seconds
Interim result:   17.00 10^6bits/s over 1.00 seconds
Interim result:   16.93 10^6bits/s over 1.04 seconds
Interim result:   17.45 10^6bits/s over 1.01 seconds
Interim result:   16.18 10^6bits/s over 1.08 seconds
Interim result:   16.56 10^6bits/s over 1.01 seconds
Interim result:   17.60 10^6bits/s over 1.03 seconds
Interim result:   16.47 10^6bits/s over 1.07 seconds
Interim result:   16.12 10^6bits/s over 1.02 seconds
Interim result:   17.47 10^6bits/s over 1.01 seconds
Interim result:   16.34 10^6bits/s over 1.07 seconds
Interim result:   16.91 10^6bits/s over 1.01 seconds
Interim result:   16.56 10^6bits/s over 1.02 seconds
Interim result:   16.20 10^6bits/s over 1.03 seconds
Interim result:   17.10 10^6bits/s over 1.04 seconds
Recv   Send    Send                          
Socket Socket  Message  Elapsed              
Size   Size    Size     Time     Throughput  
bytes  bytes   bytes    secs.    10^6bits/sec  

 87380  16384  16384    60.10      16.93   
