TCP STREAM TEST from 0.0.0.0 (0.0.0.0) port 0 AF_INET to 10.0.0.67 (10.0.0.67) port 0 AF_INET : demo
Interim result:   17.90 10^6bits/s over 1.08 seconds
Interim result:   17.28 10^6bits/s over 1.04 seconds
Interim result:   17.17 10^6bits/s over 1.02 seconds
Interim result:   17.51 10^6bits/s over 1.03 seconds
Interim result:   17.24 10^6bits/s over 1.01 seconds
Interim result:   16.93 10^6bits/s over 1.04 seconds
Interim result:   17.26 10^6bits/s over 1.03 seconds
Interim result:   17.41 10^6bits/s over 1.05 seconds
Interim result:   17.35 10^6bits/s over 1.00 seconds
Interim result:   16.64 10^6bits/s over 1.04 seconds
Interim result:   16.94 10^6bits/s over 1.02 seconds
Interim result:   17.41 10^6bits/s over 1.02 seconds
Interim result:   16.93 10^6bits/s over 1.03 seconds
Interim result:   17.16 10^6bits/s over 1.02 seconds
Interim result:   16.72 10^6bits/s over 1.03 seconds
Interim result:   16.68 10^6bits/s over 1.03 seconds
Interim result:   17.52 10^6bits/s over 1.03 seconds
Interim result:   16.91 10^6bits/s over 1.03 seconds
Interim result:   17.59 10^6bits/s over 1.01 seconds
Interim result:   17.27 10^6bits/s over 1.02 seconds
Interim result:   16.79 10^6bits/s over 1.03 seconds
Interim result:   16.37 10^6bits/s over 1.02 seconds
Interim result:   17.90 10^6bits/s over 1.01 seconds
Interim result:   17.24 10^6bits/s over 1.03 seconds
Interim result:   16.93 10^6bits/s over 1.05 seconds
Interim result:   17.40 10^6bits/s over 1.05 seconds
Interim result:   16.96 10^6bits/s over 1.03 seconds
Interim result:   17.50 10^6bits/s over 1.02 seconds
Interim result:   17.42 10^6bits/s over 1.01 seconds
Interim result:   16.27 10^6bits/s over 1.06 seconds
Interim result:   17.54 10^6bits/s over 1.02 seconds
Interim result:   17.19 10^6bits/s over 1.02 seconds
Interim result:   16.53 10^6bits/s over 1.04 seconds
Interim result:   17.00 10^6bits/s over 1.02 seconds
Interim result:   16.99 10^6bits/s over 1.04 seconds
Interim result:   16.60 10^6bits/s over 1.04 seconds
Interim result:   17.30 10^6bits/s over 1.00 seconds
Interim result:   16.44 10^6bits/s over 1.04 seconds
Interim result:   17.59 10^6bits/s over 1.03 seconds
Interim result:   15.74 10^6bits/s over 1.12 seconds
Interim result:   17.04 10^6bits/s over 1.04 seconds
Interim result:   16.82 10^6bits/s over 1.04 seconds
Interim result:   17.03 10^6bits/s over 1.04 seconds
Interim result:   17.78 10^6bits/s over 1.01 seconds
Interim result:   16.36 10^6bits/s over 1.09 seconds
Interim result:   17.05 10^6bits/s over 1.03 seconds
Interim result:   17.84 10^6bits/s over 1.01 seconds
Interim result:   17.24 10^6bits/s over 1.03 seconds
Interim result:   16.47 10^6bits/s over 1.04 seconds
Interim result:   17.30 10^6bits/s over 1.01 seconds
Interim result:   16.69 10^6bits/s over 1.05 seconds
Interim result:   16.82 10^6bits/s over 1.03 seconds
Interim result:   16.50 10^6bits/s over 1.02 seconds
Interim result:   16.75 10^6bits/s over 1.03 seconds
Interim result:   16.73 10^6bits/s over 1.03 seconds
Interim result:   17.44 10^6bits/s over 1.02 seconds
Interim result:   16.66 10^6bits/s over 1.05 seconds
Interim result:   16.61 10^6bits/s over 1.00 seconds
Recv   Send    Send                          
Socket Socket  Message  Elapsed              
Size   Size    Size     Time     Throughput  
bytes  bytes   bytes    secs.    10^6bits/sec  

 87380  16384  16384    60.13      17.00   
