TCP STREAM TEST from 0.0.0.0 (0.0.0.0) port 0 AF_INET to 10.0.0.67 (10.0.0.67) port 0 AF_INET : demo
Interim result:   17.73 10^6bits/s over 1.06 seconds
Interim result:   17.38 10^6bits/s over 1.02 seconds
Interim result:   17.56 10^6bits/s over 1.01 seconds
Interim result:   17.31 10^6bits/s over 1.02 seconds
Interim result:   17.65 10^6bits/s over 1.02 seconds
Interim result:   17.54 10^6bits/s over 1.01 seconds
Interim result:   16.79 10^6bits/s over 1.05 seconds
Interim result:   17.24 10^6bits/s over 1.01 seconds
Interim result:   17.43 10^6bits/s over 1.05 seconds
Interim result:   17.19 10^6bits/s over 1.01 seconds
Interim result:   16.79 10^6bits/s over 1.02 seconds
Interim result:   17.00 10^6bits/s over 1.05 seconds
Interim result:   17.81 10^6bits/s over 1.00 seconds
Interim result:   16.94 10^6bits/s over 1.05 seconds
Interim result:   17.35 10^6bits/s over 1.04 seconds
Interim result:   17.70 10^6bits/s over 1.03 seconds
Interim result:   17.28 10^6bits/s over 1.04 seconds
Interim result:   17.34 10^6bits/s over 1.04 seconds
Interim result:   16.94 10^6bits/s over 1.02 seconds
Interim result:   17.08 10^6bits/s over 1.02 seconds
Interim result:   17.10 10^6bits/s over 1.00 seconds
Interim result:   17.46 10^6bits/s over 1.04 seconds
Interim result:   17.49 10^6bits/s over 1.03 seconds
Interim result:   16.91 10^6bits/s over 1.04 seconds
Interim result:   17.66 10^6bits/s over 1.00 seconds
Interim result:   16.46 10^6bits/s over 1.08 seconds
Interim result:   16.77 10^6bits/s over 1.02 seconds
Interim result:   17.32 10^6bits/s over 1.02 seconds
Interim result:   17.20 10^6bits/s over 1.01 seconds
Interim result:   17.11 10^6bits/s over 1.04 seconds
Interim result:   17.49 10^6bits/s over 1.01 seconds
Interim result:   17.32 10^6bits/s over 1.03 seconds
Interim result:   17.55 10^6bits/s over 1.04 seconds
Interim result:   17.32 10^6bits/s over 1.01 seconds
Interim result:   17.59 10^6bits/s over 1.04 seconds
Interim result:   17.54 10^6bits/s over 1.04 seconds
Interim result:   17.25 10^6bits/s over 1.02 seconds
Interim result:   16.90 10^6bits/s over 1.02 seconds
Interim result:   16.72 10^6bits/s over 1.03 seconds
Interim result:   16.60 10^6bits/s over 1.00 seconds
Interim result:   16.88 10^6bits/s over 1.03 seconds
Interim result:   17.16 10^6bits/s over 1.02 seconds
Interim result:   16.73 10^6bits/s over 1.03 seconds
Interim result:   16.71 10^6bits/s over 1.03 seconds
Interim result:   16.77 10^6bits/s over 1.02 seconds
Interim result:   17.71 10^6bits/s over 1.01 seconds
Interim result:   16.44 10^6bits/s over 1.08 seconds
Interim result:   17.03 10^6bits/s over 1.05 seconds
Interim result:   17.60 10^6bits/s over 1.03 seconds
Interim result:   17.49 10^6bits/s over 1.00 seconds
Interim result:   16.54 10^6bits/s over 1.06 seconds
Interim result:   17.13 10^6bits/s over 1.01 seconds
Interim result:   17.48 10^6bits/s over 1.04 seconds
Interim result:   17.41 10^6bits/s over 1.05 seconds
Interim result:   16.67 10^6bits/s over 1.04 seconds
Interim result:   17.19 10^6bits/s over 1.01 seconds
Interim result:   17.65 10^6bits/s over 1.01 seconds
Interim result:   16.64 10^6bits/s over 1.06 seconds
Recv   Send    Send                          
Socket Socket  Message  Elapsed              
Size   Size    Size     Time     Throughput  
bytes  bytes   bytes    secs.    10^6bits/sec  

 87380  16384  16384    60.15      17.16   
