TCP STREAM TEST from 0.0.0.0 (0.0.0.0) port 0 AF_INET to 10.0.0.67 (10.0.0.67) port 0 AF_INET : demo
Interim result:   17.59 10^6bits/s over 1.09 seconds
Interim result:   17.43 10^6bits/s over 1.02 seconds
Interim result:   17.29 10^6bits/s over 1.01 seconds
Interim result:   17.12 10^6bits/s over 1.00 seconds
Interim result:   17.03 10^6bits/s over 1.01 seconds
Interim result:   17.47 10^6bits/s over 1.04 seconds
Interim result:   17.18 10^6bits/s over 1.03 seconds
Interim result:   16.73 10^6bits/s over 1.04 seconds
Interim result:   16.12 10^6bits/s over 1.08 seconds
Interim result:   18.43 10^6bits/s over 1.04 seconds
Interim result:   17.23 10^6bits/s over 1.07 seconds
Interim result:   16.40 10^6bits/s over 1.05 seconds
Interim result:   17.16 10^6bits/s over 1.02 seconds
Interim result:   16.05 10^6bits/s over 1.07 seconds
Interim result:   14.98 10^6bits/s over 1.08 seconds
Interim result:   17.18 10^6bits/s over 1.02 seconds
Interim result:   16.75 10^6bits/s over 1.04 seconds
Interim result:   17.85 10^6bits/s over 1.01 seconds
Interim result:   16.35 10^6bits/s over 1.10 seconds
Interim result:   17.16 10^6bits/s over 1.04 seconds
Interim result:   17.22 10^6bits/s over 1.03 seconds
Interim result:   17.93 10^6bits/s over 1.00 seconds
Interim result:   16.72 10^6bits/s over 1.07 seconds
Interim result:   17.28 10^6bits/s over 1.01 seconds
Interim result:   17.24 10^6bits/s over 1.00 seconds
Interim result:   17.62 10^6bits/s over 1.01 seconds
Interim result:   17.68 10^6bits/s over 1.00 seconds
Interim result:   16.69 10^6bits/s over 1.05 seconds
Interim result:   17.00 10^6bits/s over 1.03 seconds
Interim result:   16.80 10^6bits/s over 1.04 seconds
Interim result:   17.82 10^6bits/s over 1.01 seconds
Interim result:   16.41 10^6bits/s over 1.09 seconds
Interim result:   16.98 10^6bits/s over 1.03 seconds
Interim result:   17.71 10^6bits/s over 1.01 seconds
Interim result:   17.18 10^6bits/s over 1.03 seconds
Interim result:   16.61 10^6bits/s over 1.03 seconds
Interim result:   16.07 10^6bits/s over 1.04 seconds
Interim result:   15.78 10^6bits/s over 1.01 seconds
Interim result:   15.97 10^6bits/s over 1.03 seconds
Interim result:   16.23 10^6bits/s over 1.02 seconds
Interim result:   15.72 10^6bits/s over 1.04 seconds
Interim result:   16.29 10^6bits/s over 1.03 seconds
Interim result:   16.17 10^6bits/s over 1.04 seconds
Interim result:   16.51 10^6bits/s over 1.02 seconds
Interim result:   15.98 10^6bits/s over 1.03 seconds
Interim result:   16.40 10^6bits/s over 1.02 seconds
Interim result:   16.52 10^6bits/s over 1.05 seconds
Interim result:   16.79 10^6bits/s over 1.01 seconds
Interim result:   16.39 10^6bits/s over 1.04 seconds
Interim result:   17.24 10^6bits/s over 1.03 seconds
Interim result:   16.98 10^6bits/s over 1.02 seconds
Interim result:   17.59 10^6bits/s over 1.04 seconds
Interim result:   17.58 10^6bits/s over 1.04 seconds
Interim result:   17.23 10^6bits/s over 1.01 seconds
Interim result:   16.99 10^6bits/s over 1.02 seconds
Interim result:   17.39 10^6bits/s over 1.01 seconds
Interim result:   18.00 10^6bits/s over 1.01 seconds
Interim result:   15.74 10^6bits/s over 1.15 seconds
Recv   Send    Send                          
Socket Socket  Message  Elapsed              
Size   Size    Size     Time     Throughput  
bytes  bytes   bytes    secs.    10^6bits/sec  

 87380  16384  16384    60.15      16.85   
