TCP STREAM TEST from 0.0.0.0 (0.0.0.0) port 0 AF_INET to 10.0.0.67 (10.0.0.67) port 0 AF_INET : demo
Interim result:   17.62 10^6bits/s over 1.22 seconds
Interim result:   17.06 10^6bits/s over 1.04 seconds
Interim result:   16.93 10^6bits/s over 1.01 seconds
Interim result:   17.37 10^6bits/s over 1.01 seconds
Interim result:   17.32 10^6bits/s over 1.01 seconds
Interim result:   18.08 10^6bits/s over 1.00 seconds
Interim result:   15.89 10^6bits/s over 1.14 seconds
Interim result:   17.07 10^6bits/s over 1.04 seconds
Interim result:   16.98 10^6bits/s over 1.00 seconds
Interim result:   16.56 10^6bits/s over 1.03 seconds
Interim result:   17.26 10^6bits/s over 1.00 seconds
Interim result:   17.27 10^6bits/s over 1.04 seconds
Interim result:   16.79 10^6bits/s over 1.02 seconds
Interim result:   17.16 10^6bits/s over 1.04 seconds
Interim result:   17.35 10^6bits/s over 1.04 seconds
Interim result:   17.43 10^6bits/s over 1.00 seconds
Interim result:   17.25 10^6bits/s over 1.01 seconds
Interim result:   16.91 10^6bits/s over 1.04 seconds
Interim result:   17.08 10^6bits/s over 1.02 seconds
Interim result:   16.69 10^6bits/s over 1.04 seconds
Interim result:   17.14 10^6bits/s over 1.00 seconds
Interim result:   17.21 10^6bits/s over 1.04 seconds
Interim result:   16.95 10^6bits/s over 1.02 seconds
Interim result:   17.63 10^6bits/s over 1.00 seconds
Interim result:   16.44 10^6bits/s over 1.07 seconds
Interim result:   17.03 10^6bits/s over 1.01 seconds
Interim result:   16.64 10^6bits/s over 1.04 seconds
Interim result:   17.21 10^6bits/s over 1.01 seconds
Interim result:   17.16 10^6bits/s over 1.04 seconds
Interim result:   16.78 10^6bits/s over 1.02 seconds
Interim result:   16.15 10^6bits/s over 1.04 seconds
Interim result:   17.10 10^6bits/s over 1.02 seconds
Interim result:   16.44 10^6bits/s over 1.04 seconds
Interim result:   16.74 10^6bits/s over 1.03 seconds
Interim result:   16.32 10^6bits/s over 1.04 seconds
Interim result:   16.46 10^6bits/s over 1.05 seconds
Interim result:   17.10 10^6bits/s over 1.00 seconds
Interim result:   16.33 10^6bits/s over 1.04 seconds
Interim result:   16.88 10^6bits/s over 1.01 seconds
Interim result:   16.52 10^6bits/s over 1.02 seconds
Interim result:   17.26 10^6bits/s over 1.02 seconds
Interim result:   17.19 10^6bits/s over 1.01 seconds
Interim result:   16.95 10^6bits/s over 1.04 seconds
Interim result:   17.19 10^6bits/s over 1.02 seconds
Interim result:   17.57 10^6bits/s over 1.02 seconds
Interim result:   17.05 10^6bits/s over 1.05 seconds
Interim result:   17.43 10^6bits/s over 1.01 seconds
Interim result:   16.36 10^6bits/s over 1.07 seconds
Interim result:   17.36 10^6bits/s over 1.01 seconds
Interim result:   17.06 10^6bits/s over 1.02 seconds
Interim result:   16.82 10^6bits/s over 1.01 seconds
Interim result:   16.37 10^6bits/s over 1.02 seconds
Interim result:   16.91 10^6bits/s over 1.01 seconds
Interim result:   17.08 10^6bits/s over 1.02 seconds
Interim result:   16.86 10^6bits/s over 1.04 seconds
Interim result:   17.43 10^6bits/s over 1.00 seconds
Interim result:   17.20 10^6bits/s over 1.01 seconds
Interim result:   16.59 10^6bits/s over 1.03 seconds
Recv   Send    Send                          
Socket Socket  Message  Elapsed              
Size   Size    Size     Time     Throughput  
bytes  bytes   bytes    secs.    10^6bits/sec  

 87380  16384  16384    60.11      16.94   
