TCP STREAM TEST from 0.0.0.0 (0.0.0.0) port 0 AF_INET to 10.0.0.67 (10.0.0.67) port 0 AF_INET : demo
Interim result:   16.49 10^6bits/s over 1.14 seconds
Interim result:   16.29 10^6bits/s over 1.01 seconds
Interim result:   16.40 10^6bits/s over 1.01 seconds
Interim result:   16.90 10^6bits/s over 1.02 seconds
Interim result:   16.77 10^6bits/s over 1.02 seconds
Interim result:   17.83 10^6bits/s over 1.03 seconds
Interim result:   16.82 10^6bits/s over 1.06 seconds
Interim result:   16.28 10^6bits/s over 1.05 seconds
Interim result:   16.43 10^6bits/s over 1.07 seconds
Interim result:   17.74 10^6bits/s over 1.02 seconds
Interim result:   17.15 10^6bits/s over 1.04 seconds
Interim result:   16.97 10^6bits/s over 1.00 seconds
Interim result:   17.14 10^6bits/s over 1.03 seconds
Interim result:   17.69 10^6bits/s over 1.01 seconds
Interim result:   17.14 10^6bits/s over 1.03 seconds
Interim result:   16.98 10^6bits/s over 1.01 seconds
Interim result:   17.05 10^6bits/s over 1.05 seconds
Interim result:   17.37 10^6bits/s over 1.01 seconds
Interim result:   16.41 10^6bits/s over 1.06 seconds
Interim result:   15.91 10^6bits/s over 1.04 seconds
Interim result:   15.91 10^6bits/s over 1.05 seconds
Interim result:   15.90 10^6bits/s over 1.05 seconds
Interim result:   16.40 10^6bits/s over 1.02 seconds
Interim result:   16.92 10^6bits/s over 1.01 seconds
Interim result:   15.92 10^6bits/s over 1.06 seconds
Interim result:   15.65 10^6bits/s over 1.02 seconds
Interim result:   16.08 10^6bits/s over 1.04 seconds
Interim result:   16.86 10^6bits/s over 1.00 seconds
Interim result:   17.00 10^6bits/s over 1.02 seconds
Interim result:   16.66 10^6bits/s over 1.02 seconds
Interim result:   16.88 10^6bits/s over 1.03 seconds
Interim result:   16.73 10^6bits/s over 1.04 seconds
Interim result:   17.11 10^6bits/s over 1.03 seconds
Interim result:   17.20 10^6bits/s over 1.02 seconds
Interim result:   17.27 10^6bits/s over 1.02 seconds
Interim result:   17.06 10^6bits/s over 1.01 seconds
Interim result:   16.94 10^6bits/s over 1.01 seconds
Interim result:   16.58 10^6bits/s over 1.03 seconds
Interim result:   16.85 10^6bits/s over 1.04 seconds
Interim result:   16.92 10^6bits/s over 1.03 seconds
Interim result:   16.66 10^6bits/s over 1.01 seconds
Interim result:   16.39 10^6bits/s over 1.02 seconds
Interim result:   16.44 10^6bits/s over 1.02 seconds
Interim result:   17.87 10^6bits/s over 1.00 seconds
Interim result:   17.76 10^6bits/s over 1.01 seconds
Interim result:   16.75 10^6bits/s over 1.06 seconds
Interim result:   16.78 10^6bits/s over 1.04 seconds
Interim result:   17.74 10^6bits/s over 1.01 seconds
Interim result:   17.44 10^6bits/s over 1.01 seconds
Interim result:   17.06 10^6bits/s over 1.02 seconds
Interim result:   15.88 10^6bits/s over 1.07 seconds
Interim result:   17.58 10^6bits/s over 1.01 seconds
Interim result:   17.04 10^6bits/s over 1.03 seconds
Interim result:   16.83 10^6bits/s over 1.03 seconds
Interim result:   17.74 10^6bits/s over 1.01 seconds
Interim result:   16.39 10^6bits/s over 1.08 seconds
Interim result:   17.37 10^6bits/s over 1.02 seconds
Interim result:   16.47 10^6bits/s over 1.05 seconds
Recv   Send    Send                          
Socket Socket  Message  Elapsed              
Size   Size    Size     Time     Throughput  
bytes  bytes   bytes    secs.    10^6bits/sec  

 87380  16384  16384    60.09      16.81   
