TCP STREAM TEST from 0.0.0.0 (0.0.0.0) port 0 AF_INET to 10.0.0.67 (10.0.0.67) port 0 AF_INET : demo
Interim result:   17.47 10^6bits/s over 1.32 seconds
Interim result:   16.71 10^6bits/s over 1.05 seconds
Interim result:   16.54 10^6bits/s over 1.01 seconds
Interim result:   16.43 10^6bits/s over 1.01 seconds
Interim result:   16.29 10^6bits/s over 1.01 seconds
Interim result:   15.79 10^6bits/s over 1.03 seconds
Interim result:   16.70 10^6bits/s over 1.03 seconds
Interim result:   17.24 10^6bits/s over 1.03 seconds
Interim result:   17.34 10^6bits/s over 1.04 seconds
Interim result:   17.39 10^6bits/s over 1.03 seconds
Interim result:   17.65 10^6bits/s over 1.03 seconds
Interim result:   16.90 10^6bits/s over 1.05 seconds
Interim result:   16.40 10^6bits/s over 1.03 seconds
Interim result:   16.75 10^6bits/s over 1.04 seconds
Interim result:   17.16 10^6bits/s over 1.01 seconds
Interim result:   16.81 10^6bits/s over 1.02 seconds
Interim result:   17.63 10^6bits/s over 1.04 seconds
Interim result:   17.37 10^6bits/s over 1.03 seconds
Interim result:   16.93 10^6bits/s over 1.08 seconds
Interim result:   18.17 10^6bits/s over 1.02 seconds
Interim result:   17.34 10^6bits/s over 1.04 seconds
Interim result:   17.06 10^6bits/s over 1.05 seconds
Interim result:   17.30 10^6bits/s over 1.04 seconds
Interim result:   17.66 10^6bits/s over 1.02 seconds
Interim result:   17.41 10^6bits/s over 1.04 seconds
Interim result:   16.58 10^6bits/s over 1.05 seconds
Interim result:   16.12 10^6bits/s over 1.05 seconds
Interim result:   17.30 10^6bits/s over 1.04 seconds
Interim result:   17.07 10^6bits/s over 1.04 seconds
Interim result:   16.79 10^6bits/s over 1.01 seconds
Interim result:   17.43 10^6bits/s over 1.04 seconds
Interim result:   17.27 10^6bits/s over 1.04 seconds
Interim result:   18.07 10^6bits/s over 1.02 seconds
Interim result:   17.52 10^6bits/s over 1.03 seconds
Interim result:   16.61 10^6bits/s over 1.06 seconds
Interim result:   17.41 10^6bits/s over 1.00 seconds
Interim result:   16.99 10^6bits/s over 1.04 seconds
Interim result:   17.69 10^6bits/s over 1.02 seconds
Interim result:   17.68 10^6bits/s over 1.02 seconds
Interim result:   16.25 10^6bits/s over 1.09 seconds
Interim result:   17.95 10^6bits/s over 1.01 seconds
Interim result:   16.93 10^6bits/s over 1.06 seconds
Interim result:   17.89 10^6bits/s over 1.02 seconds
Interim result:   16.65 10^6bits/s over 1.07 seconds
Interim result:   16.84 10^6bits/s over 1.02 seconds
Interim result:   17.19 10^6bits/s over 1.04 seconds
Interim result:   17.06 10^6bits/s over 1.01 seconds
Interim result:   17.91 10^6bits/s over 1.00 seconds
Interim result:   17.18 10^6bits/s over 1.05 seconds
Interim result:   16.95 10^6bits/s over 1.03 seconds
Interim result:   17.51 10^6bits/s over 1.03 seconds
Interim result:   16.54 10^6bits/s over 1.06 seconds
Interim result:   16.14 10^6bits/s over 1.02 seconds
Interim result:   16.13 10^6bits/s over 1.03 seconds
Interim result:   16.80 10^6bits/s over 1.03 seconds
Interim result:   17.23 10^6bits/s over 1.03 seconds
Interim result:   17.58 10^6bits/s over 1.03 seconds
Recv   Send    Send                          
Socket Socket  Message  Elapsed              
Size   Size    Size     Time     Throughput  
bytes  bytes   bytes    secs.    10^6bits/sec  

 87380  16384  16384    60.12      17.05   
