TCP STREAM TEST from 0.0.0.0 (0.0.0.0) port 0 AF_INET to 10.0.0.67 (10.0.0.67) port 0 AF_INET : demo
Interim result:   17.28 10^6bits/s over 1.23 seconds
Interim result:   17.19 10^6bits/s over 1.01 seconds
Interim result:   17.30 10^6bits/s over 1.02 seconds
Interim result:   17.53 10^6bits/s over 1.01 seconds
Interim result:   17.36 10^6bits/s over 1.01 seconds
Interim result:   18.07 10^6bits/s over 1.02 seconds
Interim result:   17.57 10^6bits/s over 1.03 seconds
Interim result:   16.08 10^6bits/s over 1.09 seconds
Interim result:   17.17 10^6bits/s over 1.04 seconds
Interim result:   16.81 10^6bits/s over 1.02 seconds
Interim result:   17.49 10^6bits/s over 1.01 seconds
Interim result:   17.24 10^6bits/s over 1.01 seconds
Interim result:   17.20 10^6bits/s over 1.01 seconds
Interim result:   17.31 10^6bits/s over 1.06 seconds
Interim result:   17.82 10^6bits/s over 1.01 seconds
Interim result:   16.96 10^6bits/s over 1.06 seconds
Interim result:   16.78 10^6bits/s over 1.05 seconds
Interim result:   17.19 10^6bits/s over 1.03 seconds
Interim result:   17.78 10^6bits/s over 1.02 seconds
Interim result:   16.25 10^6bits/s over 1.09 seconds
Interim result:   17.66 10^6bits/s over 1.05 seconds
Interim result:   16.85 10^6bits/s over 1.04 seconds
Interim result:   17.22 10^6bits/s over 1.02 seconds
Interim result:   16.78 10^6bits/s over 1.02 seconds
Interim result:   16.69 10^6bits/s over 1.05 seconds
Interim result:   17.15 10^6bits/s over 1.02 seconds
Interim result:   16.46 10^6bits/s over 1.04 seconds
Interim result:   16.17 10^6bits/s over 1.05 seconds
Interim result:   17.30 10^6bits/s over 1.03 seconds
Interim result:   16.77 10^6bits/s over 1.05 seconds
Interim result:   17.25 10^6bits/s over 1.03 seconds
Interim result:   17.44 10^6bits/s over 1.04 seconds
Interim result:   16.77 10^6bits/s over 1.04 seconds
Interim result:   17.17 10^6bits/s over 1.02 seconds
Interim result:   17.98 10^6bits/s over 1.01 seconds
Interim result:   16.97 10^6bits/s over 1.06 seconds
Interim result:   16.88 10^6bits/s over 1.03 seconds
Interim result:   17.75 10^6bits/s over 1.00 seconds
Interim result:   16.94 10^6bits/s over 1.04 seconds
Interim result:   16.98 10^6bits/s over 1.00 seconds
Interim result:   16.69 10^6bits/s over 1.01 seconds
Interim result:   17.10 10^6bits/s over 1.03 seconds
Interim result:   17.28 10^6bits/s over 1.02 seconds
Interim result:   17.16 10^6bits/s over 1.05 seconds
Interim result:   17.37 10^6bits/s over 1.03 seconds
Interim result:   17.10 10^6bits/s over 1.02 seconds
Interim result:   16.78 10^6bits/s over 1.02 seconds
Interim result:   17.25 10^6bits/s over 1.02 seconds
Interim result:   17.40 10^6bits/s over 1.05 seconds
Interim result:   17.55 10^6bits/s over 1.02 seconds
Interim result:   16.98 10^6bits/s over 1.03 seconds
Interim result:   16.95 10^6bits/s over 1.03 seconds
Interim result:   17.32 10^6bits/s over 1.02 seconds
Interim result:   15.85 10^6bits/s over 1.09 seconds
Interim result:   15.74 10^6bits/s over 1.01 seconds
Interim result:   15.93 10^6bits/s over 1.04 seconds
Interim result:   15.50 10^6bits/s over 1.12 seconds
Recv   Send    Send                          
Socket Socket  Message  Elapsed              
Size   Size    Size     Time     Throughput  
bytes  bytes   bytes    secs.    10^6bits/sec  

 87380  16384  16384    60.13      17.02   
