TCP STREAM TEST from 0.0.0.0 (0.0.0.0) port 0 AF_INET to 10.0.0.67 (10.0.0.67) port 0 AF_INET : demo
Interim result:   17.89 10^6bits/s over 1.27 seconds
Interim result:   17.24 10^6bits/s over 1.04 seconds
Interim result:   17.24 10^6bits/s over 1.02 seconds
Interim result:   16.85 10^6bits/s over 1.03 seconds
Interim result:   16.98 10^6bits/s over 1.01 seconds
Interim result:   17.04 10^6bits/s over 1.02 seconds
Interim result:   16.71 10^6bits/s over 1.02 seconds
Interim result:   17.03 10^6bits/s over 1.04 seconds
Interim result:   18.05 10^6bits/s over 1.00 seconds
Interim result:   16.32 10^6bits/s over 1.11 seconds
Interim result:   17.74 10^6bits/s over 1.02 seconds
Interim result:   17.33 10^6bits/s over 1.02 seconds
Interim result:   17.29 10^6bits/s over 1.05 seconds
Interim result:   16.76 10^6bits/s over 1.06 seconds
Interim result:   16.54 10^6bits/s over 1.01 seconds
Interim result:   17.08 10^6bits/s over 1.05 seconds
Interim result:   16.73 10^6bits/s over 1.03 seconds
Interim result:   16.10 10^6bits/s over 1.05 seconds
Interim result:   17.41 10^6bits/s over 1.04 seconds
Interim result:   16.55 10^6bits/s over 1.06 seconds
Interim result:   17.24 10^6bits/s over 1.01 seconds
Interim result:   16.15 10^6bits/s over 1.07 seconds
Interim result:   16.75 10^6bits/s over 1.06 seconds
Interim result:   17.36 10^6bits/s over 1.00 seconds
Interim result:   16.42 10^6bits/s over 1.05 seconds
Interim result:   17.66 10^6bits/s over 1.00 seconds
Interim result:   16.60 10^6bits/s over 1.07 seconds
Interim result:   16.34 10^6bits/s over 1.01 seconds
Interim result:   16.60 10^6bits/s over 1.06 seconds
Interim result:   17.40 10^6bits/s over 1.01 seconds
Interim result:   17.05 10^6bits/s over 1.04 seconds
Interim result:   16.76 10^6bits/s over 1.06 seconds
Interim result:   16.97 10^6bits/s over 1.05 seconds
Interim result:   17.40 10^6bits/s over 1.04 seconds
Interim result:   17.11 10^6bits/s over 1.02 seconds
Interim result:   16.18 10^6bits/s over 1.05 seconds
Interim result:   16.58 10^6bits/s over 1.04 seconds
Interim result:   17.46 10^6bits/s over 1.04 seconds
Interim result:   17.10 10^6bits/s over 1.04 seconds
Interim result:   16.67 10^6bits/s over 1.05 seconds
Interim result:   17.13 10^6bits/s over 1.05 seconds
Interim result:   17.07 10^6bits/s over 1.04 seconds
Interim result:   17.17 10^6bits/s over 1.03 seconds
Interim result:   17.31 10^6bits/s over 1.04 seconds
Interim result:   17.37 10^6bits/s over 1.03 seconds
Interim result:   17.01 10^6bits/s over 1.05 seconds
Interim result:   16.81 10^6bits/s over 1.01 seconds
Interim result:   16.98 10^6bits/s over 1.04 seconds
Interim result:   17.50 10^6bits/s over 1.03 seconds
Interim result:   16.55 10^6bits/s over 1.05 seconds
Interim result:   16.97 10^6bits/s over 1.06 seconds
Interim result:   16.78 10^6bits/s over 1.01 seconds
Interim result:   17.34 10^6bits/s over 1.01 seconds
Interim result:   16.57 10^6bits/s over 1.04 seconds
Interim result:   17.56 10^6bits/s over 1.04 seconds
Interim result:   17.15 10^6bits/s over 1.02 seconds
Interim result:   16.40 10^6bits/s over 1.05 seconds
Recv   Send    Send                          
Socket Socket  Message  Elapsed              
Size   Size    Size     Time     Throughput  
bytes  bytes   bytes    secs.    10^6bits/sec  

 87380  16384  16384    60.13      16.95   
