TCP STREAM TEST from 0.0.0.0 (0.0.0.0) port 0 AF_INET to 10.0.0.67 (10.0.0.67) port 0 AF_INET : demo
Interim result:   17.92 10^6bits/s over 1.10 seconds
Interim result:   16.48 10^6bits/s over 1.08 seconds
Interim result:   16.25 10^6bits/s over 1.02 seconds
Interim result:   17.19 10^6bits/s over 1.01 seconds
Interim result:   17.33 10^6bits/s over 1.01 seconds
Interim result:   18.03 10^6bits/s over 1.02 seconds
Interim result:   16.25 10^6bits/s over 1.11 seconds
Interim result:   16.22 10^6bits/s over 1.00 seconds
Interim result:   15.93 10^6bits/s over 1.02 seconds
Interim result:   17.19 10^6bits/s over 1.01 seconds
Interim result:   17.84 10^6bits/s over 1.01 seconds
Interim result:   16.81 10^6bits/s over 1.06 seconds
Interim result:   17.62 10^6bits/s over 1.04 seconds
Interim result:   16.94 10^6bits/s over 1.03 seconds
Interim result:   17.40 10^6bits/s over 1.01 seconds
Interim result:   16.94 10^6bits/s over 1.03 seconds
Interim result:   17.29 10^6bits/s over 1.05 seconds
Interim result:   17.32 10^6bits/s over 1.02 seconds
Interim result:   17.27 10^6bits/s over 1.00 seconds
Interim result:   17.27 10^6bits/s over 1.00 seconds
Interim result:   17.25 10^6bits/s over 1.00 seconds
Interim result:   17.13 10^6bits/s over 1.03 seconds
Interim result:   17.01 10^6bits/s over 1.03 seconds
Interim result:   16.81 10^6bits/s over 1.04 seconds
Interim result:   17.29 10^6bits/s over 1.02 seconds
Interim result:   16.64 10^6bits/s over 1.04 seconds
Interim result:   16.54 10^6bits/s over 1.01 seconds
Interim result:   17.45 10^6bits/s over 1.02 seconds
Interim result:   17.42 10^6bits/s over 1.00 seconds
Interim result:   16.70 10^6bits/s over 1.04 seconds
Interim result:   17.83 10^6bits/s over 1.01 seconds
Interim result:   16.22 10^6bits/s over 1.10 seconds
Interim result:   17.51 10^6bits/s over 1.02 seconds
Interim result:   17.18 10^6bits/s over 1.01 seconds
Interim result:   16.95 10^6bits/s over 1.02 seconds
Interim result:   17.23 10^6bits/s over 1.01 seconds
Interim result:   17.05 10^6bits/s over 1.03 seconds
Interim result:   16.92 10^6bits/s over 1.03 seconds
Interim result:   16.75 10^6bits/s over 1.04 seconds
Interim result:   18.06 10^6bits/s over 1.00 seconds
Interim result:   16.38 10^6bits/s over 1.10 seconds
Interim result:   15.68 10^6bits/s over 1.05 seconds
Interim result:   16.12 10^6bits/s over 1.04 seconds
Interim result:   15.84 10^6bits/s over 1.02 seconds
Interim result:   16.25 10^6bits/s over 1.02 seconds
Interim result:   16.02 10^6bits/s over 1.03 seconds
Interim result:   16.66 10^6bits/s over 1.01 seconds
Interim result:   17.25 10^6bits/s over 1.02 seconds
Interim result:   17.06 10^6bits/s over 1.01 seconds
Interim result:   17.37 10^6bits/s over 1.01 seconds
Interim result:   17.16 10^6bits/s over 1.03 seconds
Interim result:   17.18 10^6bits/s over 1.02 seconds
Interim result:   17.62 10^6bits/s over 1.01 seconds
Interim result:   17.04 10^6bits/s over 1.04 seconds
Interim result:   16.64 10^6bits/s over 1.02 seconds
Interim result:   16.59 10^6bits/s over 1.00 seconds
Interim result:   17.28 10^6bits/s over 1.00 seconds
Interim result:   16.85 10^6bits/s over 1.03 seconds
Recv   Send    Send                          
Socket Socket  Message  Elapsed              
Size   Size    Size     Time     Throughput  
bytes  bytes   bytes    secs.    10^6bits/sec  

 87380  16384  16384    60.10      16.95   
