TCP STREAM TEST from 0.0.0.0 (0.0.0.0) port 0 AF_INET to 10.0.0.67 (10.0.0.67) port 0 AF_INET : demo
Interim result:   17.74 10^6bits/s over 1.07 seconds
Interim result:   16.82 10^6bits/s over 1.05 seconds
Interim result:   16.90 10^6bits/s over 1.00 seconds
Interim result:   17.23 10^6bits/s over 1.03 seconds
Interim result:   17.80 10^6bits/s over 1.02 seconds
Interim result:   18.36 10^6bits/s over 1.01 seconds
Interim result:   16.57 10^6bits/s over 1.11 seconds
Interim result:   17.48 10^6bits/s over 1.04 seconds
Interim result:   17.40 10^6bits/s over 1.00 seconds
Interim result:   17.30 10^6bits/s over 1.01 seconds
Interim result:   17.95 10^6bits/s over 1.03 seconds
Interim result:   17.75 10^6bits/s over 1.01 seconds
Interim result:   16.72 10^6bits/s over 1.06 seconds
Interim result:   17.37 10^6bits/s over 1.00 seconds
Interim result:   17.05 10^6bits/s over 1.02 seconds
Interim result:   16.72 10^6bits/s over 1.04 seconds
Interim result:   16.70 10^6bits/s over 1.04 seconds
Interim result:   16.75 10^6bits/s over 1.04 seconds
Interim result:   17.12 10^6bits/s over 1.03 seconds
Interim result:   17.21 10^6bits/s over 1.02 seconds
Interim result:   17.46 10^6bits/s over 1.04 seconds
Interim result:   17.65 10^6bits/s over 1.02 seconds
Interim result:   17.51 10^6bits/s over 1.01 seconds
Interim result:   16.09 10^6bits/s over 1.08 seconds
Interim result:   17.69 10^6bits/s over 1.00 seconds
Interim result:   16.56 10^6bits/s over 1.07 seconds
Interim result:   15.75 10^6bits/s over 1.05 seconds
Interim result:   16.11 10^6bits/s over 1.03 seconds
Interim result:   16.82 10^6bits/s over 1.02 seconds
Interim result:   16.23 10^6bits/s over 1.04 seconds
Interim result:   17.64 10^6bits/s over 1.00 seconds
Interim result:   17.44 10^6bits/s over 1.01 seconds
Interim result:   17.13 10^6bits/s over 1.02 seconds
Interim result:   16.22 10^6bits/s over 1.06 seconds
Interim result:   16.20 10^6bits/s over 1.03 seconds
Interim result:   16.61 10^6bits/s over 1.01 seconds
Interim result:   15.72 10^6bits/s over 1.09 seconds
Interim result:   17.40 10^6bits/s over 1.02 seconds
Interim result:   16.43 10^6bits/s over 1.06 seconds
Interim result:   16.20 10^6bits/s over 1.01 seconds
Interim result:   16.76 10^6bits/s over 1.04 seconds
Interim result:   16.54 10^6bits/s over 1.01 seconds
Interim result:   16.09 10^6bits/s over 1.03 seconds
Interim result:   17.40 10^6bits/s over 1.01 seconds
Interim result:   17.72 10^6bits/s over 1.01 seconds
Interim result:   16.35 10^6bits/s over 1.08 seconds
Interim result:   17.13 10^6bits/s over 1.03 seconds
Interim result:   17.26 10^6bits/s over 1.02 seconds
Interim result:   16.99 10^6bits/s over 1.02 seconds
Interim result:   17.41 10^6bits/s over 1.01 seconds
Interim result:   16.99 10^6bits/s over 1.03 seconds
Interim result:   17.36 10^6bits/s over 1.05 seconds
Interim result:   17.00 10^6bits/s over 1.03 seconds
Interim result:   16.81 10^6bits/s over 1.04 seconds
Interim result:   17.08 10^6bits/s over 1.03 seconds
Interim result:   17.00 10^6bits/s over 1.00 seconds
Interim result:   16.14 10^6bits/s over 1.06 seconds
Interim result:   17.22 10^6bits/s over 1.01 seconds
Recv   Send    Send                          
Socket Socket  Message  Elapsed              
Size   Size    Size     Time     Throughput  
bytes  bytes   bytes    secs.    10^6bits/sec  

 87380  16384  16384    60.13      16.95   
