TCP STREAM TEST from 0.0.0.0 (0.0.0.0) port 0 AF_INET to 10.0.0.67 (10.0.0.67) port 0 AF_INET : demo
Interim result:   18.00 10^6bits/s over 1.20 seconds
Interim result:   16.88 10^6bits/s over 1.06 seconds
Interim result:   17.41 10^6bits/s over 1.01 seconds
Interim result:   17.30 10^6bits/s over 1.01 seconds
Interim result:   17.54 10^6bits/s over 1.01 seconds
Interim result:   17.82 10^6bits/s over 1.02 seconds
Interim result:   17.53 10^6bits/s over 1.02 seconds
Interim result:   16.65 10^6bits/s over 1.06 seconds
Interim result:   16.60 10^6bits/s over 1.00 seconds
Interim result:   18.86 10^6bits/s over 1.01 seconds
Interim result:   16.33 10^6bits/s over 1.16 seconds
Interim result:   17.61 10^6bits/s over 1.02 seconds
Interim result:   16.94 10^6bits/s over 1.04 seconds
Interim result:   16.79 10^6bits/s over 1.05 seconds
Interim result:   17.66 10^6bits/s over 1.00 seconds
Interim result:   17.02 10^6bits/s over 1.04 seconds
Interim result:   16.41 10^6bits/s over 1.05 seconds
Interim result:   17.58 10^6bits/s over 1.03 seconds
Interim result:   17.17 10^6bits/s over 1.02 seconds
Interim result:   16.42 10^6bits/s over 1.05 seconds
Interim result:   18.12 10^6bits/s over 1.01 seconds
Interim result:   16.93 10^6bits/s over 1.08 seconds
Interim result:   17.48 10^6bits/s over 1.01 seconds
Interim result:   17.04 10^6bits/s over 1.02 seconds
Interim result:   16.79 10^6bits/s over 1.05 seconds
Interim result:   17.16 10^6bits/s over 1.04 seconds
Interim result:   16.94 10^6bits/s over 1.04 seconds
Interim result:   16.84 10^6bits/s over 1.04 seconds
Interim result:   16.66 10^6bits/s over 1.01 seconds
Interim result:   17.22 10^6bits/s over 1.05 seconds
Interim result:   17.35 10^6bits/s over 1.02 seconds
Interim result:   16.59 10^6bits/s over 1.04 seconds
Interim result:   16.62 10^6bits/s over 1.00 seconds
Interim result:   16.33 10^6bits/s over 1.04 seconds
Interim result:   17.62 10^6bits/s over 1.05 seconds
Interim result:   18.31 10^6bits/s over 1.01 seconds
Interim result:   16.25 10^6bits/s over 1.13 seconds
Interim result:   16.23 10^6bits/s over 1.00 seconds
Interim result:   16.88 10^6bits/s over 1.05 seconds
Interim result:   17.27 10^6bits/s over 1.02 seconds
Interim result:   16.51 10^6bits/s over 1.05 seconds
Interim result:   16.95 10^6bits/s over 1.04 seconds
Interim result:   16.82 10^6bits/s over 1.01 seconds
Interim result:   17.24 10^6bits/s over 1.02 seconds
Interim result:   16.87 10^6bits/s over 1.03 seconds
Interim result:   17.26 10^6bits/s over 1.03 seconds
Interim result:   16.67 10^6bits/s over 1.04 seconds
Interim result:   17.77 10^6bits/s over 1.03 seconds
Interim result:   17.17 10^6bits/s over 1.04 seconds
Interim result:   16.86 10^6bits/s over 1.02 seconds
Interim result:   17.28 10^6bits/s over 1.05 seconds
Interim result:   17.31 10^6bits/s over 1.04 seconds
Interim result:   17.02 10^6bits/s over 1.04 seconds
Interim result:   16.94 10^6bits/s over 1.04 seconds
Interim result:   16.77 10^6bits/s over 1.05 seconds
Interim result:   16.76 10^6bits/s over 1.00 seconds
Interim result:   16.74 10^6bits/s over 1.04 seconds
Recv   Send    Send                          
Socket Socket  Message  Elapsed              
Size   Size    Size     Time     Throughput  
bytes  bytes   bytes    secs.    10^6bits/sec  

 87380  16384  16384    60.15      17.06   
