TCP STREAM TEST from 0.0.0.0 (0.0.0.0) port 0 AF_INET to 10.0.0.67 (10.0.0.67) port 0 AF_INET : demo
Interim result:   17.92 10^6bits/s over 1.26 seconds
Interim result:   16.59 10^6bits/s over 1.08 seconds
Interim result:   16.66 10^6bits/s over 1.03 seconds
Interim result:   16.95 10^6bits/s over 1.01 seconds
Interim result:   17.19 10^6bits/s over 1.02 seconds
Interim result:   17.42 10^6bits/s over 1.02 seconds
Interim result:   16.77 10^6bits/s over 1.04 seconds
Interim result:   16.72 10^6bits/s over 1.03 seconds
Interim result:   16.56 10^6bits/s over 1.04 seconds
Interim result:   16.81 10^6bits/s over 1.04 seconds
Interim result:   16.54 10^6bits/s over 1.02 seconds
Interim result:   16.65 10^6bits/s over 1.04 seconds
Interim result:   16.77 10^6bits/s over 1.01 seconds
Interim result:   16.99 10^6bits/s over 1.03 seconds
Interim result:   16.69 10^6bits/s over 1.02 seconds
Interim result:   16.68 10^6bits/s over 1.02 seconds
Interim result:   17.38 10^6bits/s over 1.02 seconds
Interim result:   16.32 10^6bits/s over 1.07 seconds
Interim result:   16.28 10^6bits/s over 1.05 seconds
Interim result:   16.30 10^6bits/s over 1.05 seconds
Interim result:   17.34 10^6bits/s over 1.03 seconds
Interim result:   16.63 10^6bits/s over 1.05 seconds
Interim result:   17.68 10^6bits/s over 1.01 seconds
Interim result:   17.41 10^6bits/s over 1.02 seconds
Interim result:   15.91 10^6bits/s over 1.10 seconds
Interim result:   17.71 10^6bits/s over 1.02 seconds
Interim result:   16.62 10^6bits/s over 1.07 seconds
Interim result:   17.72 10^6bits/s over 1.01 seconds
Interim result:   17.35 10^6bits/s over 1.02 seconds
Interim result:   16.16 10^6bits/s over 1.07 seconds
Interim result:   16.27 10^6bits/s over 1.05 seconds
Interim result:   17.14 10^6bits/s over 1.03 seconds
Interim result:   17.70 10^6bits/s over 1.01 seconds
Interim result:   16.19 10^6bits/s over 1.09 seconds
Interim result:   16.86 10^6bits/s over 1.04 seconds
Interim result:   16.86 10^6bits/s over 1.03 seconds
Interim result:   16.80 10^6bits/s over 1.02 seconds
Interim result:   16.69 10^6bits/s over 1.04 seconds
Interim result:   17.05 10^6bits/s over 1.04 seconds
Interim result:   16.53 10^6bits/s over 1.04 seconds
Interim result:   16.68 10^6bits/s over 1.05 seconds
Interim result:   16.99 10^6bits/s over 1.04 seconds
Interim result:   16.90 10^6bits/s over 1.03 seconds
Interim result:   17.54 10^6bits/s over 1.02 seconds
Interim result:   17.04 10^6bits/s over 1.02 seconds
Interim result:   17.18 10^6bits/s over 1.05 seconds
Interim result:   17.71 10^6bits/s over 1.01 seconds
Interim result:   17.15 10^6bits/s over 1.03 seconds
Interim result:   16.63 10^6bits/s over 1.03 seconds
Interim result:   16.55 10^6bits/s over 1.05 seconds
Interim result:   17.16 10^6bits/s over 1.02 seconds
Interim result:   16.77 10^6bits/s over 1.04 seconds
Interim result:   17.24 10^6bits/s over 1.03 seconds
Interim result:   17.72 10^6bits/s over 1.01 seconds
Interim result:   16.78 10^6bits/s over 1.05 seconds
Interim result:   17.16 10^6bits/s over 1.02 seconds
Interim result:   16.70 10^6bits/s over 1.04 seconds
Recv   Send    Send                          
Socket Socket  Message  Elapsed              
Size   Size    Size     Time     Throughput  
bytes  bytes   bytes    secs.    10^6bits/sec  

 87380  16384  16384    60.12      16.89   
