TCP STREAM TEST from 0.0.0.0 (0.0.0.0) port 0 AF_INET to 10.0.0.67 (10.0.0.67) port 0 AF_INET : demo
Interim result:   17.73 10^6bits/s over 1.23 seconds
Interim result:   17.38 10^6bits/s over 1.03 seconds
Interim result:   17.57 10^6bits/s over 1.01 seconds
Interim result:   17.48 10^6bits/s over 1.00 seconds
Interim result:   16.80 10^6bits/s over 1.04 seconds
Interim result:   17.30 10^6bits/s over 1.04 seconds
Interim result:   16.58 10^6bits/s over 1.04 seconds
Interim result:   17.49 10^6bits/s over 1.03 seconds
Interim result:   16.62 10^6bits/s over 1.05 seconds
Interim result:   17.35 10^6bits/s over 1.04 seconds
Interim result:   17.52 10^6bits/s over 1.06 seconds
Interim result:   17.12 10^6bits/s over 1.03 seconds
Interim result:   17.11 10^6bits/s over 1.03 seconds
Interim result:   17.48 10^6bits/s over 1.02 seconds
Interim result:   17.38 10^6bits/s over 1.00 seconds
Interim result:   17.35 10^6bits/s over 1.00 seconds
Interim result:   16.95 10^6bits/s over 1.02 seconds
Interim result:   16.71 10^6bits/s over 1.02 seconds
Interim result:   15.94 10^6bits/s over 1.09 seconds
Interim result:   18.37 10^6bits/s over 1.02 seconds
Interim result:   16.98 10^6bits/s over 1.08 seconds
Interim result:   17.35 10^6bits/s over 1.02 seconds
Interim result:   16.99 10^6bits/s over 1.04 seconds
Interim result:   17.31 10^6bits/s over 1.02 seconds
Interim result:   17.14 10^6bits/s over 1.01 seconds
Interim result:   17.50 10^6bits/s over 1.02 seconds
Interim result:   16.31 10^6bits/s over 1.08 seconds
Interim result:   16.46 10^6bits/s over 1.06 seconds
Interim result:   15.41 10^6bits/s over 1.13 seconds
Interim result:   17.85 10^6bits/s over 1.04 seconds
Interim result:   17.20 10^6bits/s over 1.04 seconds
Interim result:   16.53 10^6bits/s over 1.04 seconds
Interim result:   17.01 10^6bits/s over 1.02 seconds
Interim result:   18.22 10^6bits/s over 1.00 seconds
Interim result:   17.05 10^6bits/s over 1.06 seconds
Interim result:   17.95 10^6bits/s over 1.01 seconds
Interim result:   16.85 10^6bits/s over 1.07 seconds
Interim result:   16.54 10^6bits/s over 1.02 seconds
Interim result:   17.28 10^6bits/s over 1.02 seconds
Interim result:   16.86 10^6bits/s over 1.04 seconds
Interim result:   16.99 10^6bits/s over 1.03 seconds
Interim result:   16.52 10^6bits/s over 1.03 seconds
Interim result:   17.25 10^6bits/s over 1.03 seconds
Interim result:   16.77 10^6bits/s over 1.02 seconds
Interim result:   16.76 10^6bits/s over 1.04 seconds
Interim result:   17.71 10^6bits/s over 1.02 seconds
Interim result:   16.73 10^6bits/s over 1.06 seconds
Interim result:   16.67 10^6bits/s over 1.03 seconds
Interim result:   17.58 10^6bits/s over 1.05 seconds
Interim result:   17.06 10^6bits/s over 1.05 seconds
Interim result:   16.55 10^6bits/s over 1.05 seconds
Interim result:   16.51 10^6bits/s over 1.06 seconds
Interim result:   16.46 10^6bits/s over 1.00 seconds
Interim result:   16.72 10^6bits/s over 1.04 seconds
Interim result:   17.27 10^6bits/s over 1.02 seconds
Interim result:   16.94 10^6bits/s over 1.02 seconds
Interim result:   17.03 10^6bits/s over 1.05 seconds
Recv   Send    Send                          
Socket Socket  Message  Elapsed              
Size   Size    Size     Time     Throughput  
bytes  bytes   bytes    secs.    10^6bits/sec  

 87380  16384  16384    60.12      17.02   
