TCP STREAM TEST from 0.0.0.0 (0.0.0.0) port 0 AF_INET to 10.0.0.67 (10.0.0.67) port 0 AF_INET : demo
Interim result:   16.73 10^6bits/s over 1.01 seconds
Interim result:   16.80 10^6bits/s over 1.01 seconds
Interim result:   16.60 10^6bits/s over 1.00 seconds
Interim result:   17.21 10^6bits/s over 1.01 seconds
Interim result:   17.45 10^6bits/s over 1.02 seconds
Interim result:   17.89 10^6bits/s over 1.03 seconds
Interim result:   17.41 10^6bits/s over 1.02 seconds
Interim result:   17.06 10^6bits/s over 1.02 seconds
Interim result:   16.15 10^6bits/s over 1.06 seconds
Interim result:   16.96 10^6bits/s over 1.04 seconds
Interim result:   17.89 10^6bits/s over 1.01 seconds
Interim result:   16.56 10^6bits/s over 1.08 seconds
Interim result:   16.92 10^6bits/s over 1.01 seconds
Interim result:   16.51 10^6bits/s over 1.04 seconds
Interim result:   17.13 10^6bits/s over 1.03 seconds
Interim result:   17.19 10^6bits/s over 1.02 seconds
Interim result:   16.67 10^6bits/s over 1.03 seconds
Interim result:   16.68 10^6bits/s over 1.04 seconds
Interim result:   17.43 10^6bits/s over 1.02 seconds
Interim result:   16.63 10^6bits/s over 1.05 seconds
Interim result:   16.88 10^6bits/s over 1.02 seconds
Interim result:   17.55 10^6bits/s over 1.02 seconds
Interim result:   17.02 10^6bits/s over 1.03 seconds
Interim result:   16.41 10^6bits/s over 1.04 seconds
Interim result:   16.73 10^6bits/s over 1.04 seconds
Interim result:   17.51 10^6bits/s over 1.02 seconds
Interim result:   17.19 10^6bits/s over 1.02 seconds
Interim result:   17.07 10^6bits/s over 1.01 seconds
Interim result:   17.42 10^6bits/s over 1.02 seconds
Interim result:   17.08 10^6bits/s over 1.02 seconds
Interim result:   16.42 10^6bits/s over 1.05 seconds
Interim result:   16.06 10^6bits/s over 1.02 seconds
Interim result:   16.78 10^6bits/s over 1.02 seconds
Interim result:   17.02 10^6bits/s over 1.02 seconds
Interim result:   17.28 10^6bits/s over 1.02 seconds
Interim result:   16.67 10^6bits/s over 1.03 seconds
Interim result:   16.59 10^6bits/s over 1.01 seconds
Interim result:   16.33 10^6bits/s over 1.01 seconds
Interim result:   16.09 10^6bits/s over 1.04 seconds
Interim result:   16.73 10^6bits/s over 1.02 seconds
Interim result:   16.32 10^6bits/s over 1.03 seconds
Interim result:   16.26 10^6bits/s over 1.02 seconds
Interim result:   16.71 10^6bits/s over 1.04 seconds
Interim result:   16.58 10^6bits/s over 1.00 seconds
Interim result:   16.91 10^6bits/s over 1.03 seconds
Interim result:   16.96 10^6bits/s over 1.03 seconds
Interim result:   17.18 10^6bits/s over 1.03 seconds
Interim result:   16.68 10^6bits/s over 1.04 seconds
Interim result:   16.48 10^6bits/s over 1.01 seconds
Interim result:   16.76 10^6bits/s over 1.04 seconds
Interim result:   16.96 10^6bits/s over 1.03 seconds
Interim result:   16.47 10^6bits/s over 1.04 seconds
Interim result:   17.30 10^6bits/s over 1.00 seconds
Interim result:   16.48 10^6bits/s over 1.05 seconds
Interim result:   16.67 10^6bits/s over 1.03 seconds
Interim result:   17.32 10^6bits/s over 1.04 seconds
Interim result:   17.09 10^6bits/s over 1.03 seconds
Interim result:   16.75 10^6bits/s over 1.05 seconds
Recv   Send    Send                          
Socket Socket  Message  Elapsed              
Size   Size    Size     Time     Throughput  
bytes  bytes   bytes    secs.    10^6bits/sec  

 87380  16384  16384    60.10      16.84   
