TCP REQUEST/RESPONSE TEST from 0.0.0.0 (0.0.0.0) port 0 AF_INET to 10.0.0.67 (10.0.0.67) port 0 AF_INET : demo
Interim result: 880.52 Trans/s over 1.14 seconds
Interim result: 841.59 Trans/s over 1.05 seconds
Interim result: 885.36 Trans/s over 1.00 seconds
Interim result: 883.00 Trans/s over 1.01 seconds
Interim result: 931.09 Trans/s over 1.00 seconds
Interim result: 900.13 Trans/s over 1.03 seconds
Interim result: 892.83 Trans/s over 1.01 seconds
Interim result: 734.37 Trans/s over 1.22 seconds
Interim result: 845.35 Trans/s over 1.00 seconds
Interim result: 922.19 Trans/s over 1.00 seconds
Interim result: 838.83 Trans/s over 1.10 seconds
Interim result: 336.85 Trans/s over 2.49 seconds
Interim result: 894.12 Trans/s over 1.06 seconds
Interim result: 904.31 Trans/s over 1.00 seconds
Interim result: 903.18 Trans/s over 1.00 seconds
Interim result: 934.72 Trans/s over 1.00 seconds
Interim result: 895.21 Trans/s over 1.04 seconds
Interim result: 911.99 Trans/s over 1.00 seconds
Interim result: 907.05 Trans/s over 1.00 seconds
Interim result: 892.55 Trans/s over 1.02 seconds
Interim result: 887.77 Trans/s over 1.01 seconds
Interim result: 893.88 Trans/s over 1.00 seconds
Interim result: 882.64 Trans/s over 1.01 seconds
Interim result: 861.80 Trans/s over 1.02 seconds
Interim result: 726.67 Trans/s over 1.19 seconds
Interim result: 509.17 Trans/s over 1.43 seconds
Interim result: 440.67 Trans/s over 1.16 seconds
Interim result: 30.66 Trans/s over 14.38 seconds
Interim result: 872.27 Trans/s over 1.06 seconds
Interim result: 868.51 Trans/s over 1.05 seconds
Interim result: 928.88 Trans/s over 1.00 seconds
Interim result: 892.92 Trans/s over 1.04 seconds
Interim result: 881.48 Trans/s over 1.01 seconds
Interim result: 901.41 Trans/s over 1.00 seconds
Interim result: 906.16 Trans/s over 1.04 seconds
Interim result: 897.99 Trans/s over 1.01 seconds
Interim result: 891.07 Trans/s over 1.01 seconds
Interim result: 892.62 Trans/s over 1.00 seconds
Interim result: 892.32 Trans/s over 1.00 seconds
Interim result: 929.86 Trans/s over 1.00 seconds
Interim result: 746.82 Trans/s over 1.25 seconds
Interim result: 917.04 Trans/s over 1.00 seconds
Interim result: 899.32 Trans/s over 1.02 seconds
Local /Remote
Socket Size   Request  Resp.   Elapsed  Trans.
Send   Recv   Size     Size    Time     Rate         
bytes  Bytes  bytes    bytes   secs.    per sec   

16384  87380  1        1       60.00     636.00   
16384  87380 
