TCP REQUEST/RESPONSE TEST from 0.0.0.0 (0.0.0.0) port 0 AF_INET to 10.0.0.67 (10.0.0.67) port 0 AF_INET : demo
Interim result: 874.86 Trans/s over 1.14 seconds
Interim result: 355.93 Trans/s over 2.46 seconds
Interim result: 860.70 Trans/s over 1.00 seconds
Interim result: 889.82 Trans/s over 1.00 seconds
Interim result: 868.10 Trans/s over 1.03 seconds
Interim result: 900.42 Trans/s over 1.03 seconds
Interim result: 945.48 Trans/s over 1.00 seconds
Interim result: 919.46 Trans/s over 1.03 seconds
Interim result: 893.26 Trans/s over 1.03 seconds
Interim result: 920.47 Trans/s over 1.00 seconds
Interim result: 943.30 Trans/s over 1.00 seconds
Interim result: 890.86 Trans/s over 1.06 seconds
Interim result: 902.14 Trans/s over 1.01 seconds
Interim result: 896.37 Trans/s over 1.01 seconds
Interim result: 897.70 Trans/s over 1.00 seconds
Interim result: 922.90 Trans/s over 1.00 seconds
Interim result: 896.40 Trans/s over 1.03 seconds
Interim result: 881.43 Trans/s over 1.02 seconds
Interim result: 905.80 Trans/s over 1.00 seconds
Interim result: 916.13 Trans/s over 1.00 seconds
Interim result: 919.34 Trans/s over 1.00 seconds
Interim result: 906.14 Trans/s over 1.01 seconds
Interim result: 885.31 Trans/s over 1.02 seconds
Interim result: 896.84 Trans/s over 1.01 seconds
Interim result: 897.24 Trans/s over 1.00 seconds
Interim result: 932.45 Trans/s over 1.00 seconds
Interim result: 900.83 Trans/s over 1.03 seconds
Interim result: 895.97 Trans/s over 1.01 seconds
Interim result: 64.37 Trans/s over 13.92 seconds
Interim result: 900.30 Trans/s over 1.04 seconds
Interim result: 933.58 Trans/s over 1.00 seconds
Interim result: 877.99 Trans/s over 1.06 seconds
Interim result: 911.79 Trans/s over 1.00 seconds
Interim result: 895.28 Trans/s over 1.02 seconds
Interim result: 880.63 Trans/s over 1.02 seconds
Interim result: 926.04 Trans/s over 1.02 seconds
Interim result: 887.70 Trans/s over 1.04 seconds
Interim result: 920.81 Trans/s over 1.00 seconds
Interim result: 880.31 Trans/s over 1.05 seconds
Interim result: 887.34 Trans/s over 1.00 seconds
Interim result: 932.68 Trans/s over 1.00 seconds
Interim result: 898.12 Trans/s over 1.04 seconds
Interim result: 902.74 Trans/s over 1.00 seconds
Interim result: 889.28 Trans/s over 1.02 seconds
Local /Remote
Socket Size   Request  Resp.   Elapsed  Trans.
Send   Recv   Size     Size    Time     Rate         
bytes  Bytes  bytes    bytes   secs.    per sec   

16384  87380  1        1       60.00     685.35   
16384  87380 
