TCP STREAM TEST from 0.0.0.0 (0.0.0.0) port 0 AF_INET to 10.0.0.67 (10.0.0.67) port 0 AF_INET : demo
Interim result:    5.06 10^6bits/s over 1.01 seconds
Interim result:    5.89 10^6bits/s over 1.02 seconds
Interim result:    5.67 10^6bits/s over 1.02 seconds
Interim result:    6.31 10^6bits/s over 1.02 seconds
Interim result:    6.19 10^6bits/s over 1.04 seconds
Interim result:    5.69 10^6bits/s over 1.08 seconds
Interim result:    6.15 10^6bits/s over 1.07 seconds
Interim result:    6.34 10^6bits/s over 1.03 seconds
Interim result:    6.02 10^6bits/s over 1.13 seconds
Interim result:    7.15 10^6bits/s over 1.10 seconds
Interim result:    5.51 10^6bits/s over 1.29 seconds
Interim result:    6.16 10^6bits/s over 1.30 seconds
Interim result:    6.06 10^6bits/s over 1.25 seconds
Interim result:    6.26 10^6bits/s over 1.22 seconds
Interim result:    4.75 10^6bits/s over 1.33 seconds
Interim result:    5.77 10^6bits/s over 1.34 seconds
Interim result:    5.36 10^6bits/s over 1.08 seconds
Interim result:    4.67 10^6bits/s over 1.74 seconds
Interim result:    4.07 10^6bits/s over 1.16 seconds
Interim result:    4.73 10^6bits/s over 1.11 seconds
Interim result:    6.35 10^6bits/s over 1.05 seconds
Interim result:    3.51 10^6bits/s over 1.79 seconds
Interim result:    5.45 10^6bits/s over 1.83 seconds
Interim result:    6.45 10^6bits/s over 1.28 seconds
Interim result:    5.80 10^6bits/s over 1.24 seconds
Interim result:    6.34 10^6bits/s over 1.24 seconds
Interim result:    6.09 10^6bits/s over 1.25 seconds
Interim result:    6.36 10^6bits/s over 1.24 seconds
Interim result:    5.99 10^6bits/s over 1.25 seconds
Interim result:    5.97 10^6bits/s over 1.32 seconds
Interim result:    5.27 10^6bits/s over 1.12 seconds
Interim result:    5.72 10^6bits/s over 1.19 seconds
Interim result:    4.43 10^6bits/s over 1.30 seconds
Interim result:    4.71 10^6bits/s over 1.20 seconds
Interim result:    4.11 10^6bits/s over 1.15 seconds
Interim result:    3.83 10^6bits/s over 1.23 seconds
Interim result:    8.10 10^6bits/s over 1.52 seconds
Interim result:    5.07 10^6bits/s over 1.60 seconds
Interim result:    6.32 10^6bits/s over 1.27 seconds
Interim result:    6.28 10^6bits/s over 1.17 seconds
Interim result:    6.31 10^6bits/s over 1.20 seconds
Interim result:    6.10 10^6bits/s over 1.27 seconds
Interim result:    6.02 10^6bits/s over 1.26 seconds
Interim result:    5.57 10^6bits/s over 1.08 seconds
Interim result:    5.54 10^6bits/s over 1.02 seconds
Interim result:    5.18 10^6bits/s over 1.32 seconds
Interim result:    6.98 10^6bits/s over 1.22 seconds
Interim result:    5.23 10^6bits/s over 1.33 seconds
Recv   Send    Send                          
Socket Socket  Message  Elapsed              
Size   Size    Size     Time     Throughput  
bytes  bytes   bytes    secs.    10^6bits/sec  

 87380  16384  16384    60.90       5.58   
