TCP STREAM TEST from 0.0.0.0 (0.0.0.0) port 0 AF_INET to 10.0.0.67 (10.0.0.67) port 0 AF_INET : demo
Interim result:    6.62 10^6bits/s over 1.43 seconds
Interim result:    5.47 10^6bits/s over 1.22 seconds
Interim result:    4.29 10^6bits/s over 1.28 seconds
Interim result:    6.11 10^6bits/s over 1.03 seconds
Interim result:    6.11 10^6bits/s over 1.03 seconds
Interim result:    6.61 10^6bits/s over 1.03 seconds
Interim result:    6.49 10^6bits/s over 1.01 seconds
Interim result:    6.44 10^6bits/s over 1.02 seconds
Interim result:    6.17 10^6bits/s over 1.04 seconds
Interim result:    6.88 10^6bits/s over 1.07 seconds
Interim result:    5.81 10^6bits/s over 1.20 seconds
Interim result:    7.04 10^6bits/s over 1.10 seconds
Interim result:    6.79 10^6bits/s over 1.27 seconds
Interim result:    3.57 10^6bits/s over 1.91 seconds
Interim result:    6.89 10^6bits/s over 1.75 seconds
Interim result:    4.88 10^6bits/s over 1.42 seconds
Interim result:    6.62 10^6bits/s over 1.19 seconds
Interim result:    5.93 10^6bits/s over 1.13 seconds
Interim result:    4.14 10^6bits/s over 1.58 seconds
Interim result:    6.83 10^6bits/s over 1.17 seconds
Interim result:    6.39 10^6bits/s over 1.19 seconds
Interim result:    5.84 10^6bits/s over 1.21 seconds
Interim result:    6.37 10^6bits/s over 1.17 seconds
Interim result:    5.90 10^6bits/s over 1.22 seconds
Interim result:    6.18 10^6bits/s over 1.23 seconds
Interim result:    6.02 10^6bits/s over 1.24 seconds
Interim result:    6.00 10^6bits/s over 1.22 seconds
Interim result:    5.71 10^6bits/s over 1.26 seconds
Interim result:    4.08 10^6bits/s over 1.80 seconds
Interim result:    7.79 10^6bits/s over 1.36 seconds
Interim result:    6.53 10^6bits/s over 1.20 seconds
Interim result:    4.41 10^6bits/s over 1.48 seconds
Interim result:    3.33 10^6bits/s over 1.34 seconds
Interim result:    6.94 10^6bits/s over 1.57 seconds
Interim result:    5.76 10^6bits/s over 1.21 seconds
Interim result:    5.80 10^6bits/s over 1.22 seconds
Interim result:    5.77 10^6bits/s over 1.23 seconds
Interim result:    7.00 10^6bits/s over 1.05 seconds
Interim result:    5.91 10^6bits/s over 1.18 seconds
Interim result:    5.07 10^6bits/s over 1.32 seconds
Interim result:    6.28 10^6bits/s over 1.25 seconds
Interim result:    6.29 10^6bits/s over 1.21 seconds
Interim result:    6.11 10^6bits/s over 1.18 seconds
Interim result:    5.67 10^6bits/s over 1.25 seconds
Interim result:    5.73 10^6bits/s over 1.28 seconds
Interim result:    6.43 10^6bits/s over 1.20 seconds
Interim result:    6.33 10^6bits/s over 1.16 seconds
Recv   Send    Send                          
Socket Socket  Message  Elapsed              
Size   Size    Size     Time     Throughput  
bytes  bytes   bytes    secs.    10^6bits/sec  

 87380  16384  16384    60.48       5.80   
