TCP STREAM TEST from 0.0.0.0 (0.0.0.0) port 0 AF_INET to 10.0.0.67 (10.0.0.67) port 0 AF_INET : demo
Interim result:    6.15 10^6bits/s over 1.04 seconds
Interim result:    5.86 10^6bits/s over 1.05 seconds
Interim result:    5.86 10^6bits/s over 1.01 seconds
Interim result:    5.56 10^6bits/s over 1.06 seconds
Interim result:    5.30 10^6bits/s over 1.04 seconds
Interim result:    6.37 10^6bits/s over 1.03 seconds
Interim result:    6.55 10^6bits/s over 1.14 seconds
Interim result:    7.78 10^6bits/s over 1.04 seconds
Interim result:    5.05 10^6bits/s over 1.56 seconds
Interim result:    7.17 10^6bits/s over 1.12 seconds
Interim result:    5.27 10^6bits/s over 1.37 seconds
Interim result:    4.79 10^6bits/s over 1.09 seconds
Interim result:    6.11 10^6bits/s over 1.57 seconds
Interim result:    5.60 10^6bits/s over 1.33 seconds
Interim result:    7.39 10^6bits/s over 1.01 seconds
Interim result:    5.68 10^6bits/s over 1.31 seconds
Interim result:    5.50 10^6bits/s over 1.02 seconds
Interim result:    5.41 10^6bits/s over 1.02 seconds
Interim result:    6.03 10^6bits/s over 1.30 seconds
Interim result:    4.01 10^6bits/s over 1.50 seconds
Interim result:    7.94 10^6bits/s over 1.68 seconds
Interim result:    5.36 10^6bits/s over 1.49 seconds
Interim result:    3.93 10^6bits/s over 1.70 seconds
Interim result:    6.66 10^6bits/s over 4.68 seconds
Interim result:    5.61 10^6bits/s over 1.28 seconds
Interim result:    5.88 10^6bits/s over 1.29 seconds
Interim result:    6.67 10^6bits/s over 1.34 seconds
Interim result:    3.99 10^6bits/s over 1.77 seconds
Interim result:    8.33 10^6bits/s over 1.60 seconds
Interim result:    4.80 10^6bits/s over 1.75 seconds
Interim result:    4.54 10^6bits/s over 1.07 seconds
Interim result:    7.21 10^6bits/s over 1.98 seconds
Interim result:    5.80 10^6bits/s over 1.26 seconds
Interim result:    5.68 10^6bits/s over 1.29 seconds
Interim result:    7.40 10^6bits/s over 1.01 seconds
Interim result:    5.84 10^6bits/s over 1.28 seconds
Interim result:    5.55 10^6bits/s over 1.28 seconds
Interim result:    6.90 10^6bits/s over 1.29 seconds
Interim result:    4.83 10^6bits/s over 1.44 seconds
Interim result:    6.74 10^6bits/s over 1.01 seconds
Interim result:    6.57 10^6bits/s over 1.04 seconds
Interim result:    5.03 10^6bits/s over 1.30 seconds
Interim result:    4.97 10^6bits/s over 1.21 seconds
Interim result:    7.20 10^6bits/s over 1.00 seconds
Recv   Send    Send                          
Socket Socket  Message  Elapsed              
Size   Size    Size     Time     Throughput  
bytes  bytes   bytes    secs.    10^6bits/sec  

 87380  16384  16384    60.64       5.85   
