TCP STREAM TEST from 0.0.0.0 (0.0.0.0) port 0 AF_INET to 10.0.0.67 (10.0.0.67) port 0 AF_INET : demo
Interim result:    5.96 10^6bits/s over 1.45 seconds
Interim result:    5.55 10^6bits/s over 1.06 seconds
Interim result:    6.02 10^6bits/s over 1.00 seconds
Interim result:    6.37 10^6bits/s over 1.03 seconds
Interim result:    5.96 10^6bits/s over 1.08 seconds
Interim result:    6.49 10^6bits/s over 1.03 seconds
Interim result:    5.89 10^6bits/s over 1.09 seconds
Interim result:    6.56 10^6bits/s over 1.04 seconds
Interim result:    6.25 10^6bits/s over 1.05 seconds
Interim result:    5.29 10^6bits/s over 1.16 seconds
Interim result:    6.88 10^6bits/s over 1.01 seconds
Interim result:    5.72 10^6bits/s over 1.22 seconds
Interim result:    5.70 10^6bits/s over 1.06 seconds
Interim result:    5.83 10^6bits/s over 1.08 seconds
Interim result:    5.60 10^6bits/s over 1.10 seconds
Interim result:    6.17 10^6bits/s over 1.08 seconds
Interim result:    6.04 10^6bits/s over 1.02 seconds
Interim result:    6.27 10^6bits/s over 1.13 seconds
Interim result:    5.69 10^6bits/s over 1.11 seconds
Interim result:    7.73 10^6bits/s over 1.14 seconds
Interim result:    4.99 10^6bits/s over 1.55 seconds
Interim result:    6.81 10^6bits/s over 1.04 seconds
Interim result:    5.53 10^6bits/s over 1.23 seconds
Interim result:    4.09 10^6bits/s over 1.34 seconds
Interim result:    7.53 10^6bits/s over 2.65 seconds
Interim result:    5.08 10^6bits/s over 1.50 seconds
Interim result:    4.51 10^6bits/s over 1.13 seconds
Interim result:    5.04 10^6bits/s over 1.14 seconds
Interim result:    4.49 10^6bits/s over 1.11 seconds
Interim result:    5.73 10^6bits/s over 1.10 seconds
Interim result:    3.99 10^6bits/s over 1.74 seconds
Interim result:    7.09 10^6bits/s over 1.92 seconds
Interim result:    5.80 10^6bits/s over 1.27 seconds
Interim result:    4.14 10^6bits/s over 1.39 seconds
Interim result:    7.65 10^6bits/s over 1.82 seconds
Interim result:    5.29 10^6bits/s over 1.44 seconds
Interim result:    5.64 10^6bits/s over 1.25 seconds
Interim result:    5.76 10^6bits/s over 1.27 seconds
Interim result:    6.27 10^6bits/s over 1.21 seconds
Interim result:    6.65 10^6bits/s over 1.18 seconds
Interim result:    6.48 10^6bits/s over 1.21 seconds
Interim result:    5.98 10^6bits/s over 1.21 seconds
Interim result:    6.39 10^6bits/s over 1.21 seconds
Interim result:    6.08 10^6bits/s over 1.23 seconds
Interim result:    4.52 10^6bits/s over 1.33 seconds
Interim result:    6.67 10^6bits/s over 2.48 seconds
Recv   Send    Send                          
Socket Socket  Message  Elapsed              
Size   Size    Size     Time     Throughput  
bytes  bytes   bytes    secs.    10^6bits/sec  

 87380  16384  16384    60.56       5.84   
