TCP STREAM TEST from 0.0.0.0 (0.0.0.0) port 0 AF_INET to 10.0.0.67 (10.0.0.67) port 0 AF_INET : demo
Interim result:    6.19 10^6bits/s over 1.12 seconds
Interim result:    6.34 10^6bits/s over 1.03 seconds
Interim result:    6.53 10^6bits/s over 1.00 seconds
Interim result:    6.25 10^6bits/s over 1.05 seconds
Interim result:    6.10 10^6bits/s over 1.01 seconds
Interim result:    6.92 10^6bits/s over 1.00 seconds
Interim result:    6.51 10^6bits/s over 1.13 seconds
Interim result:    7.74 10^6bits/s over 1.03 seconds
Interim result:    4.59 10^6bits/s over 1.69 seconds
Interim result:    7.12 10^6bits/s over 1.58 seconds
Interim result:    6.11 10^6bits/s over 1.18 seconds
Interim result:    5.36 10^6bits/s over 1.22 seconds
Interim result:    6.09 10^6bits/s over 1.23 seconds
Interim result:    5.86 10^6bits/s over 1.21 seconds
Interim result:    6.27 10^6bits/s over 1.19 seconds
Interim result:    5.90 10^6bits/s over 1.22 seconds
Interim result:    6.58 10^6bits/s over 1.18 seconds
Interim result:    6.12 10^6bits/s over 1.20 seconds
Interim result:    5.13 10^6bits/s over 1.20 seconds
Interim result:    6.22 10^6bits/s over 1.26 seconds
Interim result:    5.82 10^6bits/s over 1.19 seconds
Interim result:    5.53 10^6bits/s over 1.04 seconds
Interim result:    5.92 10^6bits/s over 1.17 seconds
Interim result:    6.59 10^6bits/s over 1.17 seconds
Interim result:    5.66 10^6bits/s over 1.23 seconds
Interim result:    6.52 10^6bits/s over 1.15 seconds
Interim result:    5.90 10^6bits/s over 1.20 seconds
Interim result:    6.53 10^6bits/s over 1.18 seconds
Interim result:    6.27 10^6bits/s over 1.21 seconds
Interim result:    6.18 10^6bits/s over 1.17 seconds
Interim result:    5.27 10^6bits/s over 1.27 seconds
Interim result:    6.19 10^6bits/s over 1.14 seconds
Interim result:    6.96 10^6bits/s over 1.17 seconds
Interim result:    4.14 10^6bits/s over 1.68 seconds
Interim result:    6.97 10^6bits/s over 2.60 seconds
Interim result:    5.99 10^6bits/s over 1.18 seconds
Interim result:    5.48 10^6bits/s over 1.29 seconds
Interim result:    5.84 10^6bits/s over 1.26 seconds
Interim result:    5.84 10^6bits/s over 1.28 seconds
Interim result:    6.06 10^6bits/s over 1.26 seconds
Interim result:    6.11 10^6bits/s over 1.16 seconds
Interim result:    5.85 10^6bits/s over 1.16 seconds
Interim result:    6.11 10^6bits/s over 1.20 seconds
Interim result:    6.00 10^6bits/s over 1.16 seconds
Interim result:    4.47 10^6bits/s over 1.58 seconds
Interim result:    6.89 10^6bits/s over 2.68 seconds
Interim result:    5.51 10^6bits/s over 1.26 seconds
Recv   Send    Send                          
Socket Socket  Message  Elapsed              
Size   Size    Size     Time     Throughput  
bytes  bytes   bytes    secs.    10^6bits/sec  

 87380  16384  16384    60.64       5.99   
