TCP STREAM TEST from 0.0.0.0 (0.0.0.0) port 0 AF_INET to 10.0.0.67 (10.0.0.67) port 0 AF_INET : demo
Interim result:    5.14 10^6bits/s over 1.78 seconds
Interim result:    5.10 10^6bits/s over 1.00 seconds
Interim result:    5.80 10^6bits/s over 1.04 seconds
Interim result:    4.70 10^6bits/s over 1.23 seconds
Interim result:    6.17 10^6bits/s over 1.02 seconds
Interim result:    6.15 10^6bits/s over 1.02 seconds
Interim result:    6.32 10^6bits/s over 1.04 seconds
Interim result:    6.09 10^6bits/s over 1.01 seconds
Interim result:    6.43 10^6bits/s over 1.02 seconds
Interim result:    5.53 10^6bits/s over 1.16 seconds
Interim result:    6.04 10^6bits/s over 1.02 seconds
Interim result:    6.28 10^6bits/s over 1.00 seconds
Interim result:    5.91 10^6bits/s over 1.06 seconds
Interim result:    6.01 10^6bits/s over 1.05 seconds
Interim result:    5.94 10^6bits/s over 1.04 seconds
Interim result:    6.39 10^6bits/s over 1.03 seconds
Interim result:    6.30 10^6bits/s over 1.06 seconds
Interim result:    7.00 10^6bits/s over 1.05 seconds
Interim result:    6.72 10^6bits/s over 1.05 seconds
Interim result:    6.48 10^6bits/s over 1.17 seconds
Interim result:    6.04 10^6bits/s over 1.45 seconds
Interim result:    6.21 10^6bits/s over 1.25 seconds
Interim result:    6.09 10^6bits/s over 1.03 seconds
Interim result:    4.20 10^6bits/s over 1.43 seconds
Interim result:    7.10 10^6bits/s over 1.66 seconds
Interim result:    5.28 10^6bits/s over 1.36 seconds
Interim result:    5.32 10^6bits/s over 1.50 seconds
Interim result:    6.48 10^6bits/s over 1.11 seconds
Interim result:    3.75 10^6bits/s over 1.85 seconds
Interim result:    8.81 10^6bits/s over 1.31 seconds
Interim result:    5.51 10^6bits/s over 1.59 seconds
Interim result:    5.48 10^6bits/s over 1.00 seconds
Interim result:    4.74 10^6bits/s over 1.16 seconds
Interim result:    5.85 10^6bits/s over 1.37 seconds
Interim result:    5.88 10^6bits/s over 1.29 seconds
Interim result:    6.51 10^6bits/s over 1.33 seconds
Interim result:    6.31 10^6bits/s over 1.04 seconds
Interim result:    5.36 10^6bits/s over 1.32 seconds
Interim result:    6.20 10^6bits/s over 1.29 seconds
Interim result:    6.00 10^6bits/s over 1.03 seconds
Interim result:    5.98 10^6bits/s over 1.01 seconds
Interim result:    6.21 10^6bits/s over 1.31 seconds
Interim result:    6.43 10^6bits/s over 1.28 seconds
Interim result:    4.88 10^6bits/s over 1.32 seconds
Interim result:    7.03 10^6bits/s over 1.29 seconds
Interim result:    7.02 10^6bits/s over 1.01 seconds
Interim result:    5.13 10^6bits/s over 1.35 seconds
Interim result:    5.05 10^6bits/s over 1.04 seconds
Interim result:    5.82 10^6bits/s over 1.35 seconds
Recv   Send    Send                          
Socket Socket  Message  Elapsed              
Size   Size    Size     Time     Throughput  
bytes  bytes   bytes    secs.    10^6bits/sec  

 87380  16384  16384    60.86       5.83   
