TCP STREAM TEST from 0.0.0.0 (0.0.0.0) port 0 AF_INET to 10.0.0.67 (10.0.0.67) port 0 AF_INET : demo
Interim result:    5.30 10^6bits/s over 1.61 seconds
Interim result:    4.44 10^6bits/s over 1.18 seconds
Interim result:    5.06 10^6bits/s over 1.09 seconds
Interim result:    6.31 10^6bits/s over 1.04 seconds
Interim result:    6.25 10^6bits/s over 1.01 seconds
Interim result:    6.32 10^6bits/s over 1.08 seconds
Interim result:    6.33 10^6bits/s over 1.02 seconds
Interim result:    6.24 10^6bits/s over 1.03 seconds
Interim result:    6.49 10^6bits/s over 1.03 seconds
Interim result:    6.38 10^6bits/s over 1.03 seconds
Interim result:    5.44 10^6bits/s over 1.16 seconds
Interim result:    6.93 10^6bits/s over 1.02 seconds
Interim result:    5.75 10^6bits/s over 1.21 seconds
Interim result:    5.70 10^6bits/s over 1.10 seconds
Interim result:    6.89 10^6bits/s over 1.05 seconds
Interim result:    5.04 10^6bits/s over 1.35 seconds
Interim result:    5.26 10^6bits/s over 1.12 seconds
Interim result:    6.73 10^6bits/s over 1.15 seconds
Interim result:    6.21 10^6bits/s over 1.10 seconds
Interim result:    5.94 10^6bits/s over 1.04 seconds
Interim result:    3.86 10^6bits/s over 1.53 seconds
Interim result:    5.82 10^6bits/s over 1.26 seconds
Interim result:    6.20 10^6bits/s over 1.10 seconds
Interim result:    5.99 10^6bits/s over 1.03 seconds
Interim result:    6.25 10^6bits/s over 1.05 seconds
Interim result:    6.06 10^6bits/s over 1.08 seconds
Interim result:    5.73 10^6bits/s over 1.12 seconds
Interim result:    5.46 10^6bits/s over 1.03 seconds
Interim result:    6.48 10^6bits/s over 1.07 seconds
Interim result:    4.65 10^6bits/s over 1.38 seconds
Interim result:    5.84 10^6bits/s over 1.03 seconds
Interim result:    6.26 10^6bits/s over 1.03 seconds
Interim result:    6.55 10^6bits/s over 1.04 seconds
Interim result:    5.61 10^6bits/s over 1.17 seconds
Interim result:    6.51 10^6bits/s over 1.07 seconds
Interim result:    6.13 10^6bits/s over 1.07 seconds
Interim result:    3.78 10^6bits/s over 1.59 seconds
Interim result:    5.46 10^6bits/s over 1.39 seconds
Interim result:    5.35 10^6bits/s over 1.28 seconds
Interim result:    6.00 10^6bits/s over 1.05 seconds
Interim result:    5.62 10^6bits/s over 1.07 seconds
Interim result:    5.07 10^6bits/s over 1.16 seconds
Interim result:    4.64 10^6bits/s over 1.27 seconds
Interim result:    3.26 10^6bits/s over 1.41 seconds
Interim result:    4.00 10^6bits/s over 1.11 seconds
Interim result:    6.83 10^6bits/s over 1.02 seconds
Interim result:    5.92 10^6bits/s over 1.15 seconds
Interim result:    4.80 10^6bits/s over 1.23 seconds
Interim result:    5.91 10^6bits/s over 1.09 seconds
Interim result:    5.61 10^6bits/s over 1.05 seconds
Interim result:    2.95 10^6bits/s over 1.91 seconds
Recv   Send    Send                          
Socket Socket  Message  Elapsed              
Size   Size    Size     Time     Throughput  
bytes  bytes   bytes    secs.    10^6bits/sec  

 87380  16384  16384    60.50       5.45   
