TCP STREAM TEST from 0.0.0.0 (0.0.0.0) port 0 AF_INET to 10.0.0.67 (10.0.0.67) port 0 AF_INET : demo
Interim result:    6.41 10^6bits/s over 1.08 seconds
Interim result:    6.24 10^6bits/s over 1.03 seconds
Interim result:    4.37 10^6bits/s over 1.41 seconds
Interim result:    5.38 10^6bits/s over 1.05 seconds
Interim result:    5.10 10^6bits/s over 1.05 seconds
Interim result:    4.87 10^6bits/s over 1.05 seconds
Interim result:    5.33 10^6bits/s over 1.01 seconds
Interim result:    4.83 10^6bits/s over 1.09 seconds
Interim result:    6.38 10^6bits/s over 1.07 seconds
Interim result:    6.01 10^6bits/s over 1.05 seconds
Interim result:    6.08 10^6bits/s over 1.06 seconds
Interim result:    6.27 10^6bits/s over 1.07 seconds
Interim result:    6.13 10^6bits/s over 1.07 seconds
Interim result:    6.11 10^6bits/s over 1.03 seconds
Interim result:    6.06 10^6bits/s over 1.02 seconds
Interim result:    0.84 10^6bits/s over 7.15 seconds
Interim result:    6.18 10^6bits/s over 1.63 seconds
Interim result:    4.99 10^6bits/s over 1.23 seconds
Interim result:    5.36 10^6bits/s over 1.03 seconds
Interim result:    6.44 10^6bits/s over 1.10 seconds
Interim result:    6.37 10^6bits/s over 1.01 seconds
Interim result:    6.15 10^6bits/s over 1.04 seconds
Interim result:    5.13 10^6bits/s over 1.20 seconds
Interim result:    7.22 10^6bits/s over 2.01 seconds
Interim result:    6.38 10^6bits/s over 1.13 seconds
Interim result:    5.89 10^6bits/s over 1.09 seconds
Interim result:    4.73 10^6bits/s over 1.25 seconds
Interim result:    7.77 10^6bits/s over 1.11 seconds
Interim result:    5.12 10^6bits/s over 1.51 seconds
Interim result:    6.53 10^6bits/s over 1.12 seconds
Interim result:    5.82 10^6bits/s over 1.13 seconds
Interim result:    6.32 10^6bits/s over 1.12 seconds
Interim result:    7.31 10^6bits/s over 1.08 seconds
Interim result:    4.92 10^6bits/s over 1.49 seconds
Interim result:    5.53 10^6bits/s over 1.66 seconds
Interim result:    7.09 10^6bits/s over 1.39 seconds
Interim result:    6.26 10^6bits/s over 1.13 seconds
Interim result:    4.11 10^6bits/s over 1.53 seconds
Interim result:    7.26 10^6bits/s over 1.97 seconds
Interim result:    6.59 10^6bits/s over 1.11 seconds
Interim result:    5.40 10^6bits/s over 1.21 seconds
Interim result:    6.83 10^6bits/s over 1.11 seconds
Interim result:    6.12 10^6bits/s over 1.14 seconds
Interim result:    5.73 10^6bits/s over 1.19 seconds
Recv   Send    Send                          
Socket Socket  Message  Elapsed              
Size   Size    Size     Time     Throughput  
bytes  bytes   bytes    secs.    10^6bits/sec  

 87380  16384  16384    60.68       5.28   
