TCP STREAM TEST from 0.0.0.0 (0.0.0.0) port 0 AF_INET to 10.0.0.67 (10.0.0.67) port 0 AF_INET : demo
Interim result:    6.46 10^6bits/s over 1.22 seconds
Interim result:    6.33 10^6bits/s over 1.03 seconds
Interim result:    6.18 10^6bits/s over 1.02 seconds
Interim result:    6.33 10^6bits/s over 1.01 seconds
Interim result:    6.99 10^6bits/s over 1.01 seconds
Interim result:    6.31 10^6bits/s over 1.10 seconds
Interim result:    6.36 10^6bits/s over 1.11 seconds
Interim result:    6.32 10^6bits/s over 1.14 seconds
Interim result:    4.22 10^6bits/s over 1.49 seconds
Interim result:    7.36 10^6bits/s over 1.41 seconds
Interim result:    5.58 10^6bits/s over 1.34 seconds
Interim result:    5.54 10^6bits/s over 1.25 seconds
Interim result:    5.58 10^6bits/s over 1.32 seconds
Interim result:    6.10 10^6bits/s over 1.27 seconds
Interim result:    6.07 10^6bits/s over 1.02 seconds
Interim result:    5.75 10^6bits/s over 1.35 seconds
Interim result:    4.41 10^6bits/s over 1.31 seconds
Interim result:    5.11 10^6bits/s over 1.20 seconds
Interim result:    6.61 10^6bits/s over 1.25 seconds
Interim result:    5.81 10^6bits/s over 1.22 seconds
Interim result:    5.79 10^6bits/s over 1.27 seconds
Interim result:    5.66 10^6bits/s over 1.02 seconds
Interim result:    6.30 10^6bits/s over 1.23 seconds
Interim result:    5.77 10^6bits/s over 1.30 seconds
Interim result:    7.01 10^6bits/s over 1.27 seconds
Interim result:    5.80 10^6bits/s over 1.22 seconds
Interim result:    5.04 10^6bits/s over 1.14 seconds
Interim result:    5.25 10^6bits/s over 1.40 seconds
Interim result:    4.02 10^6bits/s over 1.34 seconds
Interim result:    6.00 10^6bits/s over 1.27 seconds
Interim result:    6.55 10^6bits/s over 1.20 seconds
Interim result:    6.05 10^6bits/s over 1.21 seconds
Interim result:    5.57 10^6bits/s over 1.36 seconds
Interim result:    6.61 10^6bits/s over 1.29 seconds
Interim result:    5.80 10^6bits/s over 1.22 seconds
Interim result:    5.32 10^6bits/s over 1.11 seconds
Interim result:    5.79 10^6bits/s over 1.22 seconds
Interim result:    6.12 10^6bits/s over 1.22 seconds
Interim result:    6.51 10^6bits/s over 1.17 seconds
Interim result:    6.35 10^6bits/s over 1.03 seconds
Interim result:    5.45 10^6bits/s over 1.25 seconds
Interim result:    7.32 10^6bits/s over 1.22 seconds
Interim result:    5.79 10^6bits/s over 1.27 seconds
Interim result:    5.49 10^6bits/s over 1.22 seconds
Interim result:    5.94 10^6bits/s over 1.26 seconds
Interim result:    5.76 10^6bits/s over 1.05 seconds
Interim result:    5.47 10^6bits/s over 1.29 seconds
Interim result:    4.93 10^6bits/s over 1.57 seconds
Recv   Send    Send                          
Socket Socket  Message  Elapsed              
Size   Size    Size     Time     Throughput  
bytes  bytes   bytes    secs.    10^6bits/sec  

 87380  16384  16384    60.89       5.83   
