TCP STREAM TEST from 0.0.0.0 (0.0.0.0) port 0 AF_INET to 10.0.0.67 (10.0.0.67) port 0 AF_INET : demo
Interim result:    6.46 10^6bits/s over 1.24 seconds
Interim result:    6.14 10^6bits/s over 1.05 seconds
Interim result:    6.12 10^6bits/s over 1.01 seconds
Interim result:    6.36 10^6bits/s over 1.03 seconds
Interim result:    5.31 10^6bits/s over 1.18 seconds
Interim result:    5.63 10^6bits/s over 1.00 seconds
Interim result:    5.05 10^6bits/s over 1.12 seconds
Interim result:    3.71 10^6bits/s over 1.38 seconds
Interim result:    5.33 10^6bits/s over 1.23 seconds
Interim result:    5.52 10^6bits/s over 1.05 seconds
Interim result:    5.13 10^6bits/s over 1.07 seconds
Interim result:    5.94 10^6bits/s over 1.04 seconds
Interim result:    5.86 10^6bits/s over 1.01 seconds
Interim result:    6.31 10^6bits/s over 1.04 seconds
Interim result:    6.50 10^6bits/s over 1.03 seconds
Interim result:    6.01 10^6bits/s over 1.07 seconds
Interim result:    6.36 10^6bits/s over 1.03 seconds
Interim result:    6.25 10^6bits/s over 1.01 seconds
Interim result:    6.91 10^6bits/s over 1.21 seconds
Interim result:    7.51 10^6bits/s over 1.13 seconds
Interim result:    5.13 10^6bits/s over 1.46 seconds
Interim result:    7.48 10^6bits/s over 1.02 seconds
Interim result:    6.05 10^6bits/s over 1.23 seconds
Interim result:    4.70 10^6bits/s over 1.28 seconds
Interim result:    6.35 10^6bits/s over 1.30 seconds
Interim result:    6.23 10^6bits/s over 1.24 seconds
Interim result:    6.12 10^6bits/s over 1.31 seconds
Interim result:    6.04 10^6bits/s over 1.26 seconds
Interim result:    6.44 10^6bits/s over 1.20 seconds
Interim result:    6.35 10^6bits/s over 1.01 seconds
Interim result:    5.48 10^6bits/s over 1.27 seconds
Interim result:    5.30 10^6bits/s over 1.63 seconds
Interim result:    7.30 10^6bits/s over 1.26 seconds
Interim result:    5.75 10^6bits/s over 1.28 seconds
Interim result:    5.82 10^6bits/s over 1.28 seconds
Interim result:    5.37 10^6bits/s over 1.27 seconds
Interim result:    5.05 10^6bits/s over 1.06 seconds
Interim result:    7.07 10^6bits/s over 1.45 seconds
Interim result:    5.09 10^6bits/s over 1.39 seconds
Interim result:    5.05 10^6bits/s over 1.01 seconds
Interim result:    5.32 10^6bits/s over 1.28 seconds
Interim result:    1.84 10^6bits/s over 4.35 seconds
Interim result:    5.14 10^6bits/s over 1.02 seconds
Interim result:    5.32 10^6bits/s over 1.23 seconds
Interim result:    5.70 10^6bits/s over 1.47 seconds
Interim result:    6.23 10^6bits/s over 1.26 seconds
Interim result:    5.09 10^6bits/s over 1.24 seconds
Recv   Send    Send                          
Socket Socket  Message  Elapsed              
Size   Size    Size     Time     Throughput  
bytes  bytes   bytes    secs.    10^6bits/sec  

 87380  16384  16384    60.75       5.47   
