TCP STREAM TEST from 0.0.0.0 (0.0.0.0) port 0 AF_INET to 10.0.0.67 (10.0.0.67) port 0 AF_INET : demo
Interim result:    6.49 10^6bits/s over 1.45 seconds
Interim result:    6.17 10^6bits/s over 1.06 seconds
Interim result:    5.65 10^6bits/s over 1.09 seconds
Interim result:    6.32 10^6bits/s over 1.06 seconds
Interim result:    6.22 10^6bits/s over 1.01 seconds
Interim result:    6.11 10^6bits/s over 1.12 seconds
Interim result:    6.94 10^6bits/s over 1.00 seconds
Interim result:    6.29 10^6bits/s over 1.11 seconds
Interim result:    5.94 10^6bits/s over 1.15 seconds
Interim result:    6.19 10^6bits/s over 1.14 seconds
Interim result:    5.97 10^6bits/s over 1.23 seconds
Interim result:    6.32 10^6bits/s over 1.18 seconds
Interim result:    6.14 10^6bits/s over 1.17 seconds
Interim result:    6.19 10^6bits/s over 1.17 seconds
Interim result:    6.18 10^6bits/s over 1.19 seconds
Interim result:    6.25 10^6bits/s over 1.17 seconds
Interim result:    4.38 10^6bits/s over 1.41 seconds
Interim result:    7.85 10^6bits/s over 1.59 seconds
Interim result:    5.64 10^6bits/s over 1.40 seconds
Interim result:    5.15 10^6bits/s over 1.48 seconds
Interim result:    7.08 10^6bits/s over 1.28 seconds
Interim result:    5.97 10^6bits/s over 1.19 seconds
Interim result:    6.44 10^6bits/s over 1.18 seconds
Interim result:    6.32 10^6bits/s over 1.16 seconds
Interim result:    5.68 10^6bits/s over 1.22 seconds
Interim result:    6.15 10^6bits/s over 1.19 seconds
Interim result:    6.21 10^6bits/s over 1.18 seconds
Interim result:    5.94 10^6bits/s over 1.24 seconds
Interim result:    4.89 10^6bits/s over 1.15 seconds
Interim result:    6.49 10^6bits/s over 1.15 seconds
Interim result:    5.95 10^6bits/s over 1.21 seconds
Interim result:    6.84 10^6bits/s over 1.19 seconds
Interim result:    5.23 10^6bits/s over 1.30 seconds
Interim result:    5.58 10^6bits/s over 1.17 seconds
Interim result:    6.87 10^6bits/s over 1.18 seconds
Interim result:    5.52 10^6bits/s over 1.26 seconds
Interim result:    3.98 10^6bits/s over 1.38 seconds
Interim result:    6.52 10^6bits/s over 1.73 seconds
Interim result:    5.56 10^6bits/s over 1.18 seconds
Interim result:    6.45 10^6bits/s over 1.20 seconds
Interim result:    5.92 10^6bits/s over 1.17 seconds
Interim result:    6.72 10^6bits/s over 1.13 seconds
Interim result:    5.91 10^6bits/s over 1.22 seconds
Interim result:    6.25 10^6bits/s over 1.15 seconds
Interim result:    6.41 10^6bits/s over 1.17 seconds
Interim result:    6.07 10^6bits/s over 1.14 seconds
Interim result:    6.83 10^6bits/s over 1.15 seconds
Interim result:    5.86 10^6bits/s over 1.25 seconds
Interim result:    6.34 10^6bits/s over 1.26 seconds
Recv   Send    Send                          
Socket Socket  Message  Elapsed              
Size   Size    Size     Time     Throughput  
bytes  bytes   bytes    secs.    10^6bits/sec  

 87380  16384  16384    61.23       5.98   
