TCP STREAM TEST from 0.0.0.0 (0.0.0.0) port 0 AF_INET to 10.0.0.67 (10.0.0.67) port 0 AF_INET : demo
Interim result:    5.73 10^6bits/s over 1.30 seconds
Interim result:    6.62 10^6bits/s over 1.05 seconds
Interim result:    6.46 10^6bits/s over 1.02 seconds
Interim result:    6.58 10^6bits/s over 1.02 seconds
Interim result:    6.71 10^6bits/s over 1.05 seconds
Interim result:    6.57 10^6bits/s over 1.08 seconds
Interim result:    7.38 10^6bits/s over 1.03 seconds
Interim result:    6.58 10^6bits/s over 1.12 seconds
Interim result:    5.76 10^6bits/s over 1.16 seconds
Interim result:    4.69 10^6bits/s over 1.23 seconds
Interim result:    6.34 10^6bits/s over 1.20 seconds
Interim result:    6.51 10^6bits/s over 1.19 seconds
Interim result:    5.76 10^6bits/s over 1.25 seconds
Interim result:    6.57 10^6bits/s over 1.20 seconds
Interim result:    6.11 10^6bits/s over 1.20 seconds
Interim result:    6.39 10^6bits/s over 1.21 seconds
Interim result:    6.64 10^6bits/s over 1.18 seconds
Interim result:    6.29 10^6bits/s over 1.21 seconds
Interim result:    6.90 10^6bits/s over 1.20 seconds
Interim result:    4.64 10^6bits/s over 1.50 seconds
Interim result:    6.72 10^6bits/s over 1.23 seconds
Interim result:    6.36 10^6bits/s over 1.20 seconds
Interim result:    5.99 10^6bits/s over 1.20 seconds
Interim result:    6.48 10^6bits/s over 1.21 seconds
Interim result:    6.42 10^6bits/s over 1.18 seconds
Interim result:    6.49 10^6bits/s over 1.15 seconds
Interim result:    2.63 10^6bits/s over 2.44 seconds
Interim result:    6.05 10^6bits/s over 1.28 seconds
Interim result:    5.34 10^6bits/s over 1.13 seconds
Interim result:    6.19 10^6bits/s over 1.21 seconds
Interim result:    6.35 10^6bits/s over 1.20 seconds
Interim result:    6.01 10^6bits/s over 1.22 seconds
Interim result:    6.24 10^6bits/s over 1.24 seconds
Interim result:    6.50 10^6bits/s over 1.21 seconds
Interim result:    5.46 10^6bits/s over 1.20 seconds
Interim result:    5.10 10^6bits/s over 1.34 seconds
Interim result:    6.25 10^6bits/s over 1.26 seconds
Interim result:    5.53 10^6bits/s over 1.14 seconds
Interim result:    5.74 10^6bits/s over 1.21 seconds
Interim result:    7.00 10^6bits/s over 1.20 seconds
Interim result:    5.81 10^6bits/s over 1.22 seconds
Interim result:    5.04 10^6bits/s over 1.14 seconds
Interim result:    5.89 10^6bits/s over 1.11 seconds
Interim result:    5.51 10^6bits/s over 1.19 seconds
Interim result:    6.30 10^6bits/s over 1.23 seconds
Interim result:    6.63 10^6bits/s over 1.19 seconds
Interim result:    5.83 10^6bits/s over 1.26 seconds
Interim result:    6.51 10^6bits/s over 1.21 seconds
Interim result:    5.97 10^6bits/s over 1.10 seconds
Recv   Send    Send                          
Socket Socket  Message  Elapsed              
Size   Size    Size     Time     Throughput  
bytes  bytes   bytes    secs.    10^6bits/sec  

 87380  16384  16384    60.66       5.91   
