TCP STREAM TEST from 0.0.0.0 (0.0.0.0) port 0 AF_INET to 10.0.0.67 (10.0.0.67) port 0 AF_INET : demo
Interim result:    6.00 10^6bits/s over 1.09 seconds
Interim result:    4.64 10^6bits/s over 1.30 seconds
Interim result:    6.04 10^6bits/s over 1.02 seconds
Interim result:    6.49 10^6bits/s over 1.01 seconds
Interim result:    6.23 10^6bits/s over 1.03 seconds
Interim result:    6.51 10^6bits/s over 1.01 seconds
Interim result:    6.16 10^6bits/s over 1.04 seconds
Interim result:    6.03 10^6bits/s over 1.04 seconds
Interim result:    6.28 10^6bits/s over 1.06 seconds
Interim result:    7.40 10^6bits/s over 1.05 seconds
Interim result:    6.23 10^6bits/s over 1.18 seconds
Interim result:    5.08 10^6bits/s over 1.81 seconds
Interim result:    8.22 10^6bits/s over 1.29 seconds
Interim result:    5.92 10^6bits/s over 1.39 seconds
Interim result:    4.74 10^6bits/s over 1.24 seconds
Interim result:    5.19 10^6bits/s over 1.19 seconds
Interim result:    6.83 10^6bits/s over 1.09 seconds
Interim result:    6.31 10^6bits/s over 1.08 seconds
Interim result:    5.58 10^6bits/s over 1.13 seconds
Interim result:    6.51 10^6bits/s over 1.07 seconds
Interim result:    6.12 10^6bits/s over 1.07 seconds
Interim result:    5.18 10^6bits/s over 1.19 seconds
Interim result:    4.67 10^6bits/s over 1.09 seconds
Interim result:    6.59 10^6bits/s over 1.33 seconds
Interim result:    5.66 10^6bits/s over 1.16 seconds
Interim result:    3.70 10^6bits/s over 1.56 seconds
Interim result:    6.66 10^6bits/s over 2.07 seconds
Interim result:    5.91 10^6bits/s over 1.13 seconds
Interim result:    5.76 10^6bits/s over 1.32 seconds
Interim result:    6.24 10^6bits/s over 1.11 seconds
Interim result:    7.66 10^6bits/s over 1.04 seconds
Interim result:    5.85 10^6bits/s over 1.32 seconds
Interim result:    6.12 10^6bits/s over 1.11 seconds
Interim result:    5.54 10^6bits/s over 1.11 seconds
Interim result:    5.31 10^6bits/s over 1.04 seconds
Interim result:    6.34 10^6bits/s over 1.05 seconds
Interim result:    5.52 10^6bits/s over 1.14 seconds
Interim result:    6.82 10^6bits/s over 1.04 seconds
Interim result:    6.18 10^6bits/s over 1.10 seconds
Interim result:    5.79 10^6bits/s over 1.06 seconds
Interim result:    5.95 10^6bits/s over 1.17 seconds
Interim result:    4.86 10^6bits/s over 1.21 seconds
Interim result:    4.85 10^6bits/s over 1.03 seconds
Interim result:    4.43 10^6bits/s over 1.09 seconds
Interim result:    4.76 10^6bits/s over 1.57 seconds
Interim result:    5.91 10^6bits/s over 1.11 seconds
Interim result:    6.73 10^6bits/s over 1.11 seconds
Interim result:    5.58 10^6bits/s over 1.20 seconds
Interim result:    5.14 10^6bits/s over 1.10 seconds
Interim result:    6.23 10^6bits/s over 1.18 seconds
Recv   Send    Send                          
Socket Socket  Message  Elapsed              
Size   Size    Size     Time     Throughput  
bytes  bytes   bytes    secs.    10^6bits/sec  

 87380  16384  16384    60.67       5.79   
