TCP STREAM TEST from 0.0.0.0 (0.0.0.0) port 0 AF_INET to 10.0.0.67 (10.0.0.67) port 0 AF_INET : demo
Interim result:    5.06 10^6bits/s over 1.06 seconds
Interim result:    5.20 10^6bits/s over 1.01 seconds
Interim result:    5.37 10^6bits/s over 1.05 seconds
Interim result:    4.62 10^6bits/s over 1.13 seconds
Interim result:    5.87 10^6bits/s over 1.03 seconds
Interim result:    6.33 10^6bits/s over 1.04 seconds
Interim result:    6.60 10^6bits/s over 1.01 seconds
Interim result:    5.17 10^6bits/s over 1.27 seconds
Interim result:    6.15 10^6bits/s over 1.02 seconds
Interim result:    6.10 10^6bits/s over 1.01 seconds
Interim result:    5.70 10^6bits/s over 1.08 seconds
Interim result:    6.17 10^6bits/s over 1.04 seconds
Interim result:    6.48 10^6bits/s over 1.03 seconds
Interim result:    6.24 10^6bits/s over 1.05 seconds
Interim result:    6.36 10^6bits/s over 1.05 seconds
Interim result:    6.22 10^6bits/s over 1.01 seconds
Interim result:    6.31 10^6bits/s over 1.02 seconds
Interim result:    6.62 10^6bits/s over 1.03 seconds
Interim result:    6.36 10^6bits/s over 1.11 seconds
Interim result:    5.41 10^6bits/s over 1.19 seconds
Interim result:    4.90 10^6bits/s over 1.10 seconds
Interim result:    6.19 10^6bits/s over 1.06 seconds
Interim result:    5.86 10^6bits/s over 1.10 seconds
Interim result:    5.73 10^6bits/s over 1.10 seconds
Interim result:    6.17 10^6bits/s over 1.06 seconds
Interim result:    5.59 10^6bits/s over 1.15 seconds
Interim result:    6.41 10^6bits/s over 1.00 seconds
Interim result:    6.05 10^6bits/s over 1.06 seconds
Interim result:    5.77 10^6bits/s over 1.09 seconds
Interim result:    6.35 10^6bits/s over 1.03 seconds
Interim result:    6.17 10^6bits/s over 1.02 seconds
Interim result:    5.72 10^6bits/s over 1.08 seconds
Interim result:    5.91 10^6bits/s over 1.11 seconds
Interim result:    6.14 10^6bits/s over 1.05 seconds
Interim result:    4.47 10^6bits/s over 1.47 seconds
Interim result:    6.53 10^6bits/s over 1.06 seconds
Interim result:    5.57 10^6bits/s over 1.18 seconds
Interim result:    5.72 10^6bits/s over 1.05 seconds
Interim result:    6.47 10^6bits/s over 1.13 seconds
Interim result:    6.07 10^6bits/s over 1.06 seconds
Interim result:    5.91 10^6bits/s over 1.11 seconds
Interim result:    6.84 10^6bits/s over 1.05 seconds
Interim result:    5.63 10^6bits/s over 1.21 seconds
Interim result:    7.23 10^6bits/s over 1.07 seconds
Interim result:    5.94 10^6bits/s over 1.21 seconds
Interim result:    5.44 10^6bits/s over 1.59 seconds
Interim result:    7.09 10^6bits/s over 1.26 seconds
Interim result:    4.92 10^6bits/s over 1.44 seconds
Interim result:    4.23 10^6bits/s over 1.18 seconds
Interim result:    6.45 10^6bits/s over 1.18 seconds
Interim result:    2.24 10^6bits/s over 2.87 seconds
Interim result:    6.43 10^6bits/s over 1.04 seconds
Recv   Send    Send                          
Socket Socket  Message  Elapsed              
Size   Size    Size     Time     Throughput  
bytes  bytes   bytes    secs.    10^6bits/sec  

 87380  16384  16384    60.66       5.63   
