TCP STREAM TEST from 0.0.0.0 (0.0.0.0) port 0 AF_INET to 10.0.0.67 (10.0.0.67) port 0 AF_INET : demo
Interim result:    6.38 10^6bits/s over 1.46 seconds
Interim result:    5.96 10^6bits/s over 1.08 seconds
Interim result:    6.05 10^6bits/s over 1.02 seconds
Interim result:    6.80 10^6bits/s over 1.00 seconds
Interim result:    6.24 10^6bits/s over 1.09 seconds
Interim result:    6.70 10^6bits/s over 1.04 seconds
Interim result:    6.44 10^6bits/s over 1.04 seconds
Interim result:    6.60 10^6bits/s over 1.19 seconds
Interim result:    5.50 10^6bits/s over 1.22 seconds
Interim result:    5.97 10^6bits/s over 1.23 seconds
Interim result:    5.96 10^6bits/s over 1.30 seconds
Interim result:    5.86 10^6bits/s over 1.01 seconds
Interim result:    6.83 10^6bits/s over 1.36 seconds
Interim result:    5.47 10^6bits/s over 1.29 seconds
Interim result:    6.50 10^6bits/s over 1.33 seconds
Interim result:    6.11 10^6bits/s over 1.27 seconds
Interim result:    6.35 10^6bits/s over 1.28 seconds
Interim result:    6.28 10^6bits/s over 1.00 seconds
Interim result:    4.36 10^6bits/s over 1.44 seconds
Interim result:    7.68 10^6bits/s over 1.18 seconds
Interim result:    5.46 10^6bits/s over 1.39 seconds
Interim result:    5.36 10^6bits/s over 1.03 seconds
Interim result:    5.60 10^6bits/s over 1.38 seconds
Interim result:    6.16 10^6bits/s over 1.43 seconds
Interim result:    5.27 10^6bits/s over 1.17 seconds
Interim result:    6.20 10^6bits/s over 1.16 seconds
Interim result:    5.30 10^6bits/s over 1.19 seconds
Interim result:    4.60 10^6bits/s over 1.14 seconds
Interim result:    4.57 10^6bits/s over 1.00 seconds
Interim result:    5.74 10^6bits/s over 1.23 seconds
Interim result:    4.61 10^6bits/s over 1.25 seconds
Interim result:    5.67 10^6bits/s over 1.20 seconds
Interim result:    5.57 10^6bits/s over 1.04 seconds
Interim result:    4.05 10^6bits/s over 1.36 seconds
Interim result:    6.03 10^6bits/s over 1.15 seconds
Interim result:    5.47 10^6bits/s over 1.29 seconds
Interim result:    7.01 10^6bits/s over 1.07 seconds
Interim result:    5.07 10^6bits/s over 1.37 seconds
Interim result:    4.64 10^6bits/s over 1.10 seconds
Interim result:    5.89 10^6bits/s over 1.11 seconds
Interim result:    5.78 10^6bits/s over 1.02 seconds
Interim result:    5.63 10^6bits/s over 1.02 seconds
Interim result:    5.33 10^6bits/s over 1.06 seconds
Interim result:    6.53 10^6bits/s over 1.29 seconds
Interim result:    5.84 10^6bits/s over 1.32 seconds
Interim result:    6.05 10^6bits/s over 1.36 seconds
Interim result:    5.84 10^6bits/s over 1.03 seconds
Interim result:    5.89 10^6bits/s over 1.29 seconds
Interim result:    5.69 10^6bits/s over 1.04 seconds
Interim result:    6.24 10^6bits/s over 1.37 seconds
Recv   Send    Send                          
Socket Socket  Message  Elapsed              
Size   Size    Size     Time     Throughput  
bytes  bytes   bytes    secs.    10^6bits/sec  

 87380  16384  16384    60.99       5.75   
