TCP STREAM TEST from 0.0.0.0 (0.0.0.0) port 0 AF_INET to 10.0.0.67 (10.0.0.67) port 0 AF_INET : demo
Interim result:    6.37 10^6bits/s over 1.24 seconds
Interim result:    6.14 10^6bits/s over 1.03 seconds
Interim result:    5.87 10^6bits/s over 1.07 seconds
Interim result:    6.55 10^6bits/s over 1.06 seconds
Interim result:    6.25 10^6bits/s over 1.05 seconds
Interim result:    4.52 10^6bits/s over 1.36 seconds
Interim result:    7.12 10^6bits/s over 1.03 seconds
Interim result:    5.89 10^6bits/s over 1.20 seconds
Interim result:    4.82 10^6bits/s over 1.22 seconds
Interim result:    4.47 10^6bits/s over 1.08 seconds
Interim result:    6.44 10^6bits/s over 1.04 seconds
Interim result:    4.71 10^6bits/s over 1.39 seconds
Interim result:    6.34 10^6bits/s over 1.34 seconds
Interim result:    5.94 10^6bits/s over 1.04 seconds
Interim result:    6.74 10^6bits/s over 1.36 seconds
Interim result:    5.46 10^6bits/s over 1.35 seconds
Interim result:    7.78 10^6bits/s over 1.03 seconds
Interim result:    5.63 10^6bits/s over 1.37 seconds
Interim result:    5.60 10^6bits/s over 1.01 seconds
Interim result:    3.85 10^6bits/s over 1.46 seconds
Interim result:    6.94 10^6bits/s over 1.74 seconds
Interim result:    6.49 10^6bits/s over 1.07 seconds
Interim result:    6.55 10^6bits/s over 1.00 seconds
Interim result:    4.23 10^6bits/s over 1.55 seconds
Interim result:    5.99 10^6bits/s over 1.03 seconds
Interim result:    6.19 10^6bits/s over 1.38 seconds
Interim result:    6.07 10^6bits/s over 1.34 seconds
Interim result:    6.14 10^6bits/s over 1.32 seconds
Interim result:    6.19 10^6bits/s over 1.33 seconds
Interim result:    6.12 10^6bits/s over 1.33 seconds
Interim result:    6.10 10^6bits/s over 1.35 seconds
Interim result:    4.61 10^6bits/s over 1.19 seconds
Interim result:    6.62 10^6bits/s over 1.05 seconds
Interim result:    6.21 10^6bits/s over 1.06 seconds
Interim result:    5.94 10^6bits/s over 1.04 seconds
Interim result:    5.59 10^6bits/s over 1.31 seconds
Interim result:    3.51 10^6bits/s over 1.94 seconds
Interim result:    6.88 10^6bits/s over 1.28 seconds
Interim result:    6.44 10^6bits/s over 1.06 seconds
Interim result:    6.28 10^6bits/s over 1.02 seconds
Interim result:    5.65 10^6bits/s over 1.11 seconds
Interim result:    5.17 10^6bits/s over 1.09 seconds
Interim result:    4.45 10^6bits/s over 1.18 seconds
Interim result:    4.82 10^6bits/s over 1.22 seconds
Interim result:    6.98 10^6bits/s over 1.05 seconds
Interim result:    6.58 10^6bits/s over 1.06 seconds
Interim result:    4.24 10^6bits/s over 1.58 seconds
Interim result:    6.13 10^6bits/s over 1.03 seconds
Interim result:    4.92 10^6bits/s over 1.25 seconds
Recv   Send    Send                          
Socket Socket  Message  Elapsed              
Size   Size    Size     Time     Throughput  
bytes  bytes   bytes    secs.    10^6bits/sec  

 87380  16384  16384    60.64       5.67   
