TCP STREAM TEST from 0.0.0.0 (0.0.0.0) port 0 AF_INET to 10.0.0.67 (10.0.0.67) port 0 AF_INET : demo
Interim result:    5.78 10^6bits/s over 1.45 seconds
Interim result:    6.10 10^6bits/s over 1.01 seconds
Interim result:    6.21 10^6bits/s over 1.03 seconds
Interim result:    6.04 10^6bits/s over 1.02 seconds
Interim result:    6.18 10^6bits/s over 1.02 seconds
Interim result:    6.18 10^6bits/s over 1.04 seconds
Interim result:    5.99 10^6bits/s over 1.07 seconds
Interim result:    4.78 10^6bits/s over 1.23 seconds
Interim result:    4.81 10^6bits/s over 1.04 seconds
Interim result:    5.70 10^6bits/s over 1.13 seconds
Interim result:    6.08 10^6bits/s over 1.01 seconds
Interim result:    4.68 10^6bits/s over 1.29 seconds
Interim result:    5.45 10^6bits/s over 1.16 seconds
Interim result:    6.42 10^6bits/s over 1.06 seconds
Interim result:    4.33 10^6bits/s over 1.48 seconds
Interim result:    5.20 10^6bits/s over 1.18 seconds
Interim result:    6.21 10^6bits/s over 1.06 seconds
Interim result:    6.05 10^6bits/s over 1.06 seconds
Interim result:    5.96 10^6bits/s over 1.01 seconds
Interim result:    6.06 10^6bits/s over 1.08 seconds
Interim result:    5.60 10^6bits/s over 1.08 seconds
Interim result:    5.77 10^6bits/s over 1.02 seconds
Interim result:    6.14 10^6bits/s over 1.00 seconds
Interim result:    6.33 10^6bits/s over 1.10 seconds
Interim result:    7.23 10^6bits/s over 1.11 seconds
Interim result:    6.75 10^6bits/s over 1.15 seconds
Interim result:    6.43 10^6bits/s over 1.41 seconds
Interim result:    6.74 10^6bits/s over 1.15 seconds
Interim result:    5.35 10^6bits/s over 1.25 seconds
Interim result:    5.21 10^6bits/s over 1.03 seconds
Interim result:    5.90 10^6bits/s over 1.20 seconds
Interim result:    6.59 10^6bits/s over 1.23 seconds
Interim result:    5.59 10^6bits/s over 1.27 seconds
Interim result:    7.48 10^6bits/s over 1.23 seconds
Interim result:    6.09 10^6bits/s over 1.23 seconds
Interim result:    4.93 10^6bits/s over 1.25 seconds
Interim result:    6.47 10^6bits/s over 1.24 seconds
Interim result:    4.46 10^6bits/s over 1.47 seconds
Interim result:    7.14 10^6bits/s over 1.87 seconds
Interim result:    5.52 10^6bits/s over 1.31 seconds
Interim result:    4.69 10^6bits/s over 1.76 seconds
Interim result:    4.61 10^6bits/s over 1.02 seconds
Interim result:    5.56 10^6bits/s over 1.37 seconds
Interim result:    5.62 10^6bits/s over 1.33 seconds
Interim result:    6.52 10^6bits/s over 1.25 seconds
Interim result:    4.73 10^6bits/s over 1.50 seconds
Interim result:    6.40 10^6bits/s over 1.23 seconds
Interim result:    6.04 10^6bits/s over 1.22 seconds
Interim result:    4.89 10^6bits/s over 1.55 seconds
Recv   Send    Send                          
Socket Socket  Message  Elapsed              
Size   Size    Size     Time     Throughput  
bytes  bytes   bytes    secs.    10^6bits/sec  

 87380  16384  16384    60.99       5.71   
