TCP REQUEST/RESPONSE TEST from 0.0.0.0 (0.0.0.0) port 0 AF_INET to 10.0.0.67 (10.0.0.67) port 0 AF_INET : demo
Interim result: 891.89 Trans/s over 1.12 seconds
Interim result: 896.26 Trans/s over 1.00 seconds
Interim result: 923.32 Trans/s over 1.00 seconds
Interim result: 942.13 Trans/s over 1.00 seconds
Interim result: 916.49 Trans/s over 1.03 seconds
Interim result: 913.39 Trans/s over 1.00 seconds
Interim result: 911.32 Trans/s over 1.00 seconds
Interim result: 955.31 Trans/s over 1.00 seconds
Interim result: 904.15 Trans/s over 1.06 seconds
Interim result: 905.27 Trans/s over 1.00 seconds
Interim result: 940.19 Trans/s over 1.00 seconds
Interim result: 925.05 Trans/s over 1.02 seconds
Interim result: 952.99 Trans/s over 1.00 seconds
Interim result: 911.40 Trans/s over 1.04 seconds
Interim result: 919.16 Trans/s over 1.00 seconds
Interim result: 910.41 Trans/s over 1.01 seconds
Interim result: 908.65 Trans/s over 1.00 seconds
Interim result: 958.78 Trans/s over 1.00 seconds
Interim result: 942.78 Trans/s over 1.02 seconds
Interim result: 764.60 Trans/s over 1.23 seconds
Interim result: 55.70 Trans/s over 13.73 seconds
Interim result: 891.63 Trans/s over 1.00 seconds
Interim result: 941.10 Trans/s over 1.01 seconds
Interim result: 917.59 Trans/s over 1.03 seconds
Interim result: 881.65 Trans/s over 1.04 seconds
Interim result: 907.50 Trans/s over 1.00 seconds
Interim result: 901.71 Trans/s over 1.01 seconds
Interim result: 931.30 Trans/s over 1.01 seconds
Interim result: 919.46 Trans/s over 1.01 seconds
Interim result: 907.38 Trans/s over 1.01 seconds
Interim result: 759.73 Trans/s over 1.19 seconds
Interim result: 890.36 Trans/s over 1.00 seconds
Interim result: 930.12 Trans/s over 1.03 seconds
Interim result: 937.36 Trans/s over 1.00 seconds
Interim result: 894.66 Trans/s over 1.05 seconds
Interim result: 914.33 Trans/s over 1.00 seconds
Interim result: 832.61 Trans/s over 1.10 seconds
Interim result: 928.44 Trans/s over 1.02 seconds
Interim result: 939.47 Trans/s over 1.00 seconds
Interim result: 883.99 Trans/s over 1.06 seconds
Interim result: 910.75 Trans/s over 1.00 seconds
Interim result: 909.96 Trans/s over 1.00 seconds
Interim result: 915.85 Trans/s over 1.00 seconds
Interim result: 930.81 Trans/s over 1.00 seconds
Interim result: 895.17 Trans/s over 1.04 seconds
Interim result: 925.30 Trans/s over 1.00 seconds
Local /Remote
Socket Size   Request  Resp.   Elapsed  Trans.
Send   Recv   Size     Size    Time     Rate         
bytes  Bytes  bytes    bytes   secs.    per sec   

16384  87380  1        1       60.00     712.28   
16384  87380 
